[8.920s] Invoking command in '/home/andrewkc/Projects/dl-project/r2_ws/src/obstacle_avoidance': CONDA_PROMPT_MODIFIER=(base) PYTHONPATH=/home/andrewkc/Projects/dl-project/r2_ws/build/obstacle_avoidance/prefix_override:/usr/lib/python3/dist-packages/colcon_core/task/python/colcon_distutils_commands:/home/andrewkc/Projects/dl-project/r2_ws/install/obstacle_avoidance/lib/python3.10/site-packages:${PYTHONPATH} /usr/bin/python3 -W ignore:setup.py install is deprecated -W ignore:easy_install command is deprecated setup.py egg_info --egg-base ../../build/obstacle_avoidance build --build-base /home/andrewkc/Projects/dl-project/r2_ws/build/obstacle_avoidance/build install --record /home/andrewkc/Projects/dl-project/r2_ws/build/obstacle_avoidance/install.log --single-version-externally-managed install_data
[9.271s] running egg_info
[9.294s] writing ../../build/obstacle_avoidance/obstacle_avoidance.egg-info/PKG-INFO
[9.294s] writing dependency_links to ../../build/obstacle_avoidance/obstacle_avoidance.egg-info/dependency_links.txt
[9.295s] writing entry points to ../../build/obstacle_avoidance/obstacle_avoidance.egg-info/entry_points.txt
[9.295s] writing requirements to ../../build/obstacle_avoidance/obstacle_avoidance.egg-info/requires.txt
[9.296s] writing top-level names to ../../build/obstacle_avoidance/obstacle_avoidance.egg-info/top_level.txt
[9.342s] reading manifest file '../../build/obstacle_avoidance/obstacle_avoidance.egg-info/SOURCES.txt'
[9.356s] writing manifest file '../../build/obstacle_avoidance/obstacle_avoidance.egg-info/SOURCES.txt'
[9.356s] running build
[9.356s] running build_py
[9.356s] copying obstacle_avoidance/obstacle_avoidance.py -> /home/andrewkc/Projects/dl-project/r2_ws/build/obstacle_avoidance/build/lib/obstacle_avoidance
[9.357s] copying obstacle_avoidance/obstacle_avoidance copy.py -> /home/andrewkc/Projects/dl-project/r2_ws/build/obstacle_avoidance/build/lib/obstacle_avoidance
[9.357s] copying obstacle_avoidance/__init__.py -> /home/andrewkc/Projects/dl-project/r2_ws/build/obstacle_avoidance/build/lib/obstacle_avoidance
[9.357s] running install
[9.364s] running install_lib
[9.387s] copying /home/andrewkc/Projects/dl-project/r2_ws/build/obstacle_avoidance/build/lib/obstacle_avoidance/obstacle_avoidance.py -> /home/andrewkc/Projects/dl-project/r2_ws/install/obstacle_avoidance/lib/python3.10/site-packages/obstacle_avoidance
[9.388s] byte-compiling /home/andrewkc/Projects/dl-project/r2_ws/install/obstacle_avoidance/lib/python3.10/site-packages/obstacle_avoidance/obstacle_avoidance.py to obstacle_avoidance.cpython-310.pyc
[9.388s] running install_data
[9.389s] copying resource/obstacle_avoidance -> /home/andrewkc/Projects/dl-project/r2_ws/install/obstacle_avoidance/share/ament_index/resource_index/packages
[9.389s] copying package.xml -> /home/andrewkc/Projects/dl-project/r2_ws/install/obstacle_avoidance/share/obstacle_avoidance
[9.389s] running install_egg_info
[9.413s] removing '/home/andrewkc/Projects/dl-project/r2_ws/install/obstacle_avoidance/lib/python3.10/site-packages/obstacle_avoidance-0.0.0-py3.10.egg-info' (and everything under it)
[9.414s] Copying ../../build/obstacle_avoidance/obstacle_avoidance.egg-info to /home/andrewkc/Projects/dl-project/r2_ws/install/obstacle_avoidance/lib/python3.10/site-packages/obstacle_avoidance-0.0.0-py3.10.egg-info
[9.448s] running install_scripts
[9.646s] Installing obstacle_avoidance script to /home/andrewkc/Projects/dl-project/r2_ws/install/obstacle_avoidance/lib/obstacle_avoidance
[9.646s] writing list of installed files to '/home/andrewkc/Projects/dl-project/r2_ws/build/obstacle_avoidance/install.log'
[9.688s] Invoked command in '/home/andrewkc/Projects/dl-project/r2_ws/src/obstacle_avoidance' returned '0': CONDA_PROMPT_MODIFIER=(base) PYTHONPATH=/home/andrewkc/Projects/dl-project/r2_ws/build/obstacle_avoidance/prefix_override:/usr/lib/python3/dist-packages/colcon_core/task/python/colcon_distutils_commands:/home/andrewkc/Projects/dl-project/r2_ws/install/obstacle_avoidance/lib/python3.10/site-packages:${PYTHONPATH} /usr/bin/python3 -W ignore:setup.py install is deprecated -W ignore:easy_install command is deprecated setup.py egg_info --egg-base ../../build/obstacle_avoidance build --build-base /home/andrewkc/Projects/dl-project/r2_ws/build/obstacle_avoidance/build install --record /home/andrewkc/Projects/dl-project/r2_ws/build/obstacle_avoidance/install.log --single-version-externally-managed install_data
