-- The C compiler identification is GNU 11.4.0
-- The CXX compiler identification is GNU 11.4.0
-- Detecting C compiler ABI info
-- Detecting C compiler ABI info - done
-- Check for working C compiler: /usr/bin/cc - skipped
-- Detecting C compile features
-- Detecting C compile features - done
-- Detecting CXX compiler ABI info
-- Detecting CXX compiler ABI info - done
-- Check for working CXX compiler: /usr/bin/c++ - skipped
-- Detecting CXX compile features
-- Detecting CXX compile features - done
-- Found ament_cmake: 1.3.10 (/opt/ros/humble/share/ament_cmake/cmake)
-- Found Python3: /home/andrewkc/miniconda3/bin/python3 (found version "3.12.5") found components: Interpreter 
[33mCMake Warning (dev) at /usr/share/cmake-3.22/Modules/FindPackageHandleStandardArgs.cmake:438 (message):
  The package name passed to `find_package_handle_standard_args` (PkgConfig)
  does not match the name of the calling package (gazebo).  This can lead to
  problems in calling code that expects `find_package` result variables
  (e.g., `_FOUND`) to follow a certain pattern.
Call Stack (most recent call first):
  /usr/share/cmake-3.22/Modules/FindPkgConfig.cmake:99 (find_package_handle_standard_args)
  /usr/lib/x86_64-linux-gnu/cmake/gazebo/gazebo-config.cmake:72 (include)
  CMakeLists.txt:5 (find_package)
This warning is for project developers.  Use -Wno-dev to suppress it.
[0m
-- Found PkgConfig: /usr/bin/pkg-config (found version "0.29.2") 
-- Checking for module 'bullet>=2.82'
--   Found bullet, version 3.05
-- Found fcl: /usr/include (found suitable version "0.7.0", minimum required is "0.5.0") 
-- Found assimp: /usr/include (found version "5.2.0") 
-- Found DART: /usr/include (Required is at least version "6.6") found components: dart 
-- Found Boost: /usr/lib/x86_64-linux-gnu/cmake/Boost-1.74.0/BoostConfig.cmake (found suitable version "1.74.0", minimum required is "1.40.0") found components: thread system filesystem program_options regex iostreams date_time 
-- Found Protobuf: /usr/lib/x86_64-linux-gnu/libprotobuf.so (found version "3.12.4") 
-- Looking for ignition-math6 -- found version 6.15.1
-- Searching for dependencies of ignition-math6
-- Looking for OGRE...
-- OGRE_PREFIX_WATCH changed.
-- Checking for module 'OGRE'
--   Found OGRE, version 1.9.0
-- Found Ogre Ghadamon (1.9.0)
-- Found OGRE: optimized;/usr/lib/x86_64-linux-gnu/libOgreMain.so;debug;/usr/lib/x86_64-linux-gnu/libOgreMain.so
-- Looking for OGRE_Paging...
-- Found OGRE_Paging: optimized;/usr/lib/x86_64-linux-gnu/libOgrePaging.so;debug;/usr/lib/x86_64-linux-gnu/libOgrePaging.so
-- Looking for OGRE_Terrain...
-- Found OGRE_Terrain: optimized;/usr/lib/x86_64-linux-gnu/libOgreTerrain.so;debug;/usr/lib/x86_64-linux-gnu/libOgreTerrain.so
-- Looking for OGRE_Property...
-- Found OGRE_Property: optimized;/usr/lib/x86_64-linux-gnu/libOgreProperty.so;debug;/usr/lib/x86_64-linux-gnu/libOgreProperty.so
-- Looking for OGRE_RTShaderSystem...
-- Found OGRE_RTShaderSystem: optimized;/usr/lib/x86_64-linux-gnu/libOgreRTShaderSystem.so;debug;/usr/lib/x86_64-linux-gnu/libOgreRTShaderSystem.so
-- Looking for OGRE_Volume...
-- Found OGRE_Volume: optimized;/usr/lib/x86_64-linux-gnu/libOgreVolume.so;debug;/usr/lib/x86_64-linux-gnu/libOgreVolume.so
-- Looking for OGRE_Overlay...
-- Found OGRE_Overlay: optimized;/usr/lib/x86_64-linux-gnu/libOgreOverlay.so;debug;/usr/lib/x86_64-linux-gnu/libOgreOverlay.so
-- Looking for ignition-math6 -- found version 6.15.1
-- Looking for ignition-transport8 -- found version 8.2.1
-- Searching for dependencies of ignition-transport8
-- Found Protobuf: /usr/lib/x86_64-linux-gnu/libprotobuf.so (found suitable version "3.12.4", minimum required is "3") 
-- Checking for module 'uuid'
--   Found uuid, version 2.37.2
-- Found UUID: TRUE  
-- Looking for ignition-msgs5 -- found version 5.8.1
-- Searching for dependencies of ignition-msgs5
-- Looking for ignition-math6 -- found version 6.15.1
-- Checking for module 'tinyxml2'
--   Found tinyxml2, version 9.0.0
-- Looking for ignition-msgs5 -- found version 5.8.1
-- Looking for ignition-common3 -- found version 3.14.0
-- Searching for dependencies of ignition-common3
-- Looking for dlfcn.h - found
-- Looking for libdl - found
-- Found DL: TRUE  
-- Found tinyobjloader: /usr/lib/x86_64-linux-gnu/cmake/tinyobjloader/tinyobjloader-config.cmake (found version "2.0.0") 
-- Searching for <ignition-common3> component [graphics]
-- Looking for ignition-common3-graphics -- found version 3.14.0
-- Searching for dependencies of ignition-common3-graphics
-- Looking for ignition-math6 -- found version 6.15.1
-- Looking for ignition-fuel_tools4 -- found version 4.4.0
-- Searching for dependencies of ignition-fuel_tools4
-- Found CURL: /usr/lib/x86_64-linux-gnu/libcurl.so (found version "7.81.0")  
-- Checking for module 'jsoncpp'
--   Found jsoncpp, version 1.9.5
-- Found JSONCPP: TRUE  
-- Checking for module 'libzip'
--   Found libzip, version 1.7.3
-- Found ZIP: TRUE  
-- Looking for ignition-common3 -- found version 3.14.0
-- Looking for ignition-math6 -- found version 6.15.1
-- Looking for ignition-msgs5 -- found version 5.8.1
-- Found gazebo_ros_pkgs: 3.7.0 (/opt/ros/humble/share/gazebo_ros_pkgs/cmake)
-- Configuring done
-- Generating done
-- Build files have been written to: /home/andrewkc/Projects/dl-project/DRL_robot_navigation_ros2/build/velodyne_description
-- Install configuration: ""
-- Installing: /home/andrewkc/Projects/dl-project/DRL_robot_navigation_ros2/install/velodyne_description/share/ament_index/resource_index/package_run_dependencies/velodyne_description
-- Installing: /home/andrewkc/Projects/dl-project/DRL_robot_navigation_ros2/install/velodyne_description/share/ament_index/resource_index/parent_prefix_path/velodyne_description
-- Installing: /home/andrewkc/Projects/dl-project/DRL_robot_navigation_ros2/install/velodyne_description/share/velodyne_description/environment/ament_prefix_path.sh
-- Installing: /home/andrewkc/Projects/dl-project/DRL_robot_navigation_ros2/install/velodyne_description/share/velodyne_description/environment/ament_prefix_path.dsv
-- Installing: /home/andrewkc/Projects/dl-project/DRL_robot_navigation_ros2/install/velodyne_description/share/velodyne_description/environment/path.sh
-- Installing: /home/andrewkc/Projects/dl-project/DRL_robot_navigation_ros2/install/velodyne_description/share/velodyne_description/environment/path.dsv
-- Installing: /home/andrewkc/Projects/dl-project/DRL_robot_navigation_ros2/install/velodyne_description/share/velodyne_description/local_setup.bash
-- Installing: /home/andrewkc/Projects/dl-project/DRL_robot_navigation_ros2/install/velodyne_description/share/velodyne_description/local_setup.sh
-- Installing: /home/andrewkc/Projects/dl-project/DRL_robot_navigation_ros2/install/velodyne_description/share/velodyne_description/local_setup.zsh
-- Installing: /home/andrewkc/Projects/dl-project/DRL_robot_navigation_ros2/install/velodyne_description/share/velodyne_description/local_setup.dsv
-- Installing: /home/andrewkc/Projects/dl-project/DRL_robot_navigation_ros2/install/velodyne_description/share/velodyne_description/package.dsv
-- Installing: /home/andrewkc/Projects/dl-project/DRL_robot_navigation_ros2/install/velodyne_description/share/ament_index/resource_index/packages/velodyne_description
-- Installing: /home/andrewkc/Projects/dl-project/DRL_robot_navigation_ros2/install/velodyne_description/share/velodyne_description/cmake/ament_cmake_export_dependencies-extras.cmake
-- Installing: /home/andrewkc/Projects/dl-project/DRL_robot_navigation_ros2/install/velodyne_description/share/velodyne_description/cmake/velodyne_descriptionConfig.cmake
-- Installing: /home/andrewkc/Projects/dl-project/DRL_robot_navigation_ros2/install/velodyne_description/share/velodyne_description/cmake/velodyne_descriptionConfig-version.cmake
-- Installing: /home/andrewkc/Projects/dl-project/DRL_robot_navigation_ros2/install/velodyne_description/share/velodyne_description/package.xml
-- Installing: /home/andrewkc/Projects/dl-project/DRL_robot_navigation_ros2/install/velodyne_description/share/velodyne_description/launch
-- Installing: /home/andrewkc/Projects/dl-project/DRL_robot_navigation_ros2/install/velodyne_description/share/velodyne_description/launch/example-launch.py
-- Installing: /home/andrewkc/Projects/dl-project/DRL_robot_navigation_ros2/install/velodyne_description/share/velodyne_description/meshes
-- Installing: /home/andrewkc/Projects/dl-project/DRL_robot_navigation_ros2/install/velodyne_description/share/velodyne_description/meshes/VLP16_scan.dae
-- Installing: /home/andrewkc/Projects/dl-project/DRL_robot_navigation_ros2/install/velodyne_description/share/velodyne_description/meshes/VLP16_scan.stl
-- Installing: /home/andrewkc/Projects/dl-project/DRL_robot_navigation_ros2/install/velodyne_description/share/velodyne_description/meshes/HDL32E_scan.dae
-- Installing: /home/andrewkc/Projects/dl-project/DRL_robot_navigation_ros2/install/velodyne_description/share/velodyne_description/meshes/HDL32E_scan.stl
-- Installing: /home/andrewkc/Projects/dl-project/DRL_robot_navigation_ros2/install/velodyne_description/share/velodyne_description/meshes/VLP16_base_1.stl
-- Installing: /home/andrewkc/Projects/dl-project/DRL_robot_navigation_ros2/install/velodyne_description/share/velodyne_description/meshes/VLP16_base_2.dae
-- Installing: /home/andrewkc/Projects/dl-project/DRL_robot_navigation_ros2/install/velodyne_description/share/velodyne_description/meshes/VLP16_base_1.dae
-- Installing: /home/andrewkc/Projects/dl-project/DRL_robot_navigation_ros2/install/velodyne_description/share/velodyne_description/meshes/HDL32E_base.stl
-- Installing: /home/andrewkc/Projects/dl-project/DRL_robot_navigation_ros2/install/velodyne_description/share/velodyne_description/meshes/HDL32E_base.dae
-- Installing: /home/andrewkc/Projects/dl-project/DRL_robot_navigation_ros2/install/velodyne_description/share/velodyne_description/meshes/VLP16_base_2.stl
-- Installing: /home/andrewkc/Projects/dl-project/DRL_robot_navigation_ros2/install/velodyne_description/share/velodyne_description/rviz
-- Installing: /home/andrewkc/Projects/dl-project/DRL_robot_navigation_ros2/install/velodyne_description/share/velodyne_description/rviz/example.rviz
-- Installing: /home/andrewkc/Projects/dl-project/DRL_robot_navigation_ros2/install/velodyne_description/share/velodyne_description/urdf
-- Installing: /home/andrewkc/Projects/dl-project/DRL_robot_navigation_ros2/install/velodyne_description/share/velodyne_description/urdf/VLP-32C.urdf.xacro
-- Installing: /home/andrewkc/Projects/dl-project/DRL_robot_navigation_ros2/install/velodyne_description/share/velodyne_description/urdf/example.urdf.xacro
-- Installing: /home/andrewkc/Projects/dl-project/DRL_robot_navigation_ros2/install/velodyne_description/share/velodyne_description/urdf/VLP-16.urdf.xacro
-- Installing: /home/andrewkc/Projects/dl-project/DRL_robot_navigation_ros2/install/velodyne_description/share/velodyne_description/urdf/HDL-32E.urdf.xacro
-- Installing: /home/andrewkc/Projects/dl-project/DRL_robot_navigation_ros2/install/velodyne_description/share/velodyne_description/world
-- Installing: /home/andrewkc/Projects/dl-project/DRL_robot_navigation_ros2/install/velodyne_description/share/velodyne_description/world/lio_sam.model
-- Installing: /home/andrewkc/Projects/dl-project/DRL_robot_navigation_ros2/install/velodyne_description/share/velodyne_description/world/example.world
-- Installing: /home/andrewkc/Projects/dl-project/DRL_robot_navigation_ros2/install/velodyne_description/share/velodyne_description/models
-- Installing: /home/andrewkc/Projects/dl-project/DRL_robot_navigation_ros2/install/velodyne_description/share/velodyne_description/models/rs_robot
-- Installing: /home/andrewkc/Projects/dl-project/DRL_robot_navigation_ros2/install/velodyne_description/share/velodyne_description/models/rs_robot/rs_robot.sdf
-- Installing: /home/andrewkc/Projects/dl-project/DRL_robot_navigation_ros2/install/velodyne_description/share/velodyne_description/models/rs_robot/meshes
-- Installing: /home/andrewkc/Projects/dl-project/DRL_robot_navigation_ros2/install/velodyne_description/share/velodyne_description/models/rs_robot/meshes/STL
-- Installing: /home/andrewkc/Projects/dl-project/DRL_robot_navigation_ros2/install/velodyne_description/share/velodyne_description/models/rs_robot/meshes/STL/lidar_base
-- Installing: /home/andrewkc/Projects/dl-project/DRL_robot_navigation_ros2/install/velodyne_description/share/velodyne_description/models/rs_robot/meshes/STL/lidar_base/YDlidar_base.stl
-- Installing: /home/andrewkc/Projects/dl-project/DRL_robot_navigation_ros2/install/velodyne_description/share/velodyne_description/models/rs_robot/meshes/STL/suspension
-- Installing: /home/andrewkc/Projects/dl-project/DRL_robot_navigation_ros2/install/velodyne_description/share/velodyne_description/models/rs_robot/meshes/STL/suspension/REAR_LEFT_LINKSTL.stl
-- Installing: /home/andrewkc/Projects/dl-project/DRL_robot_navigation_ros2/install/velodyne_description/share/velodyne_description/models/rs_robot/meshes/STL/suspension/REAR_RIGHT_LINKSTL.stl
-- Installing: /home/andrewkc/Projects/dl-project/DRL_robot_navigation_ros2/install/velodyne_description/share/velodyne_description/models/rs_robot/meshes/STL/suspension/FRONT_RIGHT_LINKSTL.stl
-- Installing: /home/andrewkc/Projects/dl-project/DRL_robot_navigation_ros2/install/velodyne_description/share/velodyne_description/models/rs_robot/meshes/STL/suspension/sus_link.stl
-- Installing: /home/andrewkc/Projects/dl-project/DRL_robot_navigation_ros2/install/velodyne_description/share/velodyne_description/models/rs_robot/meshes/STL/suspension/FRONT_LEFT_LINKSTL.stl
-- Installing: /home/andrewkc/Projects/dl-project/DRL_robot_navigation_ros2/install/velodyne_description/share/velodyne_description/models/rs_robot/meshes/STL/base
-- Installing: /home/andrewkc/Projects/dl-project/DRL_robot_navigation_ros2/install/velodyne_description/share/velodyne_description/models/rs_robot/meshes/STL/base/base_link.stl
-- Installing: /home/andrewkc/Projects/dl-project/DRL_robot_navigation_ros2/install/velodyne_description/share/velodyne_description/models/rs_robot/meshes/STL/base/base_link_old.stl
-- Installing: /home/andrewkc/Projects/dl-project/DRL_robot_navigation_ros2/install/velodyne_description/share/velodyne_description/models/rs_robot/meshes/STL/lidar_head
-- Installing: /home/andrewkc/Projects/dl-project/DRL_robot_navigation_ros2/install/velodyne_description/share/velodyne_description/models/rs_robot/meshes/STL/lidar_head/YDlidar_head v4.stl
-- Installing: /home/andrewkc/Projects/dl-project/DRL_robot_navigation_ros2/install/velodyne_description/share/velodyne_description/models/rs_robot/meshes/STL/sensors
-- Installing: /home/andrewkc/Projects/dl-project/DRL_robot_navigation_ros2/install/velodyne_description/share/velodyne_description/models/rs_robot/meshes/STL/sensors/rear_lrf
-- Installing: /home/andrewkc/Projects/dl-project/DRL_robot_navigation_ros2/install/velodyne_description/share/velodyne_description/models/rs_robot/meshes/STL/sensors/rear_lrf/rear_lrf.stl
-- Installing: /home/andrewkc/Projects/dl-project/DRL_robot_navigation_ros2/install/velodyne_description/share/velodyne_description/models/rs_robot/meshes/STL/sensors/front_lrf
-- Installing: /home/andrewkc/Projects/dl-project/DRL_robot_navigation_ros2/install/velodyne_description/share/velodyne_description/models/rs_robot/meshes/STL/sensors/front_lrf/front_lrf.stl
-- Installing: /home/andrewkc/Projects/dl-project/DRL_robot_navigation_ros2/install/velodyne_description/share/velodyne_description/models/rs_robot/meshes/STL/sensors/gps
-- Installing: /home/andrewkc/Projects/dl-project/DRL_robot_navigation_ros2/install/velodyne_description/share/velodyne_description/models/rs_robot/meshes/STL/sensors/gps/gps.stl
-- Installing: /home/andrewkc/Projects/dl-project/DRL_robot_navigation_ros2/install/velodyne_description/share/velodyne_description/models/rs_robot/meshes/STL/sensors/camera
-- Installing: /home/andrewkc/Projects/dl-project/DRL_robot_navigation_ros2/install/velodyne_description/share/velodyne_description/models/rs_robot/meshes/STL/sensors/gim30
-- Installing: /home/andrewkc/Projects/dl-project/DRL_robot_navigation_ros2/install/velodyne_description/share/velodyne_description/models/rs_robot/meshes/STL/sensors/gim30/gim30.stl
-- Installing: /home/andrewkc/Projects/dl-project/DRL_robot_navigation_ros2/install/velodyne_description/share/velodyne_description/models/rs_robot/meshes/STL/wheel
-- Installing: /home/andrewkc/Projects/dl-project/DRL_robot_navigation_ros2/install/velodyne_description/share/velodyne_description/models/rs_robot/meshes/STL/wheel/robot_wheel.stl
-- Installing: /home/andrewkc/Projects/dl-project/DRL_robot_navigation_ros2/install/velodyne_description/share/velodyne_description/models/rs_robot/meshes/DAE
-- Installing: /home/andrewkc/Projects/dl-project/DRL_robot_navigation_ros2/install/velodyne_description/share/velodyne_description/models/rs_robot/meshes/DAE/lidar_base
-- Installing: /home/andrewkc/Projects/dl-project/DRL_robot_navigation_ros2/install/velodyne_description/share/velodyne_description/models/rs_robot/meshes/DAE/lidar_base/YDlidar_base.dae
-- Installing: /home/andrewkc/Projects/dl-project/DRL_robot_navigation_ros2/install/velodyne_description/share/velodyne_description/models/rs_robot/meshes/DAE/suspension
-- Installing: /home/andrewkc/Projects/dl-project/DRL_robot_navigation_ros2/install/velodyne_description/share/velodyne_description/models/rs_robot/meshes/DAE/suspension/front_left_link.dae
-- Installing: /home/andrewkc/Projects/dl-project/DRL_robot_navigation_ros2/install/velodyne_description/share/velodyne_description/models/rs_robot/meshes/DAE/suspension/rear_left_link.dae
-- Installing: /home/andrewkc/Projects/dl-project/DRL_robot_navigation_ros2/install/velodyne_description/share/velodyne_description/models/rs_robot/meshes/DAE/suspension/front_right_link.dae
-- Installing: /home/andrewkc/Projects/dl-project/DRL_robot_navigation_ros2/install/velodyne_description/share/velodyne_description/models/rs_robot/meshes/DAE/suspension/rear_right_link.dae
-- Installing: /home/andrewkc/Projects/dl-project/DRL_robot_navigation_ros2/install/velodyne_description/share/velodyne_description/models/rs_robot/meshes/DAE/base
-- Installing: /home/andrewkc/Projects/dl-project/DRL_robot_navigation_ros2/install/velodyne_description/share/velodyne_description/models/rs_robot/meshes/DAE/base/base_link.dae
-- Installing: /home/andrewkc/Projects/dl-project/DRL_robot_navigation_ros2/install/velodyne_description/share/velodyne_description/models/rs_robot/meshes/DAE/base/base_linkOLD.dae
-- Installing: /home/andrewkc/Projects/dl-project/DRL_robot_navigation_ros2/install/velodyne_description/share/velodyne_description/models/rs_robot/meshes/DAE/lidar_head
-- Installing: /home/andrewkc/Projects/dl-project/DRL_robot_navigation_ros2/install/velodyne_description/share/velodyne_description/models/rs_robot/meshes/DAE/lidar_head/YDlidar_head.dae
-- Installing: /home/andrewkc/Projects/dl-project/DRL_robot_navigation_ros2/install/velodyne_description/share/velodyne_description/models/rs_robot/meshes/DAE/sensors
-- Installing: /home/andrewkc/Projects/dl-project/DRL_robot_navigation_ros2/install/velodyne_description/share/velodyne_description/models/rs_robot/meshes/DAE/sensors/rear_lrf
-- Installing: /home/andrewkc/Projects/dl-project/DRL_robot_navigation_ros2/install/velodyne_description/share/velodyne_description/models/rs_robot/meshes/DAE/sensors/rear_lrf/rear_lrf.dae
-- Installing: /home/andrewkc/Projects/dl-project/DRL_robot_navigation_ros2/install/velodyne_description/share/velodyne_description/models/rs_robot/meshes/DAE/sensors/rear_lrf/urg_texture.png
-- Installing: /home/andrewkc/Projects/dl-project/DRL_robot_navigation_ros2/install/velodyne_description/share/velodyne_description/models/rs_robot/meshes/DAE/sensors/front_lrf
-- Installing: /home/andrewkc/Projects/dl-project/DRL_robot_navigation_ros2/install/velodyne_description/share/velodyne_description/models/rs_robot/meshes/DAE/sensors/front_lrf/lrf_texture.png
-- Installing: /home/andrewkc/Projects/dl-project/DRL_robot_navigation_ros2/install/velodyne_description/share/velodyne_description/models/rs_robot/meshes/DAE/sensors/front_lrf/front_lrf.dae
-- Installing: /home/andrewkc/Projects/dl-project/DRL_robot_navigation_ros2/install/velodyne_description/share/velodyne_description/models/rs_robot/meshes/DAE/sensors/gps
-- Installing: /home/andrewkc/Projects/dl-project/DRL_robot_navigation_ros2/install/velodyne_description/share/velodyne_description/models/rs_robot/meshes/DAE/sensors/gps/gps_texture.png
-- Installing: /home/andrewkc/Projects/dl-project/DRL_robot_navigation_ros2/install/velodyne_description/share/velodyne_description/models/rs_robot/meshes/DAE/sensors/gps/gps.dae
-- Installing: /home/andrewkc/Projects/dl-project/DRL_robot_navigation_ros2/install/velodyne_description/share/velodyne_description/models/rs_robot/meshes/DAE/sensors/camera
-- Installing: /home/andrewkc/Projects/dl-project/DRL_robot_navigation_ros2/install/velodyne_description/share/velodyne_description/models/rs_robot/meshes/DAE/sensors/camera/camera.dae
-- Installing: /home/andrewkc/Projects/dl-project/DRL_robot_navigation_ros2/install/velodyne_description/share/velodyne_description/models/rs_robot/meshes/DAE/sensors/gim30
-- Installing: /home/andrewkc/Projects/dl-project/DRL_robot_navigation_ros2/install/velodyne_description/share/velodyne_description/models/rs_robot/meshes/DAE/sensors/gim30/gim30_lrf_texture.png
-- Installing: /home/andrewkc/Projects/dl-project/DRL_robot_navigation_ros2/install/velodyne_description/share/velodyne_description/models/rs_robot/meshes/DAE/sensors/gim30/gim30.dae
-- Installing: /home/andrewkc/Projects/dl-project/DRL_robot_navigation_ros2/install/velodyne_description/share/velodyne_description/models/rs_robot/meshes/DAE/wheel
-- Installing: /home/andrewkc/Projects/dl-project/DRL_robot_navigation_ros2/install/velodyne_description/share/velodyne_description/models/rs_robot/meshes/DAE/wheel/wheel_link.dae
-- Installing: /home/andrewkc/Projects/dl-project/DRL_robot_navigation_ros2/install/velodyne_description/share/velodyne_description/models/rs_robot/model.config
