[0.023s] Invoking command in '/home/andrewkc/Projects/dl-project/DRL_robot_navigation_ros2/build/velodyne_simulator': AMENT_PREFIX_PATH=/home/andrewkc/Projects/dl-project/DRL_robot_navigation_ros2/install/velodyne_gazebo_plugins:/home/andrewkc/Projects/dl-project/DRL_robot_navigation_ros2/install/velodyne_description:${AMENT_PREFIX_PATH} CMAKE_PREFIX_PATH=/home/andrewkc/Projects/dl-project/DRL_robot_navigation_ros2/install/velodyne_gazebo_plugins:/home/andrewkc/Projects/dl-project/DRL_robot_navigation_ros2/install/velodyne_description:/opt/ros/humble CONDA_PROMPT_MODIFIER=(base) LD_LIBRARY_PATH=/home/andrewkc/Projects/dl-project/DRL_robot_navigation_ros2/install/velodyne_gazebo_plugins/lib:/usr/lib/x86_64-linux-gnu/gazebo-11/plugins:/opt/ros/humble/opt/rviz_ogre_vendor/lib:/opt/ros/humble/lib/x86_64-linux-gnu:/opt/ros/humble/lib:/usr/local/cuda/lib64 /usr/bin/cmake /home/andrewkc/Projects/dl-project/DRL_robot_navigation_ros2/src/velodyne_simulator/velodyne_simulator -DCMAKE_INSTALL_PREFIX=/home/andrewkc/Projects/dl-project/DRL_robot_navigation_ros2/install/velodyne_simulator
[0.842s] -- The C compiler identification is GNU 11.4.0
[0.974s] -- The CXX compiler identification is GNU 11.4.0
[0.994s] -- Detecting C compiler ABI info
[1.139s] -- Detecting C compiler ABI info - done
[1.158s] -- Check for working C compiler: /usr/bin/cc - skipped
[1.159s] -- Detecting C compile features
[1.160s] -- Detecting C compile features - done
[1.168s] -- Detecting CXX compiler ABI info
[1.316s] -- Detecting CXX compiler ABI info - done
[1.335s] -- Check for working CXX compiler: /usr/bin/c++ - skipped
[1.336s] -- Detecting CXX compile features
[1.337s] -- Detecting CXX compile features - done
[1.367s] -- Found ament_cmake: 1.3.10 (/opt/ros/humble/share/ament_cmake/cmake)
[2.355s] -- Found Python3: /home/andrewkc/miniconda3/bin/python3 (found version "3.12.5") found components: Interpreter 
[2.627s] -- Found ament_lint_auto: 0.12.11 (/opt/ros/humble/share/ament_lint_auto/cmake)
[2.904s] -- Configuring done
[2.912s] -- Generating done
[2.917s] -- Build files have been written to: /home/andrewkc/Projects/dl-project/DRL_robot_navigation_ros2/build/velodyne_simulator
[2.927s] Invoked command in '/home/andrewkc/Projects/dl-project/DRL_robot_navigation_ros2/build/velodyne_simulator' returned '0': AMENT_PREFIX_PATH=/home/andrewkc/Projects/dl-project/DRL_robot_navigation_ros2/install/velodyne_gazebo_plugins:/home/andrewkc/Projects/dl-project/DRL_robot_navigation_ros2/install/velodyne_description:${AMENT_PREFIX_PATH} CMAKE_PREFIX_PATH=/home/andrewkc/Projects/dl-project/DRL_robot_navigation_ros2/install/velodyne_gazebo_plugins:/home/andrewkc/Projects/dl-project/DRL_robot_navigation_ros2/install/velodyne_description:/opt/ros/humble CONDA_PROMPT_MODIFIER=(base) LD_LIBRARY_PATH=/home/andrewkc/Projects/dl-project/DRL_robot_navigation_ros2/install/velodyne_gazebo_plugins/lib:/usr/lib/x86_64-linux-gnu/gazebo-11/plugins:/opt/ros/humble/opt/rviz_ogre_vendor/lib:/opt/ros/humble/lib/x86_64-linux-gnu:/opt/ros/humble/lib:/usr/local/cuda/lib64 /usr/bin/cmake /home/andrewkc/Projects/dl-project/DRL_robot_navigation_ros2/src/velodyne_simulator/velodyne_simulator -DCMAKE_INSTALL_PREFIX=/home/andrewkc/Projects/dl-project/DRL_robot_navigation_ros2/install/velodyne_simulator
[2.929s] Invoking command in '/home/andrewkc/Projects/dl-project/DRL_robot_navigation_ros2/build/velodyne_simulator': AMENT_PREFIX_PATH=/home/andrewkc/Projects/dl-project/DRL_robot_navigation_ros2/install/velodyne_gazebo_plugins:/home/andrewkc/Projects/dl-project/DRL_robot_navigation_ros2/install/velodyne_description:${AMENT_PREFIX_PATH} CMAKE_PREFIX_PATH=/home/andrewkc/Projects/dl-project/DRL_robot_navigation_ros2/install/velodyne_gazebo_plugins:/home/andrewkc/Projects/dl-project/DRL_robot_navigation_ros2/install/velodyne_description:/opt/ros/humble CONDA_PROMPT_MODIFIER=(base) LD_LIBRARY_PATH=/home/andrewkc/Projects/dl-project/DRL_robot_navigation_ros2/install/velodyne_gazebo_plugins/lib:/usr/lib/x86_64-linux-gnu/gazebo-11/plugins:/opt/ros/humble/opt/rviz_ogre_vendor/lib:/opt/ros/humble/lib/x86_64-linux-gnu:/opt/ros/humble/lib:/usr/local/cuda/lib64 /usr/bin/cmake --build /home/andrewkc/Projects/dl-project/DRL_robot_navigation_ros2/build/velodyne_simulator -- -j12 -l12
[3.014s] Invoked command in '/home/andrewkc/Projects/dl-project/DRL_robot_navigation_ros2/build/velodyne_simulator' returned '0': AMENT_PREFIX_PATH=/home/andrewkc/Projects/dl-project/DRL_robot_navigation_ros2/install/velodyne_gazebo_plugins:/home/andrewkc/Projects/dl-project/DRL_robot_navigation_ros2/install/velodyne_description:${AMENT_PREFIX_PATH} CMAKE_PREFIX_PATH=/home/andrewkc/Projects/dl-project/DRL_robot_navigation_ros2/install/velodyne_gazebo_plugins:/home/andrewkc/Projects/dl-project/DRL_robot_navigation_ros2/install/velodyne_description:/opt/ros/humble CONDA_PROMPT_MODIFIER=(base) LD_LIBRARY_PATH=/home/andrewkc/Projects/dl-project/DRL_robot_navigation_ros2/install/velodyne_gazebo_plugins/lib:/usr/lib/x86_64-linux-gnu/gazebo-11/plugins:/opt/ros/humble/opt/rviz_ogre_vendor/lib:/opt/ros/humble/lib/x86_64-linux-gnu:/opt/ros/humble/lib:/usr/local/cuda/lib64 /usr/bin/cmake --build /home/andrewkc/Projects/dl-project/DRL_robot_navigation_ros2/build/velodyne_simulator -- -j12 -l12
[3.016s] Invoking command in '/home/andrewkc/Projects/dl-project/DRL_robot_navigation_ros2/build/velodyne_simulator': AMENT_PREFIX_PATH=/home/andrewkc/Projects/dl-project/DRL_robot_navigation_ros2/install/velodyne_gazebo_plugins:/home/andrewkc/Projects/dl-project/DRL_robot_navigation_ros2/install/velodyne_description:${AMENT_PREFIX_PATH} CMAKE_PREFIX_PATH=/home/andrewkc/Projects/dl-project/DRL_robot_navigation_ros2/install/velodyne_gazebo_plugins:/home/andrewkc/Projects/dl-project/DRL_robot_navigation_ros2/install/velodyne_description:/opt/ros/humble CONDA_PROMPT_MODIFIER=(base) LD_LIBRARY_PATH=/home/andrewkc/Projects/dl-project/DRL_robot_navigation_ros2/install/velodyne_gazebo_plugins/lib:/usr/lib/x86_64-linux-gnu/gazebo-11/plugins:/opt/ros/humble/opt/rviz_ogre_vendor/lib:/opt/ros/humble/lib/x86_64-linux-gnu:/opt/ros/humble/lib:/usr/local/cuda/lib64 /usr/bin/cmake --install /home/andrewkc/Projects/dl-project/DRL_robot_navigation_ros2/build/velodyne_simulator
[3.030s] -- Install configuration: ""
[3.030s] -- Installing: /home/andrewkc/Projects/dl-project/DRL_robot_navigation_ros2/install/velodyne_simulator/share/ament_index/resource_index/package_run_dependencies/velodyne_simulator
[3.030s] -- Installing: /home/andrewkc/Projects/dl-project/DRL_robot_navigation_ros2/install/velodyne_simulator/share/ament_index/resource_index/parent_prefix_path/velodyne_simulator
[3.031s] -- Installing: /home/andrewkc/Projects/dl-project/DRL_robot_navigation_ros2/install/velodyne_simulator/share/velodyne_simulator/environment/ament_prefix_path.sh
[3.031s] -- Installing: /home/andrewkc/Projects/dl-project/DRL_robot_navigation_ros2/install/velodyne_simulator/share/velodyne_simulator/environment/ament_prefix_path.dsv
[3.031s] -- Installing: /home/andrewkc/Projects/dl-project/DRL_robot_navigation_ros2/install/velodyne_simulator/share/velodyne_simulator/environment/path.sh
[3.032s] -- Installing: /home/andrewkc/Projects/dl-project/DRL_robot_navigation_ros2/install/velodyne_simulator/share/velodyne_simulator/environment/path.dsv
[3.032s] -- Installing: /home/andrewkc/Projects/dl-project/DRL_robot_navigation_ros2/install/velodyne_simulator/share/velodyne_simulator/local_setup.bash
[3.032s] -- Installing: /home/andrewkc/Projects/dl-project/DRL_robot_navigation_ros2/install/velodyne_simulator/share/velodyne_simulator/local_setup.sh
[3.032s] -- Installing: /home/andrewkc/Projects/dl-project/DRL_robot_navigation_ros2/install/velodyne_simulator/share/velodyne_simulator/local_setup.zsh
[3.032s] -- Installing: /home/andrewkc/Projects/dl-project/DRL_robot_navigation_ros2/install/velodyne_simulator/share/velodyne_simulator/local_setup.dsv
[3.033s] -- Installing: /home/andrewkc/Projects/dl-project/DRL_robot_navigation_ros2/install/velodyne_simulator/share/velodyne_simulator/package.dsv
[3.033s] -- Installing: /home/andrewkc/Projects/dl-project/DRL_robot_navigation_ros2/install/velodyne_simulator/share/ament_index/resource_index/packages/velodyne_simulator
[3.033s] -- Installing: /home/andrewkc/Projects/dl-project/DRL_robot_navigation_ros2/install/velodyne_simulator/share/velodyne_simulator/cmake/velodyne_simulatorConfig.cmake
[3.034s] -- Installing: /home/andrewkc/Projects/dl-project/DRL_robot_navigation_ros2/install/velodyne_simulator/share/velodyne_simulator/cmake/velodyne_simulatorConfig-version.cmake
[3.034s] -- Installing: /home/andrewkc/Projects/dl-project/DRL_robot_navigation_ros2/install/velodyne_simulator/share/velodyne_simulator/package.xml
[3.038s] Invoked command in '/home/andrewkc/Projects/dl-project/DRL_robot_navigation_ros2/build/velodyne_simulator' returned '0': AMENT_PREFIX_PATH=/home/andrewkc/Projects/dl-project/DRL_robot_navigation_ros2/install/velodyne_gazebo_plugins:/home/andrewkc/Projects/dl-project/DRL_robot_navigation_ros2/install/velodyne_description:${AMENT_PREFIX_PATH} CMAKE_PREFIX_PATH=/home/andrewkc/Projects/dl-project/DRL_robot_navigation_ros2/install/velodyne_gazebo_plugins:/home/andrewkc/Projects/dl-project/DRL_robot_navigation_ros2/install/velodyne_description:/opt/ros/humble CONDA_PROMPT_MODIFIER=(base) LD_LIBRARY_PATH=/home/andrewkc/Projects/dl-project/DRL_robot_navigation_ros2/install/velodyne_gazebo_plugins/lib:/usr/lib/x86_64-linux-gnu/gazebo-11/plugins:/opt/ros/humble/opt/rviz_ogre_vendor/lib:/opt/ros/humble/lib/x86_64-linux-gnu:/opt/ros/humble/lib:/usr/local/cuda/lib64 /usr/bin/cmake --install /home/andrewkc/Projects/dl-project/DRL_robot_navigation_ros2/build/velodyne_simulator
