[0.000000] (-) TimerEvent: {}
[0.000730] (obstacle_avoidance) JobQueued: {'identifier': 'obstacle_avoidance', 'dependencies': OrderedDict()}
[0.000982] (obstacle_avoidance) JobStarted: {'identifier': 'obstacle_avoidance'}
[0.099739] (-) TimerEvent: {}
[0.200043] (-) TimerEvent: {}
[0.300419] (-) TimerEvent: {}
[0.400794] (-) TimerEvent: {}
[0.501239] (-) TimerEvent: {}
[0.601678] (-) TimerEvent: {}
[0.702112] (-) TimerEvent: {}
[0.802505] (-) TimerEvent: {}
[0.902969] (-) TimerEvent: {}
[1.003484] (-) TimerEvent: {}
[1.103915] (-) TimerEvent: {}
[1.204411] (-) TimerEvent: {}
[1.305281] (-) TimerEvent: {}
[1.405703] (-) TimerEvent: {}
[1.506050] (-) TimerEvent: {}
[1.606444] (-) TimerEvent: {}
[1.706903] (-) TimerEvent: {}
[1.807352] (-) TimerEvent: {}
[1.907835] (-) TimerEvent: {}
[2.008282] (-) TimerEvent: {}
[2.108752] (-) TimerEvent: {}
[2.209234] (-) TimerEvent: {}
[2.309674] (-) TimerEvent: {}
[2.410161] (-) TimerEvent: {}
[2.510665] (-) TimerEvent: {}
[2.611126] (-) TimerEvent: {}
[2.711555] (-) TimerEvent: {}
[2.812012] (-) TimerEvent: {}
[2.912474] (-) TimerEvent: {}
[3.013157] (-) TimerEvent: {}
[3.113528] (-) TimerEvent: {}
[3.213935] (-) TimerEvent: {}
[3.314328] (-) TimerEvent: {}
[3.430699] (-) TimerEvent: {}
[3.531081] (-) TimerEvent: {}
[3.631436] (-) TimerEvent: {}
[3.731818] (-) TimerEvent: {}
[3.832222] (-) TimerEvent: {}
[3.947233] (-) TimerEvent: {}
[4.047610] (-) TimerEvent: {}
[4.148046] (-) TimerEvent: {}
[4.248459] (-) TimerEvent: {}
[4.348910] (-) TimerEvent: {}
[4.449369] (-) TimerEvent: {}
[4.549811] (-) TimerEvent: {}
[4.650279] (-) TimerEvent: {}
[4.750749] (-) TimerEvent: {}
[4.851199] (-) TimerEvent: {}
[4.951966] (-) TimerEvent: {}
[5.052480] (-) TimerEvent: {}
[5.152984] (-) TimerEvent: {}
[5.253623] (-) TimerEvent: {}
[5.354167] (-) TimerEvent: {}
[5.454703] (-) TimerEvent: {}
[5.555600] (-) TimerEvent: {}
[5.656317] (-) TimerEvent: {}
[5.757111] (-) TimerEvent: {}
[5.857835] (-) TimerEvent: {}
[5.958681] (-) TimerEvent: {}
[6.059367] (-) TimerEvent: {}
[6.160098] (-) TimerEvent: {}
[6.260836] (-) TimerEvent: {}
[6.361564] (-) TimerEvent: {}
[6.462390] (-) TimerEvent: {}
[6.563127] (-) TimerEvent: {}
[6.664022] (-) TimerEvent: {}
[6.764702] (-) TimerEvent: {}
[6.865637] (-) TimerEvent: {}
[6.966339] (-) TimerEvent: {}
[7.067112] (-) TimerEvent: {}
[7.167993] (-) TimerEvent: {}
[7.268880] (-) TimerEvent: {}
[7.369568] (-) TimerEvent: {}
[7.470269] (-) TimerEvent: {}
[7.571039] (-) TimerEvent: {}
[7.671678] (-) TimerEvent: {}
[7.772407] (-) TimerEvent: {}
[7.873087] (-) TimerEvent: {}
[7.973833] (-) TimerEvent: {}
[8.074506] (-) TimerEvent: {}
[8.243382] (-) TimerEvent: {}
[8.344080] (-) TimerEvent: {}
[8.492876] (-) TimerEvent: {}
[8.593616] (-) TimerEvent: {}
[8.694302] (-) TimerEvent: {}
[8.794928] (-) TimerEvent: {}
[8.927307] (-) TimerEvent: {}
[9.028084] (-) TimerEvent: {}
[9.128808] (-) TimerEvent: {}
[9.229487] (-) TimerEvent: {}
[9.330275] (-) TimerEvent: {}
[9.431099] (-) TimerEvent: {}
[9.531869] (-) TimerEvent: {}
[9.632562] (-) TimerEvent: {}
[9.733289] (-) TimerEvent: {}
[9.833869] (-) TimerEvent: {}
[9.934380] (-) TimerEvent: {}
[10.034953] (-) TimerEvent: {}
[10.135535] (-) TimerEvent: {}
[10.236108] (-) TimerEvent: {}
[10.336663] (-) TimerEvent: {}
[10.437262] (-) TimerEvent: {}
[10.537853] (-) TimerEvent: {}
[10.638396] (-) TimerEvent: {}
[10.738762] (-) TimerEvent: {}
[10.839068] (-) TimerEvent: {}
[10.939452] (-) TimerEvent: {}
[11.039958] (-) TimerEvent: {}
[11.140553] (-) TimerEvent: {}
[11.241371] (-) TimerEvent: {}
[11.342136] (-) TimerEvent: {}
[11.442859] (-) TimerEvent: {}
[11.543497] (-) TimerEvent: {}
[11.644221] (-) TimerEvent: {}
[11.744914] (-) TimerEvent: {}
[11.845514] (-) TimerEvent: {}
[11.946218] (-) TimerEvent: {}
[12.046877] (-) TimerEvent: {}
[12.147519] (-) TimerEvent: {}
[12.266560] (-) TimerEvent: {}
[12.367224] (-) TimerEvent: {}
[12.467784] (-) TimerEvent: {}
[12.568386] (-) TimerEvent: {}
[12.669184] (-) TimerEvent: {}
[12.769824] (-) TimerEvent: {}
[12.870429] (-) TimerEvent: {}
[12.907228] (obstacle_avoidance) Command: {'cmd': ['/usr/bin/python3', '-W', 'ignore:setup.py install is deprecated', '-W', 'ignore:easy_install command is deprecated', 'setup.py', 'egg_info', '--egg-base', '../../build/obstacle_avoidance', 'build', '--build-base', '/home/andrewkc/Projects/dl-project/r2_ws/build/obstacle_avoidance/build', 'install', '--record', '/home/andrewkc/Projects/dl-project/r2_ws/build/obstacle_avoidance/install.log', '--single-version-externally-managed', 'install_data'], 'cwd': '/home/andrewkc/Projects/dl-project/r2_ws/src/obstacle_avoidance', 'env': {'GJS_DEBUG_TOPICS': 'JS ERROR;JS LOG', 'CONDA_PROMPT_MODIFIER': '(base)', 'USER': 'andrewkc', 'WARP_HONOR_PS1': '0', 'XDG_SESSION_TYPE': 'x11', 'SHLVL': '1', 'LD_LIBRARY_PATH': '/usr/lib/x86_64-linux-gnu/gazebo-11/plugins:/opt/ros/humble/opt/rviz_ogre_vendor/lib:/opt/ros/humble/lib/x86_64-linux-gnu:/opt/ros/humble/lib:/usr/local/cuda/lib64:', 'HOME': '/home/andrewkc', 'OLDPWD': '/home/andrewkc/Projects/dl-project', 'CONDA_SHLVL': '1', 'DESKTOP_SESSION': 'pop', 'TERM_PROGRAM_VERSION': 'v0.2024.11.19.08.02.stable_03', 'GIO_LAUNCHED_DESKTOP_FILE': '/usr/share/applications/dev.warp.Warp.desktop', 'WARP_USE_SSH_WRAPPER': '1', 'GNOME_SHELL_SESSION_MODE': 'pop', 'GTK_MODULES': 'gail:atk-bridge', 'ROS_PYTHON_VERSION': '3', 'MANAGERPID': '3806', 'FNM_ARCH': 'x64', 'DBUS_SESSION_BUS_ADDRESS': 'unix:path=/run/user/1000/bus', 'SYSTEMD_EXEC_PID': '3965', 'COLORTERM': 'truecolor', 'GIO_LAUNCHED_DESKTOP_FILE_PID': '356941', '_CE_M': '', 'CONDA_CHANGEPS1': 'false', 'FNM_VERSION_FILE_STRATEGY': 'local', 'FNM_LOGLEVEL': 'info', 'ROS_DISTRO': 'humble', 'GTK_IM_MODULE': 'ibus', 'LOGNAME': 'andrewkc', 'JOURNAL_STREAM': '9:27803', '_': '/usr/bin/colcon', 'FNM_NODE_DIST_MIRROR': 'https://nodejs.org/dist', 'XDG_SESSION_CLASS': 'user', 'ROS_VERSION': '2', 'SSH_SOCKET_DIR': '~/.ssh', 'TERM': 'xterm-256color', 'USERNAME': 'andrewkc', 'GNOME_DESKTOP_SESSION_ID': 'this-is-deprecated', 'WARP_IS_LOCAL_SHELL_SESSION': '1', '_CE_CONDA': '', 'ROS_LOCALHOST_ONLY': '0', 'WINDOWPATH': '2', 'PATH': '/opt/ros/humble/bin:/home/andrewkc/miniconda3/bin:/home/andrewkc/.console-ninja/.bin:/run/user/1000/fnm_multishells/357085_1733426124921/bin:/home/andrewkc/.local/share/fnm:/home/andrewkc/miniconda3/condabin:/home/andrewkc/miniconda3/bin:/home/andrewkc/.local/bin:/usr/local/cuda/bin:/home/andrewkc/.cargo/bin:/home/andrewkc/.local/bin:/usr/local/sbin:/usr/local/bin:/usr/sbin:/usr/bin:/sbin:/bin:/usr/games:/usr/local/games:/snap/bin:/snap/bin:/usr/local/bin', 'INVOCATION_ID': 'a09862d932f8420699e0cbd51fe7d504', 'SESSION_MANAGER': 'local/pop-os:@/tmp/.ICE-unix/3942,unix/pop-os:/tmp/.ICE-unix/3942', 'XDG_MENU_PREFIX': 'gnome-', 'XDG_RUNTIME_DIR': '/run/user/1000', 'DISPLAY': ':1', 'LANG': 'en_US.UTF-8', 'XDG_CURRENT_DESKTOP': 'pop:GNOME', 'TERM_PROGRAM': 'WarpTerminal', 'XAUTHORITY': '/run/user/1000/gdm/Xauthority', 'XDG_SESSION_DESKTOP': 'pop', 'XMODIFIERS': '@im=ibus', 'FNM_DIR': '/home/andrewkc/.local/share/fnm', 'SSH_AGENT_LAUNCHER': 'gnome-keyring', 'SSH_AUTH_SOCK': '/run/user/1000/keyring/ssh', 'CONDA_PYTHON_EXE': '/home/andrewkc/miniconda3/bin/python', 'FNM_RESOLVE_ENGINES': 'false', 'XML_CATALOG_FILES': 'file:///home/andrewkc/miniconda3/etc/xml/catalog file:///etc/xml/catalog', 'ROS_DOMAIN_ID': '30', 'AMENT_PREFIX_PATH': '/opt/ros/humble', 'SHELL': '/usr/bin/zsh', 'GDMSESSION': 'pop', 'QT_ACCESSIBILITY': '1', 'CONDA_DEFAULT_ENV': 'base', 'GJS_DEBUG_OUTPUT': 'stderr', 'GPG_AGENT_INFO': '/run/user/1000/gnupg/S.gpg-agent:0:1', 'QT_IM_MODULE': 'ibus', 'LC_ALL': 'en_US.UTF-8', 'PWD': '/home/andrewkc/Projects/dl-project/r2_ws/build/obstacle_avoidance', 'FNM_MULTISHELL_PATH': '/run/user/1000/fnm_multishells/357085_1733426124921', 'XDG_CONFIG_DIRS': '/etc/xdg/xdg-pop:/etc/xdg', 'XDG_DATA_DIRS': '/usr/share/pop:/usr/share/gnome:/home/andrewkc/.local/share/flatpak/exports/share:/var/lib/flatpak/exports/share:/usr/local/share/:/usr/share/:/var/lib/snapd/desktop', 'CONDA_EXE': '/home/andrewkc/miniconda3/bin/conda', 'PYTHONPATH': '/home/andrewkc/Projects/dl-project/r2_ws/build/obstacle_avoidance/prefix_override:/usr/lib/python3/dist-packages/colcon_core/task/python/colcon_distutils_commands:/home/andrewkc/Projects/dl-project/r2_ws/install/obstacle_avoidance/lib/python3.10/site-packages:/opt/ros/humble/lib/python3.10/site-packages:/opt/ros/humble/local/lib/python3.10/dist-packages', 'FNM_COREPACK_ENABLED': 'false', 'CONDA_PREFIX': '/home/andrewkc/miniconda3', 'COLCON': '1'}, 'shell': False}
[12.970878] (-) TimerEvent: {}
[13.071544] (-) TimerEvent: {}
[13.172105] (-) TimerEvent: {}
[13.272634] (-) TimerEvent: {}
[13.352440] (obstacle_avoidance) StdoutLine: {'line': b'running egg_info\n'}
[13.372799] (-) TimerEvent: {}
[13.375460] (obstacle_avoidance) StdoutLine: {'line': b'writing ../../build/obstacle_avoidance/obstacle_avoidance.egg-info/PKG-INFO\n'}
[13.376413] (obstacle_avoidance) StdoutLine: {'line': b'writing dependency_links to ../../build/obstacle_avoidance/obstacle_avoidance.egg-info/dependency_links.txt\n'}
[13.376837] (obstacle_avoidance) StdoutLine: {'line': b'writing entry points to ../../build/obstacle_avoidance/obstacle_avoidance.egg-info/entry_points.txt\n'}
[13.377110] (obstacle_avoidance) StdoutLine: {'line': b'writing requirements to ../../build/obstacle_avoidance/obstacle_avoidance.egg-info/requires.txt\n'}
[13.377418] (obstacle_avoidance) StdoutLine: {'line': b'writing top-level names to ../../build/obstacle_avoidance/obstacle_avoidance.egg-info/top_level.txt\n'}
[13.425272] (obstacle_avoidance) StdoutLine: {'line': b"reading manifest file '../../build/obstacle_avoidance/obstacle_avoidance.egg-info/SOURCES.txt'\n"}
[13.440265] (obstacle_avoidance) StdoutLine: {'line': b"writing manifest file '../../build/obstacle_avoidance/obstacle_avoidance.egg-info/SOURCES.txt'\n"}
[13.440838] (obstacle_avoidance) StdoutLine: {'line': b'running build\n'}
[13.441048] (obstacle_avoidance) StdoutLine: {'line': b'running build_py\n'}
[13.441276] (obstacle_avoidance) StdoutLine: {'line': b'copying obstacle_avoidance/obstacle_avoidance.py -> /home/andrewkc/Projects/dl-project/r2_ws/build/obstacle_avoidance/build/lib/obstacle_avoidance\n'}
[13.441466] (obstacle_avoidance) StdoutLine: {'line': b'copying obstacle_avoidance/obstacle_avoidance copy.py -> /home/andrewkc/Projects/dl-project/r2_ws/build/obstacle_avoidance/build/lib/obstacle_avoidance\n'}
[13.441729] (obstacle_avoidance) StdoutLine: {'line': b'copying obstacle_avoidance/__init__.py -> /home/andrewkc/Projects/dl-project/r2_ws/build/obstacle_avoidance/build/lib/obstacle_avoidance\n'}
[13.441990] (obstacle_avoidance) StdoutLine: {'line': b'running install\n'}
[13.449163] (obstacle_avoidance) StdoutLine: {'line': b'running install_lib\n'}
[13.471768] (obstacle_avoidance) StdoutLine: {'line': b'copying /home/andrewkc/Projects/dl-project/r2_ws/build/obstacle_avoidance/build/lib/obstacle_avoidance/obstacle_avoidance.py -> /home/andrewkc/Projects/dl-project/r2_ws/install/obstacle_avoidance/lib/python3.10/site-packages/obstacle_avoidance\n'}
[13.472132] (obstacle_avoidance) StdoutLine: {'line': b'copying /home/andrewkc/Projects/dl-project/r2_ws/build/obstacle_avoidance/build/lib/obstacle_avoidance/obstacle_avoidance copy.py -> /home/andrewkc/Projects/dl-project/r2_ws/install/obstacle_avoidance/lib/python3.10/site-packages/obstacle_avoidance\n'}
[13.472802] (obstacle_avoidance) StdoutLine: {'line': b'byte-compiling /home/andrewkc/Projects/dl-project/r2_ws/install/obstacle_avoidance/lib/python3.10/site-packages/obstacle_avoidance/obstacle_avoidance.py to obstacle_avoidance.cpython-310.pyc\n'}
[13.472995] (-) TimerEvent: {}
[13.473778] (obstacle_avoidance) StdoutLine: {'line': b'byte-compiling /home/andrewkc/Projects/dl-project/r2_ws/install/obstacle_avoidance/lib/python3.10/site-packages/obstacle_avoidance/obstacle_avoidance copy.py to obstacle_avoidance copy.cpython-310.pyc\n'}
[13.474855] (obstacle_avoidance) StdoutLine: {'line': b'running install_data\n'}
[13.475215] (obstacle_avoidance) StdoutLine: {'line': b'copying resource/obstacle_avoidance -> /home/andrewkc/Projects/dl-project/r2_ws/install/obstacle_avoidance/share/ament_index/resource_index/packages\n'}
[13.475452] (obstacle_avoidance) StdoutLine: {'line': b'copying package.xml -> /home/andrewkc/Projects/dl-project/r2_ws/install/obstacle_avoidance/share/obstacle_avoidance\n'}
[13.475792] (obstacle_avoidance) StdoutLine: {'line': b'running install_egg_info\n'}
[13.499786] (obstacle_avoidance) StdoutLine: {'line': b"removing '/home/andrewkc/Projects/dl-project/r2_ws/install/obstacle_avoidance/lib/python3.10/site-packages/obstacle_avoidance-0.0.0-py3.10.egg-info' (and everything under it)\n"}
[13.500362] (obstacle_avoidance) StdoutLine: {'line': b'Copying ../../build/obstacle_avoidance/obstacle_avoidance.egg-info to /home/andrewkc/Projects/dl-project/r2_ws/install/obstacle_avoidance/lib/python3.10/site-packages/obstacle_avoidance-0.0.0-py3.10.egg-info\n'}
[13.501986] (obstacle_avoidance) StdoutLine: {'line': b'running install_scripts\n'}
[13.573169] (-) TimerEvent: {}
[13.673583] (-) TimerEvent: {}
[13.694067] (obstacle_avoidance) StdoutLine: {'line': b'Installing obstacle_avoidance script to /home/andrewkc/Projects/dl-project/r2_ws/install/obstacle_avoidance/lib/obstacle_avoidance\n'}
[13.694570] (obstacle_avoidance) StdoutLine: {'line': b"writing list of installed files to '/home/andrewkc/Projects/dl-project/r2_ws/build/obstacle_avoidance/install.log'\n"}
[13.733162] (obstacle_avoidance) CommandEnded: {'returncode': 0}
[13.773831] (-) TimerEvent: {}
[13.874467] (-) TimerEvent: {}
[13.903429] (obstacle_avoidance) JobEnded: {'identifier': 'obstacle_avoidance', 'rc': 0}
[13.904977] (-) EventReactorShutdown: {}
