[3.190s] DEBUG:colcon:Command line arguments: ['/usr/bin/colcon', 'build']
[3.190s] DEBUG:colcon:Parsed command line arguments: Namespace(log_base=None, log_level=None, verb_name='build', build_base='build', install_base='install', merge_install=False, symlink_install=False, test_result_base=None, continue_on_error=False, executor='parallel', parallel_workers=12, event_handlers=None, ignore_user_meta=False, metas=['./colcon.meta'], base_paths=['.'], packages_ignore=None, packages_ignore_regex=None, paths=None, packages_up_to=None, packages_up_to_regex=None, packages_above=None, packages_above_and_dependencies=None, packages_above_depth=None, packages_select_by_dep=None, packages_skip_by_dep=None, packages_skip_up_to=None, packages_select_build_failed=False, packages_skip_build_finished=False, packages_select_test_failures=False, packages_skip_test_passed=False, packages_select=None, packages_skip=None, packages_select_regex=None, packages_skip_regex=None, packages_start=None, packages_end=None, allow_overriding=[], cmake_args=None, cmake_target=None, cmake_target_skip_unavailable=False, cmake_clean_cache=False, cmake_clean_first=False, cmake_force_configure=False, ament_cmake_args=None, catkin_cmake_args=None, catkin_skip_building_tests=False, mixin_files=None, mixin=None, verb_parser=<colcon_mixin.mixin.mixin_argument.MixinArgumentDecorator object at 0x76980914afe0>, verb_extension=<colcon_core.verb.build.BuildVerb object at 0x76980914a5c0>, main=<bound method BuildVerb.main of <colcon_core.verb.build.BuildVerb object at 0x76980914a5c0>>, mixin_verb=('build',))
[3.529s] Level 1:colcon.colcon_core.package_discovery:discover_packages(colcon_meta) check parameters
[3.530s] Level 1:colcon.colcon_core.package_discovery:discover_packages(recursive) check parameters
[3.530s] Level 1:colcon.colcon_core.package_discovery:discover_packages(ignore) check parameters
[3.530s] Level 1:colcon.colcon_core.package_discovery:discover_packages(path) check parameters
[3.530s] Level 1:colcon.colcon_core.package_discovery:discover_packages(colcon_meta) discover
[3.530s] Level 1:colcon.colcon_core.package_discovery:discover_packages(recursive) discover
[3.530s] INFO:colcon.colcon_core.package_discovery:Crawling recursively for packages in '/home/andrewkc/Projects/dl-project/r2_ws'
[3.530s] Level 1:colcon.colcon_core.package_identification:_identify(.) by extensions ['ignore', 'ignore_ament_install']
[3.531s] Level 1:colcon.colcon_core.package_identification:_identify(.) by extension 'ignore'
[3.531s] Level 1:colcon.colcon_core.package_identification:_identify(.) by extension 'ignore_ament_install'
[3.531s] Level 1:colcon.colcon_core.package_identification:_identify(.) by extensions ['colcon_pkg']
[3.531s] Level 1:colcon.colcon_core.package_identification:_identify(.) by extension 'colcon_pkg'
[3.531s] Level 1:colcon.colcon_core.package_identification:_identify(.) by extensions ['colcon_meta']
[3.531s] Level 1:colcon.colcon_core.package_identification:_identify(.) by extension 'colcon_meta'
[3.531s] Level 1:colcon.colcon_core.package_identification:_identify(.) by extensions ['ros']
[3.531s] Level 1:colcon.colcon_core.package_identification:_identify(.) by extension 'ros'
[3.627s] Level 1:colcon.colcon_core.package_identification:_identify(.) by extensions ['cmake', 'python']
[3.627s] Level 1:colcon.colcon_core.package_identification:_identify(.) by extension 'cmake'
[3.627s] Level 1:colcon.colcon_core.package_identification:_identify(.) by extension 'python'
[3.627s] Level 1:colcon.colcon_core.package_identification:_identify(.) by extensions ['python_setup_py']
[3.627s] Level 1:colcon.colcon_core.package_identification:_identify(.) by extension 'python_setup_py'
[3.627s] Level 1:colcon.colcon_core.package_identification:_identify(build) by extensions ['ignore', 'ignore_ament_install']
[3.628s] Level 1:colcon.colcon_core.package_identification:_identify(build) by extension 'ignore'
[3.628s] Level 1:colcon.colcon_core.package_identification:_identify(build) ignored
[3.628s] Level 1:colcon.colcon_core.package_identification:_identify(install) by extensions ['ignore', 'ignore_ament_install']
[3.628s] Level 1:colcon.colcon_core.package_identification:_identify(install) by extension 'ignore'
[3.628s] Level 1:colcon.colcon_core.package_identification:_identify(install) ignored
[3.629s] Level 1:colcon.colcon_core.package_identification:_identify(log) by extensions ['ignore', 'ignore_ament_install']
[3.629s] Level 1:colcon.colcon_core.package_identification:_identify(log) by extension 'ignore'
[3.629s] Level 1:colcon.colcon_core.package_identification:_identify(log) ignored
[3.629s] Level 1:colcon.colcon_core.package_identification:_identify(src) by extensions ['ignore', 'ignore_ament_install']
[3.629s] Level 1:colcon.colcon_core.package_identification:_identify(src) by extension 'ignore'
[3.630s] Level 1:colcon.colcon_core.package_identification:_identify(src) by extension 'ignore_ament_install'
[3.630s] Level 1:colcon.colcon_core.package_identification:_identify(src) by extensions ['colcon_pkg']
[3.630s] Level 1:colcon.colcon_core.package_identification:_identify(src) by extension 'colcon_pkg'
[3.630s] Level 1:colcon.colcon_core.package_identification:_identify(src) by extensions ['colcon_meta']
[3.630s] Level 1:colcon.colcon_core.package_identification:_identify(src) by extension 'colcon_meta'
[3.630s] Level 1:colcon.colcon_core.package_identification:_identify(src) by extensions ['ros']
[3.630s] Level 1:colcon.colcon_core.package_identification:_identify(src) by extension 'ros'
[3.630s] Level 1:colcon.colcon_core.package_identification:_identify(src) by extensions ['cmake', 'python']
[3.630s] Level 1:colcon.colcon_core.package_identification:_identify(src) by extension 'cmake'
[3.631s] Level 1:colcon.colcon_core.package_identification:_identify(src) by extension 'python'
[3.631s] Level 1:colcon.colcon_core.package_identification:_identify(src) by extensions ['python_setup_py']
[3.631s] Level 1:colcon.colcon_core.package_identification:_identify(src) by extension 'python_setup_py'
[3.631s] Level 1:colcon.colcon_core.package_identification:_identify(src/build) by extensions ['ignore', 'ignore_ament_install']
[3.631s] Level 1:colcon.colcon_core.package_identification:_identify(src/build) by extension 'ignore'
[3.631s] Level 1:colcon.colcon_core.package_identification:_identify(src/build) ignored
[3.631s] Level 1:colcon.colcon_core.package_identification:_identify(src/install) by extensions ['ignore', 'ignore_ament_install']
[3.632s] Level 1:colcon.colcon_core.package_identification:_identify(src/install) by extension 'ignore'
[3.632s] Level 1:colcon.colcon_core.package_identification:_identify(src/install) ignored
[3.632s] Level 1:colcon.colcon_core.package_identification:_identify(src/log) by extensions ['ignore', 'ignore_ament_install']
[3.632s] Level 1:colcon.colcon_core.package_identification:_identify(src/log) by extension 'ignore'
[3.632s] Level 1:colcon.colcon_core.package_identification:_identify(src/log) ignored
[3.633s] Level 1:colcon.colcon_core.package_identification:_identify(src/obstacle_avoidance) by extensions ['ignore', 'ignore_ament_install']
[3.633s] Level 1:colcon.colcon_core.package_identification:_identify(src/obstacle_avoidance) by extension 'ignore'
[3.633s] Level 1:colcon.colcon_core.package_identification:_identify(src/obstacle_avoidance) by extension 'ignore_ament_install'
[3.633s] Level 1:colcon.colcon_core.package_identification:_identify(src/obstacle_avoidance) by extensions ['colcon_pkg']
[3.633s] Level 1:colcon.colcon_core.package_identification:_identify(src/obstacle_avoidance) by extension 'colcon_pkg'
[3.633s] Level 1:colcon.colcon_core.package_identification:_identify(src/obstacle_avoidance) by extensions ['colcon_meta']
[3.633s] Level 1:colcon.colcon_core.package_identification:_identify(src/obstacle_avoidance) by extension 'colcon_meta'
[3.634s] Level 1:colcon.colcon_core.package_identification:_identify(src/obstacle_avoidance) by extensions ['ros']
[3.634s] Level 1:colcon.colcon_core.package_identification:_identify(src/obstacle_avoidance) by extension 'ros'
[3.672s] DEBUG:colcon.colcon_core.package_identification:Package 'src/obstacle_avoidance' with type 'ros.ament_python' and name 'obstacle_avoidance'
[3.673s] Level 1:colcon.colcon_core.package_discovery:discover_packages(recursive) using defaults
[3.673s] Level 1:colcon.colcon_core.package_discovery:discover_packages(ignore) discover
[3.673s] Level 1:colcon.colcon_core.package_discovery:discover_packages(ignore) using defaults
[3.673s] Level 1:colcon.colcon_core.package_discovery:discover_packages(path) discover
[3.673s] Level 1:colcon.colcon_core.package_discovery:discover_packages(path) using defaults
[3.841s] Level 1:colcon.colcon_core.package_discovery:discover_packages(prefix_path) check parameters
[3.841s] Level 1:colcon.colcon_core.package_discovery:discover_packages(prefix_path) discover
[3.848s] DEBUG:colcon.colcon_installed_package_information.package_discovery:Found 400 installed packages in /opt/ros/humble
[3.852s] Level 1:colcon.colcon_core.package_discovery:discover_packages(prefix_path) using defaults
[3.945s] Level 5:colcon.colcon_core.verb:set package 'obstacle_avoidance' build argument 'cmake_args' from command line to 'None'
[3.945s] Level 5:colcon.colcon_core.verb:set package 'obstacle_avoidance' build argument 'cmake_target' from command line to 'None'
[3.945s] Level 5:colcon.colcon_core.verb:set package 'obstacle_avoidance' build argument 'cmake_target_skip_unavailable' from command line to 'False'
[3.945s] Level 5:colcon.colcon_core.verb:set package 'obstacle_avoidance' build argument 'cmake_clean_cache' from command line to 'False'
[3.945s] Level 5:colcon.colcon_core.verb:set package 'obstacle_avoidance' build argument 'cmake_clean_first' from command line to 'False'
[3.945s] Level 5:colcon.colcon_core.verb:set package 'obstacle_avoidance' build argument 'cmake_force_configure' from command line to 'False'
[3.945s] Level 5:colcon.colcon_core.verb:set package 'obstacle_avoidance' build argument 'ament_cmake_args' from command line to 'None'
[3.945s] Level 5:colcon.colcon_core.verb:set package 'obstacle_avoidance' build argument 'catkin_cmake_args' from command line to 'None'
[3.945s] Level 5:colcon.colcon_core.verb:set package 'obstacle_avoidance' build argument 'catkin_skip_building_tests' from command line to 'False'
[3.945s] DEBUG:colcon.colcon_core.verb:Building package 'obstacle_avoidance' with the following arguments: {'ament_cmake_args': None, 'build_base': '/home/andrewkc/Projects/dl-project/r2_ws/build/obstacle_avoidance', 'catkin_cmake_args': None, 'catkin_skip_building_tests': False, 'cmake_args': None, 'cmake_clean_cache': False, 'cmake_clean_first': False, 'cmake_force_configure': False, 'cmake_target': None, 'cmake_target_skip_unavailable': False, 'install_base': '/home/andrewkc/Projects/dl-project/r2_ws/install/obstacle_avoidance', 'merge_install': False, 'path': '/home/andrewkc/Projects/dl-project/r2_ws/src/obstacle_avoidance', 'symlink_install': False, 'test_result_base': None}
[3.945s] INFO:colcon.colcon_core.executor:Executing jobs using 'parallel' executor
[3.947s] DEBUG:colcon.colcon_parallel_executor.executor.parallel:run_until_complete
[3.947s] INFO:colcon.colcon_ros.task.ament_python.build:Building ROS package in '/home/andrewkc/Projects/dl-project/r2_ws/src/obstacle_avoidance' with build type 'ament_python'
[3.947s] Level 1:colcon.colcon_core.shell:create_environment_hook('obstacle_avoidance', 'ament_prefix_path')
[3.960s] INFO:colcon.colcon_core.plugin_system:Skipping extension 'colcon_core.shell.bat': Not used on non-Windows systems
[3.961s] INFO:colcon.colcon_core.shell:Creating environment hook '/home/andrewkc/Projects/dl-project/r2_ws/install/obstacle_avoidance/share/obstacle_avoidance/hook/ament_prefix_path.ps1'
[3.984s] INFO:colcon.colcon_core.shell:Creating environment descriptor '/home/andrewkc/Projects/dl-project/r2_ws/install/obstacle_avoidance/share/obstacle_avoidance/hook/ament_prefix_path.dsv'
[4.008s] INFO:colcon.colcon_core.shell:Creating environment hook '/home/andrewkc/Projects/dl-project/r2_ws/install/obstacle_avoidance/share/obstacle_avoidance/hook/ament_prefix_path.sh'
[4.009s] INFO:colcon.colcon_core.shell:Skip shell extension 'powershell' for command environment: Not usable outside of PowerShell
[4.010s] DEBUG:colcon.colcon_core.shell:Skip shell extension 'dsv' for command environment
[4.344s] INFO:colcon.colcon_core.task.python.build:Building Python package in '/home/andrewkc/Projects/dl-project/r2_ws/src/obstacle_avoidance'
[4.344s] INFO:colcon.colcon_core.shell:Skip shell extension 'powershell' for command environment: Not usable outside of PowerShell
[4.344s] DEBUG:colcon.colcon_core.shell:Skip shell extension 'dsv' for command environment
[16.855s] DEBUG:colcon.colcon_core.event_handler.log_command:Invoking command in '/home/andrewkc/Projects/dl-project/r2_ws/src/obstacle_avoidance': CONDA_PROMPT_MODIFIER=(base) PYTHONPATH=/home/andrewkc/Projects/dl-project/r2_ws/build/obstacle_avoidance/prefix_override:/usr/lib/python3/dist-packages/colcon_core/task/python/colcon_distutils_commands:/home/andrewkc/Projects/dl-project/r2_ws/install/obstacle_avoidance/lib/python3.10/site-packages:${PYTHONPATH} /usr/bin/python3 -W ignore:setup.py install is deprecated -W ignore:easy_install command is deprecated setup.py egg_info --egg-base ../../build/obstacle_avoidance build --build-base /home/andrewkc/Projects/dl-project/r2_ws/build/obstacle_avoidance/build install --record /home/andrewkc/Projects/dl-project/r2_ws/build/obstacle_avoidance/install.log --single-version-externally-managed install_data
[17.680s] DEBUG:colcon.colcon_core.event_handler.log_command:Invoked command in '/home/andrewkc/Projects/dl-project/r2_ws/src/obstacle_avoidance' returned '0': CONDA_PROMPT_MODIFIER=(base) PYTHONPATH=/home/andrewkc/Projects/dl-project/r2_ws/build/obstacle_avoidance/prefix_override:/usr/lib/python3/dist-packages/colcon_core/task/python/colcon_distutils_commands:/home/andrewkc/Projects/dl-project/r2_ws/install/obstacle_avoidance/lib/python3.10/site-packages:${PYTHONPATH} /usr/bin/python3 -W ignore:setup.py install is deprecated -W ignore:easy_install command is deprecated setup.py egg_info --egg-base ../../build/obstacle_avoidance build --build-base /home/andrewkc/Projects/dl-project/r2_ws/build/obstacle_avoidance/build install --record /home/andrewkc/Projects/dl-project/r2_ws/build/obstacle_avoidance/install.log --single-version-externally-managed install_data
[17.741s] Level 1:colcon.colcon_core.environment:checking '/home/andrewkc/Projects/dl-project/r2_ws/install/obstacle_avoidance' for CMake module files
[17.742s] Level 1:colcon.colcon_core.environment:checking '/home/andrewkc/Projects/dl-project/r2_ws/install/obstacle_avoidance' for CMake config files
[17.745s] Level 1:colcon.colcon_core.environment:checking '/home/andrewkc/Projects/dl-project/r2_ws/install/obstacle_avoidance/lib'
[17.745s] Level 1:colcon.colcon_core.environment:checking '/home/andrewkc/Projects/dl-project/r2_ws/install/obstacle_avoidance/bin'
[17.745s] Level 1:colcon.colcon_core.environment:checking '/home/andrewkc/Projects/dl-project/r2_ws/install/obstacle_avoidance/lib/pkgconfig/obstacle_avoidance.pc'
[17.746s] Level 1:colcon.colcon_core.environment:checking '/home/andrewkc/Projects/dl-project/r2_ws/install/obstacle_avoidance/lib/python3.10/site-packages'
[17.746s] Level 1:colcon.colcon_core.shell:create_environment_hook('obstacle_avoidance', 'pythonpath')
[17.746s] INFO:colcon.colcon_core.shell:Creating environment hook '/home/andrewkc/Projects/dl-project/r2_ws/install/obstacle_avoidance/share/obstacle_avoidance/hook/pythonpath.ps1'
[17.747s] INFO:colcon.colcon_core.shell:Creating environment descriptor '/home/andrewkc/Projects/dl-project/r2_ws/install/obstacle_avoidance/share/obstacle_avoidance/hook/pythonpath.dsv'
[17.748s] INFO:colcon.colcon_core.shell:Creating environment hook '/home/andrewkc/Projects/dl-project/r2_ws/install/obstacle_avoidance/share/obstacle_avoidance/hook/pythonpath.sh'
[17.749s] Level 1:colcon.colcon_core.environment:checking '/home/andrewkc/Projects/dl-project/r2_ws/install/obstacle_avoidance/bin'
[17.749s] Level 1:colcon.colcon_core.environment:create_environment_scripts_only(obstacle_avoidance)
[17.750s] INFO:colcon.colcon_core.shell:Creating package script '/home/andrewkc/Projects/dl-project/r2_ws/install/obstacle_avoidance/share/obstacle_avoidance/package.ps1'
[17.774s] INFO:colcon.colcon_core.shell:Creating package descriptor '/home/andrewkc/Projects/dl-project/r2_ws/install/obstacle_avoidance/share/obstacle_avoidance/package.dsv'
[17.798s] INFO:colcon.colcon_core.shell:Creating package script '/home/andrewkc/Projects/dl-project/r2_ws/install/obstacle_avoidance/share/obstacle_avoidance/package.sh'
[17.800s] INFO:colcon.colcon_core.shell:Creating package script '/home/andrewkc/Projects/dl-project/r2_ws/install/obstacle_avoidance/share/obstacle_avoidance/package.bash'
[17.825s] INFO:colcon.colcon_core.shell:Creating package script '/home/andrewkc/Projects/dl-project/r2_ws/install/obstacle_avoidance/share/obstacle_avoidance/package.zsh'
[17.849s] Level 1:colcon.colcon_core.environment:create_file_with_runtime_dependencies(/home/andrewkc/Projects/dl-project/r2_ws/install/obstacle_avoidance/share/colcon-core/packages/obstacle_avoidance)
[17.850s] DEBUG:colcon.colcon_parallel_executor.executor.parallel:closing loop
[17.850s] DEBUG:colcon.colcon_parallel_executor.executor.parallel:loop closed
[17.850s] DEBUG:colcon.colcon_parallel_executor.executor.parallel:run_until_complete finished with '0'
[17.850s] DEBUG:colcon.colcon_core.event_reactor:joining thread
[17.916s] INFO:colcon.colcon_core.plugin_system:Skipping extension 'colcon_notification.desktop_notification.notify_send': Could not find 'notify-send'
[17.916s] INFO:colcon.colcon_core.plugin_system:Skipping extension 'colcon_notification.desktop_notification.terminal_notifier': Not used on non-Darwin systems
[17.916s] INFO:colcon.colcon_core.plugin_system:Skipping extension 'colcon_notification.desktop_notification.win32': Not used on non-Windows systems
[17.916s] INFO:colcon.colcon_notification.desktop_notification:Sending desktop notification using 'notify2'
[17.937s] DEBUG:colcon.colcon_core.event_reactor:joined thread
[17.938s] INFO:colcon.colcon_core.shell:Creating prefix script '/home/andrewkc/Projects/dl-project/r2_ws/install/local_setup.ps1'
[17.940s] INFO:colcon.colcon_core.shell:Creating prefix util module '/home/andrewkc/Projects/dl-project/r2_ws/install/_local_setup_util_ps1.py'
[17.962s] INFO:colcon.colcon_core.shell:Creating prefix chain script '/home/andrewkc/Projects/dl-project/r2_ws/install/setup.ps1'
[17.965s] INFO:colcon.colcon_core.shell:Creating prefix script '/home/andrewkc/Projects/dl-project/r2_ws/install/local_setup.sh'
[17.966s] INFO:colcon.colcon_core.shell:Creating prefix util module '/home/andrewkc/Projects/dl-project/r2_ws/install/_local_setup_util_sh.py'
[17.967s] INFO:colcon.colcon_core.shell:Creating prefix chain script '/home/andrewkc/Projects/dl-project/r2_ws/install/setup.sh'
[17.970s] INFO:colcon.colcon_core.shell:Creating prefix script '/home/andrewkc/Projects/dl-project/r2_ws/install/local_setup.bash'
[17.971s] INFO:colcon.colcon_core.shell:Creating prefix chain script '/home/andrewkc/Projects/dl-project/r2_ws/install/setup.bash'
[17.973s] INFO:colcon.colcon_core.shell:Creating prefix script '/home/andrewkc/Projects/dl-project/r2_ws/install/local_setup.zsh'
[17.974s] INFO:colcon.colcon_core.shell:Creating prefix chain script '/home/andrewkc/Projects/dl-project/r2_ws/install/setup.zsh'
