[1.434s] Invoking command in '/home/andrewkc/r2_ws/src/obstacle_avoidance': CONDA_PROMPT_MODIFIER=(base) PYTHONPATH=/home/andrewkc/r2_ws/src/build/obstacle_avoidance/prefix_override:/usr/lib/python3/dist-packages/colcon_core/task/python/colcon_distutils_commands:/home/andrewkc/r2_ws/src/install/obstacle_avoidance/lib/python3.10/site-packages:${PYTHONPATH} /usr/bin/python3 -W ignore:setup.py install is deprecated -W ignore:easy_install command is deprecated setup.py egg_info --egg-base ../build/obstacle_avoidance build --build-base /home/andrewkc/r2_ws/src/build/obstacle_avoidance/build install --record /home/andrewkc/r2_ws/src/build/obstacle_avoidance/install.log --single-version-externally-managed install_data
[1.646s] /home/andrewkc/.local/lib/python3.10/site-packages/setuptools/_distutils/dist.py:261: UserWarning: Unknown distribution option: 'tests_require'
[1.646s]   warnings.warn(msg)
[1.789s] running egg_info
[1.790s] creating ../build/obstacle_avoidance/obstacle_avoidance.egg-info
[1.812s] writing ../build/obstacle_avoidance/obstacle_avoidance.egg-info/PKG-INFO
[1.812s] writing dependency_links to ../build/obstacle_avoidance/obstacle_avoidance.egg-info/dependency_links.txt
[1.813s] writing entry points to ../build/obstacle_avoidance/obstacle_avoidance.egg-info/entry_points.txt
[1.813s] writing requirements to ../build/obstacle_avoidance/obstacle_avoidance.egg-info/requires.txt
[1.813s] writing top-level names to ../build/obstacle_avoidance/obstacle_avoidance.egg-info/top_level.txt
[1.814s] writing manifest file '../build/obstacle_avoidance/obstacle_avoidance.egg-info/SOURCES.txt'
[1.862s] reading manifest file '../build/obstacle_avoidance/obstacle_avoidance.egg-info/SOURCES.txt'
[1.863s] writing manifest file '../build/obstacle_avoidance/obstacle_avoidance.egg-info/SOURCES.txt'
[1.864s] running build
[1.864s] running build_py
[1.864s] creating /home/andrewkc/r2_ws/src/build/obstacle_avoidance/build
[1.864s] creating /home/andrewkc/r2_ws/src/build/obstacle_avoidance/build/lib
[1.864s] creating /home/andrewkc/r2_ws/src/build/obstacle_avoidance/build/lib/obstacle_avoidance
[1.865s] copying obstacle_avoidance/obstacle_avoidance.py -> /home/andrewkc/r2_ws/src/build/obstacle_avoidance/build/lib/obstacle_avoidance
[1.865s] copying obstacle_avoidance/__init__.py -> /home/andrewkc/r2_ws/src/build/obstacle_avoidance/build/lib/obstacle_avoidance
[1.865s] running install
[1.872s] running install_lib
[1.895s] creating /home/andrewkc/r2_ws/src/install/obstacle_avoidance/lib/python3.10/site-packages/obstacle_avoidance
[1.895s] copying /home/andrewkc/r2_ws/src/build/obstacle_avoidance/build/lib/obstacle_avoidance/obstacle_avoidance.py -> /home/andrewkc/r2_ws/src/install/obstacle_avoidance/lib/python3.10/site-packages/obstacle_avoidance
[1.895s] copying /home/andrewkc/r2_ws/src/build/obstacle_avoidance/build/lib/obstacle_avoidance/__init__.py -> /home/andrewkc/r2_ws/src/install/obstacle_avoidance/lib/python3.10/site-packages/obstacle_avoidance
[1.896s] byte-compiling /home/andrewkc/r2_ws/src/install/obstacle_avoidance/lib/python3.10/site-packages/obstacle_avoidance/obstacle_avoidance.py to obstacle_avoidance.cpython-310.pyc
[1.897s] byte-compiling /home/andrewkc/r2_ws/src/install/obstacle_avoidance/lib/python3.10/site-packages/obstacle_avoidance/__init__.py to __init__.cpython-310.pyc
[1.897s] running install_data
[1.898s] creating /home/andrewkc/r2_ws/src/install/obstacle_avoidance/share/ament_index
[1.898s] creating /home/andrewkc/r2_ws/src/install/obstacle_avoidance/share/ament_index/resource_index
[1.898s] creating /home/andrewkc/r2_ws/src/install/obstacle_avoidance/share/ament_index/resource_index/packages
[1.898s] copying resource/obstacle_avoidance -> /home/andrewkc/r2_ws/src/install/obstacle_avoidance/share/ament_index/resource_index/packages
[1.898s] copying package.xml -> /home/andrewkc/r2_ws/src/install/obstacle_avoidance/share/obstacle_avoidance
[1.899s] running install_egg_info
[1.923s] Copying ../build/obstacle_avoidance/obstacle_avoidance.egg-info to /home/andrewkc/r2_ws/src/install/obstacle_avoidance/lib/python3.10/site-packages/obstacle_avoidance-0.0.0-py3.10.egg-info
[1.924s] running install_scripts
[2.116s] Installing obstacle_avoidance script to /home/andrewkc/r2_ws/src/install/obstacle_avoidance/lib/obstacle_avoidance
[2.117s] writing list of installed files to '/home/andrewkc/r2_ws/src/build/obstacle_avoidance/install.log'
[2.155s] Invoked command in '/home/andrewkc/r2_ws/src/obstacle_avoidance' returned '0': CONDA_PROMPT_MODIFIER=(base) PYTHONPATH=/home/andrewkc/r2_ws/src/build/obstacle_avoidance/prefix_override:/usr/lib/python3/dist-packages/colcon_core/task/python/colcon_distutils_commands:/home/andrewkc/r2_ws/src/install/obstacle_avoidance/lib/python3.10/site-packages:${PYTHONPATH} /usr/bin/python3 -W ignore:setup.py install is deprecated -W ignore:easy_install command is deprecated setup.py egg_info --egg-base ../build/obstacle_avoidance build --build-base /home/andrewkc/r2_ws/src/build/obstacle_avoidance/build install --record /home/andrewkc/r2_ws/src/build/obstacle_avoidance/install.log --single-version-externally-managed install_data
