[0.000000] (-) TimerEvent: {}
[0.000441] (my_first_pkg) JobQueued: {'identifier': 'my_first_pkg', 'dependencies': OrderedDict()}
[0.000520] (obstacle_avoidance) JobQueued: {'identifier': 'obstacle_avoidance', 'dependencies': OrderedDict()}
[0.000614] (my_first_pkg) JobStarted: {'identifier': 'my_first_pkg'}
[0.012422] (obstacle_avoidance) JobStarted: {'identifier': 'obstacle_avoidance'}
[0.098817] (-) TimerEvent: {}
[0.199367] (-) TimerEvent: {}
[0.299948] (-) TimerEvent: {}
[0.400521] (-) TimerEvent: {}
[0.501073] (-) TimerEvent: {}
[0.601514] (-) TimerEvent: {}
[0.702000] (-) TimerEvent: {}
[0.802461] (-) TimerEvent: {}
[0.902904] (-) TimerEvent: {}
[1.003326] (-) TimerEvent: {}
[1.103727] (-) TimerEvent: {}
[1.204124] (-) TimerEvent: {}
[1.304524] (-) TimerEvent: {}
[1.405642] (my_first_pkg) Command: {'cmd': ['/usr/bin/python3', '-W', 'ignore:setup.py install is deprecated', '-W', 'ignore:easy_install command is deprecated', 'setup.py', 'egg_info', '--egg-base', '../../build/my_first_pkg', 'build', '--build-base', '/home/andrewkc/r2_ws/build/my_first_pkg/build', 'install', '--record', '/home/andrewkc/r2_ws/build/my_first_pkg/install.log', '--single-version-externally-managed', 'install_data'], 'cwd': '/home/andrewkc/r2_ws/src/my_first_pkg', 'env': {'GJS_DEBUG_TOPICS': 'JS ERROR;JS LOG', 'CONDA_PROMPT_MODIFIER': '(base)', 'USER': 'andrewkc', 'WARP_HONOR_PS1': '0', 'XDG_SESSION_TYPE': 'x11', 'SHLVL': '1', 'LD_LIBRARY_PATH': '/usr/lib/x86_64-linux-gnu/gazebo-11/plugins:/opt/ros/humble/opt/rviz_ogre_vendor/lib:/opt/ros/humble/lib/x86_64-linux-gnu:/opt/ros/humble/lib:/usr/local/cuda/lib64:', 'HOME': '/home/andrewkc', 'OLDPWD': '/home/andrewkc/r2_ws/src', 'CONDA_SHLVL': '1', 'DESKTOP_SESSION': 'pop', 'TERM_PROGRAM_VERSION': 'v0.2024.11.19.08.02.stable_03', 'GIO_LAUNCHED_DESKTOP_FILE': '/usr/share/applications/dev.warp.Warp.desktop', 'WARP_USE_SSH_WRAPPER': '1', 'GNOME_SHELL_SESSION_MODE': 'pop', 'GTK_MODULES': 'gail:atk-bridge', 'ROS_PYTHON_VERSION': '3', 'MANAGERPID': '3806', 'FNM_ARCH': 'x64', 'DBUS_SESSION_BUS_ADDRESS': 'unix:path=/run/user/1000/bus', 'SYSTEMD_EXEC_PID': '3965', 'COLORTERM': 'truecolor', 'GIO_LAUNCHED_DESKTOP_FILE_PID': '179973', '_CE_M': '', 'CONDA_CHANGEPS1': 'false', 'FNM_LOGLEVEL': 'info', 'FNM_VERSION_FILE_STRATEGY': 'local', 'ROS_DISTRO': 'humble', 'GTK_IM_MODULE': 'ibus', 'LOGNAME': 'andrewkc', 'JOURNAL_STREAM': '9:27803', '_': '/usr/bin/colcon', 'FNM_NODE_DIST_MIRROR': 'https://nodejs.org/dist', 'XDG_SESSION_CLASS': 'user', 'ROS_VERSION': '2', 'SSH_SOCKET_DIR': '~/.ssh', 'TERM': 'xterm-256color', 'USERNAME': 'andrewkc', 'GNOME_DESKTOP_SESSION_ID': 'this-is-deprecated', 'WARP_IS_LOCAL_SHELL_SESSION': '1', '_CE_CONDA': '', 'ROS_LOCALHOST_ONLY': '0', 'WINDOWPATH': '2', 'PATH': '/opt/ros/humble/bin:/home/andrewkc/miniconda3/bin:/home/andrewkc/.console-ninja/.bin:/run/user/1000/fnm_multishells/190272_1733326463428/bin:/home/andrewkc/.local/share/fnm:/home/andrewkc/miniconda3/condabin:/home/andrewkc/miniconda3/bin:/home/andrewkc/.local/bin:/usr/local/cuda/bin:/home/andrewkc/.cargo/bin:/home/andrewkc/.local/bin:/usr/local/sbin:/usr/local/bin:/usr/sbin:/usr/bin:/sbin:/bin:/usr/games:/usr/local/games:/snap/bin:/snap/bin:/usr/local/bin', 'INVOCATION_ID': 'a09862d932f8420699e0cbd51fe7d504', 'SESSION_MANAGER': 'local/pop-os:@/tmp/.ICE-unix/3942,unix/pop-os:/tmp/.ICE-unix/3942', 'XDG_MENU_PREFIX': 'gnome-', 'XDG_RUNTIME_DIR': '/run/user/1000', 'DISPLAY': ':1', 'LANG': 'en_US.UTF-8', 'XDG_CURRENT_DESKTOP': 'pop:GNOME', 'TERM_PROGRAM': 'WarpTerminal', 'XAUTHORITY': '/run/user/1000/gdm/Xauthority', 'XDG_SESSION_DESKTOP': 'pop', 'XMODIFIERS': '@im=ibus', 'FNM_DIR': '/home/andrewkc/.local/share/fnm', 'SSH_AGENT_LAUNCHER': 'gnome-keyring', 'SSH_AUTH_SOCK': '/run/user/1000/keyring/ssh', 'CONDA_PYTHON_EXE': '/home/andrewkc/miniconda3/bin/python', 'FNM_RESOLVE_ENGINES': 'false', 'XML_CATALOG_FILES': 'file:///home/andrewkc/miniconda3/etc/xml/catalog file:///etc/xml/catalog', 'ROS_DOMAIN_ID': '30', 'AMENT_PREFIX_PATH': '/opt/ros/humble', 'SHELL': '/usr/bin/zsh', 'GDMSESSION': 'pop', 'QT_ACCESSIBILITY': '1', 'CONDA_DEFAULT_ENV': 'base', 'GJS_DEBUG_OUTPUT': 'stderr', 'GPG_AGENT_INFO': '/run/user/1000/gnupg/S.gpg-agent:0:1', 'QT_IM_MODULE': 'ibus', 'LC_ALL': 'en_US.UTF-8', 'PWD': '/home/andrewkc/r2_ws/build/my_first_pkg', 'FNM_MULTISHELL_PATH': '/run/user/1000/fnm_multishells/190272_1733326463428', 'TURTLEBOT3_MODEL': 'burger', 'XDG_CONFIG_DIRS': '/etc/xdg/xdg-pop:/etc/xdg', 'XDG_DATA_DIRS': '/usr/share/pop:/usr/share/gnome:/home/andrewkc/.local/share/flatpak/exports/share:/var/lib/flatpak/exports/share:/usr/local/share/:/usr/share/:/var/lib/snapd/desktop', 'CONDA_EXE': '/home/andrewkc/miniconda3/bin/conda', 'PYTHONPATH': '/home/andrewkc/r2_ws/build/my_first_pkg/prefix_override:/usr/lib/python3/dist-packages/colcon_core/task/python/colcon_distutils_commands:/home/andrewkc/r2_ws/install/my_first_pkg/lib/python3.10/site-packages:/opt/ros/humble/lib/python3.10/site-packages:/opt/ros/humble/local/lib/python3.10/dist-packages', 'FNM_COREPACK_ENABLED': 'false', 'CONDA_PREFIX': '/home/andrewkc/miniconda3', 'COLCON': '1'}, 'shell': False}
[1.411972] (-) TimerEvent: {}
[1.434443] (obstacle_avoidance) Command: {'cmd': ['/usr/bin/python3', '-W', 'ignore:setup.py install is deprecated', '-W', 'ignore:easy_install command is deprecated', 'setup.py', 'egg_info', '--egg-base', '../../build/obstacle_avoidance', 'build', '--build-base', '/home/andrewkc/r2_ws/build/obstacle_avoidance/build', 'install', '--record', '/home/andrewkc/r2_ws/build/obstacle_avoidance/install.log', '--single-version-externally-managed', 'install_data'], 'cwd': '/home/andrewkc/r2_ws/src/obstacle_avoidance', 'env': {'GJS_DEBUG_TOPICS': 'JS ERROR;JS LOG', 'CONDA_PROMPT_MODIFIER': '(base)', 'USER': 'andrewkc', 'WARP_HONOR_PS1': '0', 'XDG_SESSION_TYPE': 'x11', 'SHLVL': '1', 'LD_LIBRARY_PATH': '/usr/lib/x86_64-linux-gnu/gazebo-11/plugins:/opt/ros/humble/opt/rviz_ogre_vendor/lib:/opt/ros/humble/lib/x86_64-linux-gnu:/opt/ros/humble/lib:/usr/local/cuda/lib64:', 'HOME': '/home/andrewkc', 'OLDPWD': '/home/andrewkc/r2_ws/src', 'CONDA_SHLVL': '1', 'DESKTOP_SESSION': 'pop', 'TERM_PROGRAM_VERSION': 'v0.2024.11.19.08.02.stable_03', 'GIO_LAUNCHED_DESKTOP_FILE': '/usr/share/applications/dev.warp.Warp.desktop', 'WARP_USE_SSH_WRAPPER': '1', 'GNOME_SHELL_SESSION_MODE': 'pop', 'GTK_MODULES': 'gail:atk-bridge', 'ROS_PYTHON_VERSION': '3', 'MANAGERPID': '3806', 'FNM_ARCH': 'x64', 'DBUS_SESSION_BUS_ADDRESS': 'unix:path=/run/user/1000/bus', 'SYSTEMD_EXEC_PID': '3965', 'COLORTERM': 'truecolor', 'GIO_LAUNCHED_DESKTOP_FILE_PID': '179973', '_CE_M': '', 'CONDA_CHANGEPS1': 'false', 'FNM_LOGLEVEL': 'info', 'FNM_VERSION_FILE_STRATEGY': 'local', 'ROS_DISTRO': 'humble', 'GTK_IM_MODULE': 'ibus', 'LOGNAME': 'andrewkc', 'JOURNAL_STREAM': '9:27803', '_': '/usr/bin/colcon', 'FNM_NODE_DIST_MIRROR': 'https://nodejs.org/dist', 'XDG_SESSION_CLASS': 'user', 'ROS_VERSION': '2', 'SSH_SOCKET_DIR': '~/.ssh', 'TERM': 'xterm-256color', 'USERNAME': 'andrewkc', 'GNOME_DESKTOP_SESSION_ID': 'this-is-deprecated', 'WARP_IS_LOCAL_SHELL_SESSION': '1', '_CE_CONDA': '', 'ROS_LOCALHOST_ONLY': '0', 'WINDOWPATH': '2', 'PATH': '/opt/ros/humble/bin:/home/andrewkc/miniconda3/bin:/home/andrewkc/.console-ninja/.bin:/run/user/1000/fnm_multishells/190272_1733326463428/bin:/home/andrewkc/.local/share/fnm:/home/andrewkc/miniconda3/condabin:/home/andrewkc/miniconda3/bin:/home/andrewkc/.local/bin:/usr/local/cuda/bin:/home/andrewkc/.cargo/bin:/home/andrewkc/.local/bin:/usr/local/sbin:/usr/local/bin:/usr/sbin:/usr/bin:/sbin:/bin:/usr/games:/usr/local/games:/snap/bin:/snap/bin:/usr/local/bin', 'INVOCATION_ID': 'a09862d932f8420699e0cbd51fe7d504', 'SESSION_MANAGER': 'local/pop-os:@/tmp/.ICE-unix/3942,unix/pop-os:/tmp/.ICE-unix/3942', 'XDG_MENU_PREFIX': 'gnome-', 'XDG_RUNTIME_DIR': '/run/user/1000', 'DISPLAY': ':1', 'LANG': 'en_US.UTF-8', 'XDG_CURRENT_DESKTOP': 'pop:GNOME', 'TERM_PROGRAM': 'WarpTerminal', 'XAUTHORITY': '/run/user/1000/gdm/Xauthority', 'XDG_SESSION_DESKTOP': 'pop', 'XMODIFIERS': '@im=ibus', 'FNM_DIR': '/home/andrewkc/.local/share/fnm', 'SSH_AGENT_LAUNCHER': 'gnome-keyring', 'SSH_AUTH_SOCK': '/run/user/1000/keyring/ssh', 'CONDA_PYTHON_EXE': '/home/andrewkc/miniconda3/bin/python', 'FNM_RESOLVE_ENGINES': 'false', 'XML_CATALOG_FILES': 'file:///home/andrewkc/miniconda3/etc/xml/catalog file:///etc/xml/catalog', 'ROS_DOMAIN_ID': '30', 'AMENT_PREFIX_PATH': '/opt/ros/humble', 'SHELL': '/usr/bin/zsh', 'GDMSESSION': 'pop', 'QT_ACCESSIBILITY': '1', 'CONDA_DEFAULT_ENV': 'base', 'GJS_DEBUG_OUTPUT': 'stderr', 'GPG_AGENT_INFO': '/run/user/1000/gnupg/S.gpg-agent:0:1', 'QT_IM_MODULE': 'ibus', 'LC_ALL': 'en_US.UTF-8', 'PWD': '/home/andrewkc/r2_ws/build/obstacle_avoidance', 'FNM_MULTISHELL_PATH': '/run/user/1000/fnm_multishells/190272_1733326463428', 'TURTLEBOT3_MODEL': 'burger', 'XDG_CONFIG_DIRS': '/etc/xdg/xdg-pop:/etc/xdg', 'XDG_DATA_DIRS': '/usr/share/pop:/usr/share/gnome:/home/andrewkc/.local/share/flatpak/exports/share:/var/lib/flatpak/exports/share:/usr/local/share/:/usr/share/:/var/lib/snapd/desktop', 'CONDA_EXE': '/home/andrewkc/miniconda3/bin/conda', 'PYTHONPATH': '/home/andrewkc/r2_ws/build/obstacle_avoidance/prefix_override:/usr/lib/python3/dist-packages/colcon_core/task/python/colcon_distutils_commands:/home/andrewkc/r2_ws/install/obstacle_avoidance/lib/python3.10/site-packages:/opt/ros/humble/lib/python3.10/site-packages:/opt/ros/humble/local/lib/python3.10/dist-packages', 'FNM_COREPACK_ENABLED': 'false', 'CONDA_PREFIX': '/home/andrewkc/miniconda3', 'COLCON': '1'}, 'shell': False}
[1.512110] (-) TimerEvent: {}
[1.612526] (-) TimerEvent: {}
[1.712944] (-) TimerEvent: {}
[1.753096] (my_first_pkg) StdoutLine: {'line': b'running egg_info\n'}
[1.775867] (my_first_pkg) StdoutLine: {'line': b'writing ../../build/my_first_pkg/my_first_pkg.egg-info/PKG-INFO\n'}
[1.776497] (my_first_pkg) StdoutLine: {'line': b'writing dependency_links to ../../build/my_first_pkg/my_first_pkg.egg-info/dependency_links.txt\n'}
[1.776793] (my_first_pkg) StdoutLine: {'line': b'writing entry points to ../../build/my_first_pkg/my_first_pkg.egg-info/entry_points.txt\n'}
[1.777050] (my_first_pkg) StdoutLine: {'line': b'writing requirements to ../../build/my_first_pkg/my_first_pkg.egg-info/requires.txt\n'}
[1.777296] (my_first_pkg) StdoutLine: {'line': b'writing top-level names to ../../build/my_first_pkg/my_first_pkg.egg-info/top_level.txt\n'}
[1.788285] (obstacle_avoidance) StdoutLine: {'line': b'running egg_info\n'}
[1.812044] (obstacle_avoidance) StdoutLine: {'line': b'writing ../../build/obstacle_avoidance/obstacle_avoidance.egg-info/PKG-INFO\n'}
[1.812661] (obstacle_avoidance) StdoutLine: {'line': b'writing dependency_links to ../../build/obstacle_avoidance/obstacle_avoidance.egg-info/dependency_links.txt\n'}
[1.812967] (obstacle_avoidance) StdoutLine: {'line': b'writing entry points to ../../build/obstacle_avoidance/obstacle_avoidance.egg-info/entry_points.txt\n'}
[1.813108] (-) TimerEvent: {}
[1.813403] (obstacle_avoidance) StdoutLine: {'line': b'writing requirements to ../../build/obstacle_avoidance/obstacle_avoidance.egg-info/requires.txt\n'}
[1.813578] (obstacle_avoidance) StdoutLine: {'line': b'writing top-level names to ../../build/obstacle_avoidance/obstacle_avoidance.egg-info/top_level.txt\n'}
[1.824392] (my_first_pkg) StdoutLine: {'line': b"reading manifest file '../../build/my_first_pkg/my_first_pkg.egg-info/SOURCES.txt'\n"}
[1.826161] (my_first_pkg) StdoutLine: {'line': b"writing manifest file '../../build/my_first_pkg/my_first_pkg.egg-info/SOURCES.txt'\n"}
[1.826511] (my_first_pkg) StdoutLine: {'line': b'running build\n'}
[1.826802] (my_first_pkg) StdoutLine: {'line': b'running build_py\n'}
[1.827003] (my_first_pkg) StdoutLine: {'line': b'copying my_first_pkg/minimal_publisher.py -> /home/andrewkc/r2_ws/build/my_first_pkg/build/lib/my_first_pkg\n'}
[1.827245] (my_first_pkg) StdoutLine: {'line': b'copying my_first_pkg/__init__.py -> /home/andrewkc/r2_ws/build/my_first_pkg/build/lib/my_first_pkg\n'}
[1.827731] (my_first_pkg) StdoutLine: {'line': b'running install\n'}
[1.834583] (my_first_pkg) StdoutLine: {'line': b'running install_lib\n'}
[1.857962] (my_first_pkg) StdoutLine: {'line': b'running install_data\n'}
[1.858362] (my_first_pkg) StdoutLine: {'line': b'copying resource/my_first_pkg -> /home/andrewkc/r2_ws/install/my_first_pkg/share/ament_index/resource_index/packages\n'}
[1.858671] (my_first_pkg) StdoutLine: {'line': b'copying package.xml -> /home/andrewkc/r2_ws/install/my_first_pkg/share/my_first_pkg\n'}
[1.858835] (my_first_pkg) StdoutLine: {'line': b'running install_egg_info\n'}
[1.862794] (obstacle_avoidance) StdoutLine: {'line': b"reading manifest file '../../build/obstacle_avoidance/obstacle_avoidance.egg-info/SOURCES.txt'\n"}
[1.864599] (obstacle_avoidance) StdoutLine: {'line': b"writing manifest file '../../build/obstacle_avoidance/obstacle_avoidance.egg-info/SOURCES.txt'\n"}
[1.865031] (obstacle_avoidance) StdoutLine: {'line': b'running build\n'}
[1.865215] (obstacle_avoidance) StdoutLine: {'line': b'running build_py\n'}
[1.865370] (obstacle_avoidance) StdoutLine: {'line': b'copying obstacle_avoidance/obstacle_avoidance.py -> /home/andrewkc/r2_ws/build/obstacle_avoidance/build/lib/obstacle_avoidance\n'}
[1.865605] (obstacle_avoidance) StdoutLine: {'line': b'copying obstacle_avoidance/__init__.py -> /home/andrewkc/r2_ws/build/obstacle_avoidance/build/lib/obstacle_avoidance\n'}
[1.865882] (obstacle_avoidance) StdoutLine: {'line': b'running install\n'}
[1.872571] (obstacle_avoidance) StdoutLine: {'line': b'running install_lib\n'}
[1.882811] (my_first_pkg) StdoutLine: {'line': b"removing '/home/andrewkc/r2_ws/install/my_first_pkg/lib/python3.10/site-packages/my_first_pkg-0.0.0-py3.10.egg-info' (and everything under it)\n"}
[1.883312] (my_first_pkg) StdoutLine: {'line': b'Copying ../../build/my_first_pkg/my_first_pkg.egg-info to /home/andrewkc/r2_ws/install/my_first_pkg/lib/python3.10/site-packages/my_first_pkg-0.0.0-py3.10.egg-info\n'}
[1.884591] (my_first_pkg) StdoutLine: {'line': b'running install_scripts\n'}
[1.896540] (obstacle_avoidance) StdoutLine: {'line': b'running install_data\n'}
[1.896849] (obstacle_avoidance) StdoutLine: {'line': b'copying resource/obstacle_avoidance -> /home/andrewkc/r2_ws/install/obstacle_avoidance/share/ament_index/resource_index/packages\n'}
[1.897062] (obstacle_avoidance) StdoutLine: {'line': b'copying package.xml -> /home/andrewkc/r2_ws/install/obstacle_avoidance/share/obstacle_avoidance\n'}
[1.897299] (obstacle_avoidance) StdoutLine: {'line': b'running install_egg_info\n'}
[1.913273] (-) TimerEvent: {}
[1.921749] (obstacle_avoidance) StdoutLine: {'line': b"removing '/home/andrewkc/r2_ws/install/obstacle_avoidance/lib/python3.10/site-packages/obstacle_avoidance-0.0.0-py3.10.egg-info' (and everything under it)\n"}
[1.922273] (obstacle_avoidance) StdoutLine: {'line': b'Copying ../../build/obstacle_avoidance/obstacle_avoidance.egg-info to /home/andrewkc/r2_ws/install/obstacle_avoidance/lib/python3.10/site-packages/obstacle_avoidance-0.0.0-py3.10.egg-info\n'}
[1.923574] (obstacle_avoidance) StdoutLine: {'line': b'running install_scripts\n'}
[2.013431] (-) TimerEvent: {}
[2.074423] (my_first_pkg) StdoutLine: {'line': b'Installing minimal_publisher script to /home/andrewkc/r2_ws/install/my_first_pkg/lib/my_first_pkg\n'}
[2.074917] (my_first_pkg) StdoutLine: {'line': b"writing list of installed files to '/home/andrewkc/r2_ws/build/my_first_pkg/install.log'\n"}
[2.112093] (my_first_pkg) CommandEnded: {'returncode': 0}
[2.113985] (-) TimerEvent: {}
[2.115132] (obstacle_avoidance) StdoutLine: {'line': b'Installing obstacle_avoidance script to /home/andrewkc/r2_ws/install/obstacle_avoidance/lib/obstacle_avoidance\n'}
[2.115487] (obstacle_avoidance) StdoutLine: {'line': b"writing list of installed files to '/home/andrewkc/r2_ws/build/obstacle_avoidance/install.log'\n"}
[2.136743] (my_first_pkg) JobEnded: {'identifier': 'my_first_pkg', 'rc': 0}
[2.156478] (obstacle_avoidance) CommandEnded: {'returncode': 0}
[2.170250] (obstacle_avoidance) JobEnded: {'identifier': 'obstacle_avoidance', 'rc': 0}
[2.171709] (-) EventReactorShutdown: {}
