[7.930s] Invoking command in '/home/andrewkc/r2_ws/src/my_first_pkg': CONDA_PROMPT_MODIFIER=(base) PYTHONPATH=/home/andrewkc/r2_ws/build/my_first_pkg/prefix_override:/usr/lib/python3/dist-packages/colcon_core/task/python/colcon_distutils_commands:/home/andrewkc/r2_ws/install/my_first_pkg/lib/python3.10/site-packages:${PYTHONPATH} /usr/bin/python3 -W ignore:setup.py install is deprecated -W ignore:easy_install command is deprecated setup.py egg_info --egg-base ../../build/my_first_pkg build --build-base /home/andrewkc/r2_ws/build/my_first_pkg/build install --record /home/andrewkc/r2_ws/build/my_first_pkg/install.log --single-version-externally-managed install_data
[8.082s] /home/andrewkc/.local/lib/python3.10/site-packages/setuptools/_distutils/dist.py:261: UserWarning: Unknown distribution option: 'tests_require'
[8.082s]   warnings.warn(msg)
[8.168s] running egg_info
[8.168s] creating ../../build/my_first_pkg/my_first_pkg.egg-info
[8.182s] writing ../../build/my_first_pkg/my_first_pkg.egg-info/PKG-INFO
[8.182s] writing dependency_links to ../../build/my_first_pkg/my_first_pkg.egg-info/dependency_links.txt
[8.182s] writing entry points to ../../build/my_first_pkg/my_first_pkg.egg-info/entry_points.txt
[8.183s] writing requirements to ../../build/my_first_pkg/my_first_pkg.egg-info/requires.txt
[8.183s] writing top-level names to ../../build/my_first_pkg/my_first_pkg.egg-info/top_level.txt
[8.183s] writing manifest file '../../build/my_first_pkg/my_first_pkg.egg-info/SOURCES.txt'
[8.212s] reading manifest file '../../build/my_first_pkg/my_first_pkg.egg-info/SOURCES.txt'
[8.212s] writing manifest file '../../build/my_first_pkg/my_first_pkg.egg-info/SOURCES.txt'
[8.213s] running build
[8.213s] running build_py
[8.213s] creating /home/andrewkc/r2_ws/build/my_first_pkg/build
[8.213s] creating /home/andrewkc/r2_ws/build/my_first_pkg/build/lib
[8.213s] creating /home/andrewkc/r2_ws/build/my_first_pkg/build/lib/my_first_pkg
[8.214s] copying my_first_pkg/minimal_publisher.py -> /home/andrewkc/r2_ws/build/my_first_pkg/build/lib/my_first_pkg
[8.214s] copying my_first_pkg/__init__.py -> /home/andrewkc/r2_ws/build/my_first_pkg/build/lib/my_first_pkg
[8.214s] running install
[8.217s] running install_lib
[8.232s] creating /home/andrewkc/r2_ws/install/my_first_pkg/lib/python3.10/site-packages/my_first_pkg
[8.232s] copying /home/andrewkc/r2_ws/build/my_first_pkg/build/lib/my_first_pkg/minimal_publisher.py -> /home/andrewkc/r2_ws/install/my_first_pkg/lib/python3.10/site-packages/my_first_pkg
[8.232s] copying /home/andrewkc/r2_ws/build/my_first_pkg/build/lib/my_first_pkg/__init__.py -> /home/andrewkc/r2_ws/install/my_first_pkg/lib/python3.10/site-packages/my_first_pkg
[8.232s] byte-compiling /home/andrewkc/r2_ws/install/my_first_pkg/lib/python3.10/site-packages/my_first_pkg/minimal_publisher.py to minimal_publisher.cpython-310.pyc
[8.232s] byte-compiling /home/andrewkc/r2_ws/install/my_first_pkg/lib/python3.10/site-packages/my_first_pkg/__init__.py to __init__.cpython-310.pyc
[8.233s] running install_data
[8.233s] creating /home/andrewkc/r2_ws/install/my_first_pkg/share/ament_index
[8.233s] creating /home/andrewkc/r2_ws/install/my_first_pkg/share/ament_index/resource_index
[8.233s] creating /home/andrewkc/r2_ws/install/my_first_pkg/share/ament_index/resource_index/packages
[8.233s] copying resource/my_first_pkg -> /home/andrewkc/r2_ws/install/my_first_pkg/share/ament_index/resource_index/packages
[8.233s] copying package.xml -> /home/andrewkc/r2_ws/install/my_first_pkg/share/my_first_pkg
[8.234s] running install_egg_info
[8.249s] Copying ../../build/my_first_pkg/my_first_pkg.egg-info to /home/andrewkc/r2_ws/install/my_first_pkg/lib/python3.10/site-packages/my_first_pkg-0.0.0-py3.10.egg-info
[8.250s] running install_scripts
[8.368s] Installing minimal_publisher script to /home/andrewkc/r2_ws/install/my_first_pkg/lib/my_first_pkg
[8.368s] writing list of installed files to '/home/andrewkc/r2_ws/build/my_first_pkg/install.log'
[8.398s] Invoked command in '/home/andrewkc/r2_ws/src/my_first_pkg' returned '0': CONDA_PROMPT_MODIFIER=(base) PYTHONPATH=/home/andrewkc/r2_ws/build/my_first_pkg/prefix_override:/usr/lib/python3/dist-packages/colcon_core/task/python/colcon_distutils_commands:/home/andrewkc/r2_ws/install/my_first_pkg/lib/python3.10/site-packages:${PYTHONPATH} /usr/bin/python3 -W ignore:setup.py install is deprecated -W ignore:easy_install command is deprecated setup.py egg_info --egg-base ../../build/my_first_pkg build --build-base /home/andrewkc/r2_ws/build/my_first_pkg/build install --record /home/andrewkc/r2_ws/build/my_first_pkg/install.log --single-version-externally-managed install_data
