[0.322s] Invoking command in '/home/andrewkc/Projects/dl-project/r2_ws/build/usb_cam': CMAKE_PREFIX_PATH=/opt/ros/humble CONDA_PROMPT_MODIFIER=(base) /usr/bin/cmake /home/andrewkc/Projects/dl-project/r2_ws/src/usb_cam -DCMAKE_INSTALL_PREFIX=/home/andrewkc/Projects/dl-project/r2_ws/install/usb_cam
[3.771s] -- The C compiler identification is GNU 11.4.0
[6.479s] -- The CXX compiler identification is GNU 11.4.0
[6.651s] -- Detecting C compiler ABI info
[7.778s] -- Detecting C compiler ABI info - done
[7.791s] -- Check for working C compiler: /usr/bin/cc - skipped
[7.793s] -- Detecting C compile features
[7.825s] -- Detecting C compile features - done
[7.831s] -- Detecting CXX compiler ABI info
[8.083s] -- Detecting CXX compiler ABI info - done
[8.095s] -- Check for working CXX compiler: /usr/bin/c++ - skipped
[8.095s] -- Detecting CXX compile features
[8.097s] -- Detecting CXX compile features - done
[8.178s] -- Found ament_cmake_auto: 1.3.10 (/opt/ros/humble/share/ament_cmake_auto/cmake)
[9.643s] -- Found Python3: /home/andrewkc/miniconda3/bin/python3 (found version "3.12.5") found components: Interpreter 
[10.950s] -- Found rosidl_generator_c: 3.1.5 (/opt/ros/humble/share/rosidl_generator_c/cmake)
[10.983s] -- Found rosidl_adapter: 3.1.5 (/opt/ros/humble/share/rosidl_adapter/cmake)
[11.046s] -- Found rosidl_generator_cpp: 3.1.5 (/opt/ros/humble/share/rosidl_generator_cpp/cmake)
[11.128s] -- Using all available rosidl_typesupport_c: rosidl_typesupport_fastrtps_c;rosidl_typesupport_introspection_c
[11.197s] -- Using all available rosidl_typesupport_cpp: rosidl_typesupport_fastrtps_cpp;rosidl_typesupport_introspection_cpp
[11.447s] -- Found rmw_implementation_cmake: 6.1.2 (/opt/ros/humble/share/rmw_implementation_cmake/cmake)
[11.457s] -- Found rmw_fastrtps_cpp: 6.2.7 (/opt/ros/humble/share/rmw_fastrtps_cpp/cmake)
[12.187s] -- Found OpenSSL: /usr/lib/x86_64-linux-gnu/libcrypto.so (found version "3.0.2")  
[12.247s] -- Found FastRTPS: /opt/ros/humble/include  
[12.332s] -- Using RMW implementation 'rmw_fastrtps_cpp' as default
[12.456s] -- Looking for pthread.h
[13.055s] -- Looking for pthread.h - found
[13.056s] -- Performing Test CMAKE_HAVE_LIBC_PTHREAD
[13.242s] -- Performing Test CMAKE_HAVE_LIBC_PTHREAD - Success
[13.244s] -- Found Threads: TRUE  
[14.320s] -- Found OpenCV: /usr (found version "4.5.4") 
[14.329s] -- Found PkgConfig: /usr/bin/pkg-config (found version "0.29.2") 
[14.331s] -- Checking for module 'libavcodec'
[14.422s] --   Found libavcodec, version 58.134.100
[14.505s] -- Checking for module 'libavutil'
[14.536s] --   Found libavutil, version 56.70.100
[14.618s] -- Checking for module 'libswscale'
[14.751s] --   Found libswscale, version 5.9.100
[14.872s] -- Found ament_lint_auto: 0.12.11 (/opt/ros/humble/share/ament_lint_auto/cmake)
[15.184s] -- Found gtest sources under '/opt/ros/humble/src/gtest_vendor': C++ tests using 'Google Test' will be built
[15.213s] -- Added test 'copyright' to check source files copyright and LICENSE
[15.224s] -- Added test 'cppcheck' to perform static code analysis on C / C++ code
[15.224s] -- Configured cppcheck include dirs: /home/andrewkc/Projects/dl-project/r2_ws/src/usb_cam/include
[15.225s] -- Configured cppcheck exclude dirs and/or files: 
[15.236s] -- Added test 'cpplint' to check C / C++ code against the Google style
[15.236s] -- Configured cpplint exclude dirs and/or files: 
[15.238s] -- Added test 'flake8' to check Python code syntax and style conventions
[15.241s] -- Added test 'lint_cmake' to check CMake code style
[15.243s] -- Added test 'pep257' to check Python code against some of the docstring style conventions in PEP 257
[15.254s] -- Added test 'uncrustify' to check C / C++ code style
[15.255s] -- Configured uncrustify additional arguments: 
[15.257s] -- Added test 'xmllint' to check XML markup files
[15.281s] -- Configuring done
[15.392s] -- Generating done
[15.409s] -- Build files have been written to: /home/andrewkc/Projects/dl-project/r2_ws/build/usb_cam
[15.428s] Invoked command in '/home/andrewkc/Projects/dl-project/r2_ws/build/usb_cam' returned '0': CMAKE_PREFIX_PATH=/opt/ros/humble CONDA_PROMPT_MODIFIER=(base) /usr/bin/cmake /home/andrewkc/Projects/dl-project/r2_ws/src/usb_cam -DCMAKE_INSTALL_PREFIX=/home/andrewkc/Projects/dl-project/r2_ws/install/usb_cam
[15.430s] Invoking command in '/home/andrewkc/Projects/dl-project/r2_ws/build/usb_cam': CMAKE_PREFIX_PATH=/opt/ros/humble CONDA_PROMPT_MODIFIER=(base) /usr/bin/cmake --build /home/andrewkc/Projects/dl-project/r2_ws/build/usb_cam -- -j12 -l12
[15.529s] [ 14%] [32mBuilding CXX object CMakeFiles/usb_cam_node_exe.dir/rclcpp_components/node_main_usb_cam_node_exe.cpp.o[0m
[15.529s] [ 14%] [32mBuilding CXX object CMakeFiles/usb_cam.dir/src/usb_cam.cpp.o[0m
[15.531s] [ 28%] [32mBuilding CXX object gtest/CMakeFiles/gtest_main.dir/src/gtest_main.cc.o[0m
[15.531s] [ 28%] [32mBuilding CXX object gtest/CMakeFiles/gtest.dir/src/gtest-all.cc.o[0m
[18.534s] [ 35%] [32m[1mLinking CXX static library libgtest_main.a[0m
[18.681s] [ 35%] Built target gtest_main
[20.634s] [ 42%] [32m[1mLinking CXX shared library libusb_cam.so[0m
[22.005s] [ 42%] Built target usb_cam
[22.049s] [ 50%] [32mBuilding CXX object CMakeFiles/usb_cam_node.dir/src/ros2/usb_cam_node.cpp.o[0m
[22.099s] [ 57%] [32m[1mLinking CXX static library libgtest.a[0m
[22.218s] [ 57%] Built target gtest
[22.255s] [ 64%] [32mBuilding CXX object CMakeFiles/test_usb_cam_utils.dir/test/test_usb_cam_utils.cpp.o[0m
[22.257s] [ 71%] [32mBuilding CXX object CMakeFiles/test_pixel_formats.dir/test/test_pixel_formats.cpp.o[0m
[22.480s] [ 78%] [32m[1mLinking CXX executable usb_cam_node_exe[0m
[23.734s] [ 78%] Built target usb_cam_node_exe
[24.023s] [ 85%] [32m[1mLinking CXX executable test_usb_cam_utils[0m
[24.323s] [ 85%] Built target test_usb_cam_utils
[24.438s] [ 92%] [32m[1mLinking CXX executable test_pixel_formats[0m
[24.700s] [ 92%] Built target test_pixel_formats
[30.110s] [100%] [32m[1mLinking CXX shared library libusb_cam_node.so[0m
[31.062s] [100%] Built target usb_cam_node
[31.082s] Invoked command in '/home/andrewkc/Projects/dl-project/r2_ws/build/usb_cam' returned '0': CMAKE_PREFIX_PATH=/opt/ros/humble CONDA_PROMPT_MODIFIER=(base) /usr/bin/cmake --build /home/andrewkc/Projects/dl-project/r2_ws/build/usb_cam -- -j12 -l12
[31.098s] Invoking command in '/home/andrewkc/Projects/dl-project/r2_ws/build/usb_cam': CMAKE_PREFIX_PATH=/opt/ros/humble CONDA_PROMPT_MODIFIER=(base) /usr/bin/cmake --install /home/andrewkc/Projects/dl-project/r2_ws/build/usb_cam
[31.115s] -- Install configuration: ""
[31.115s] -- Installing: /home/andrewkc/Projects/dl-project/r2_ws/install/usb_cam/share/usb_cam/environment/library_path.sh
[31.115s] -- Installing: /home/andrewkc/Projects/dl-project/r2_ws/install/usb_cam/share/usb_cam/environment/library_path.dsv
[31.115s] -- Installing: /home/andrewkc/Projects/dl-project/r2_ws/install/usb_cam/lib/usb_cam/usb_cam_node_exe
[31.116s] -- Set runtime path of "/home/andrewkc/Projects/dl-project/r2_ws/install/usb_cam/lib/usb_cam/usb_cam_node_exe" to ""
[31.116s] -- Installing: /home/andrewkc/Projects/dl-project/r2_ws/install/usb_cam/lib/usb_cam/show_image.py
[31.116s] -- Installing: /home/andrewkc/Projects/dl-project/r2_ws/install/usb_cam/lib/libusb_cam.so
[31.118s] -- Installing: /home/andrewkc/Projects/dl-project/r2_ws/install/usb_cam/lib/libusb_cam_node.so
[31.124s] -- Set runtime path of "/home/andrewkc/Projects/dl-project/r2_ws/install/usb_cam/lib/libusb_cam_node.so" to ""
[31.124s] -- Installing: /home/andrewkc/Projects/dl-project/r2_ws/install/usb_cam/include
[31.125s] -- Installing: /home/andrewkc/Projects/dl-project/r2_ws/install/usb_cam/include/usb_cam
[31.125s] -- Installing: /home/andrewkc/Projects/dl-project/r2_ws/install/usb_cam/include/usb_cam/conversions.hpp
[31.125s] -- Installing: /home/andrewkc/Projects/dl-project/r2_ws/install/usb_cam/include/usb_cam/usb_cam.hpp
[31.125s] -- Installing: /home/andrewkc/Projects/dl-project/r2_ws/install/usb_cam/include/usb_cam/constants.hpp
[31.125s] -- Installing: /home/andrewkc/Projects/dl-project/r2_ws/install/usb_cam/include/usb_cam/utils.hpp
[31.126s] -- Installing: /home/andrewkc/Projects/dl-project/r2_ws/install/usb_cam/include/usb_cam/formats
[31.126s] -- Installing: /home/andrewkc/Projects/dl-project/r2_ws/install/usb_cam/include/usb_cam/formats/rgb.hpp
[31.126s] -- Installing: /home/andrewkc/Projects/dl-project/r2_ws/install/usb_cam/include/usb_cam/formats/uyvy.hpp
[31.126s] -- Installing: /home/andrewkc/Projects/dl-project/r2_ws/install/usb_cam/include/usb_cam/formats/yuyv.hpp
[31.126s] -- Installing: /home/andrewkc/Projects/dl-project/r2_ws/install/usb_cam/include/usb_cam/formats/mono.hpp
[31.127s] -- Installing: /home/andrewkc/Projects/dl-project/r2_ws/install/usb_cam/include/usb_cam/formats/m420.hpp
[31.127s] -- Installing: /home/andrewkc/Projects/dl-project/r2_ws/install/usb_cam/include/usb_cam/formats/utils.hpp
[31.127s] -- Installing: /home/andrewkc/Projects/dl-project/r2_ws/install/usb_cam/include/usb_cam/formats/pixel_format_base.hpp
[31.127s] -- Installing: /home/andrewkc/Projects/dl-project/r2_ws/install/usb_cam/include/usb_cam/formats/av_pixel_format_helper.hpp
[31.127s] -- Installing: /home/andrewkc/Projects/dl-project/r2_ws/install/usb_cam/include/usb_cam/formats/mjpeg.hpp
[31.127s] -- Installing: /home/andrewkc/Projects/dl-project/r2_ws/install/usb_cam/include/usb_cam/usb_cam_node.hpp
[31.128s] -- Up-to-date: /home/andrewkc/Projects/dl-project/r2_ws/install/usb_cam/lib/libusb_cam_node.so
[31.128s] -- Installing: /home/andrewkc/Projects/dl-project/r2_ws/install/usb_cam/share/usb_cam/launch
[31.128s] -- Installing: /home/andrewkc/Projects/dl-project/r2_ws/install/usb_cam/share/usb_cam/launch/camera_config.py
[31.128s] -- Installing: /home/andrewkc/Projects/dl-project/r2_ws/install/usb_cam/share/usb_cam/launch/camera.launch.py
[31.128s] -- Installing: /home/andrewkc/Projects/dl-project/r2_ws/install/usb_cam/share/usb_cam/launch/__init__.py
[31.129s] -- Installing: /home/andrewkc/Projects/dl-project/r2_ws/install/usb_cam/share/usb_cam/config
[31.129s] -- Installing: /home/andrewkc/Projects/dl-project/r2_ws/install/usb_cam/share/usb_cam/config/camera_info.yaml
[31.129s] -- Installing: /home/andrewkc/Projects/dl-project/r2_ws/install/usb_cam/share/usb_cam/config/params_1.yaml
[31.129s] -- Installing: /home/andrewkc/Projects/dl-project/r2_ws/install/usb_cam/share/usb_cam/config/params_2.yaml
[31.129s] -- Installing: /home/andrewkc/Projects/dl-project/r2_ws/install/usb_cam/share/ament_index/resource_index/package_run_dependencies/usb_cam
[31.130s] -- Installing: /home/andrewkc/Projects/dl-project/r2_ws/install/usb_cam/share/ament_index/resource_index/parent_prefix_path/usb_cam
[31.130s] -- Installing: /home/andrewkc/Projects/dl-project/r2_ws/install/usb_cam/share/usb_cam/environment/ament_prefix_path.sh
[31.130s] -- Installing: /home/andrewkc/Projects/dl-project/r2_ws/install/usb_cam/share/usb_cam/environment/ament_prefix_path.dsv
[31.130s] -- Installing: /home/andrewkc/Projects/dl-project/r2_ws/install/usb_cam/share/usb_cam/environment/path.sh
[31.130s] -- Installing: /home/andrewkc/Projects/dl-project/r2_ws/install/usb_cam/share/usb_cam/environment/path.dsv
[31.130s] -- Installing: /home/andrewkc/Projects/dl-project/r2_ws/install/usb_cam/share/usb_cam/local_setup.bash
[31.131s] -- Installing: /home/andrewkc/Projects/dl-project/r2_ws/install/usb_cam/share/usb_cam/local_setup.sh
[31.131s] -- Installing: /home/andrewkc/Projects/dl-project/r2_ws/install/usb_cam/share/usb_cam/local_setup.zsh
[31.131s] -- Installing: /home/andrewkc/Projects/dl-project/r2_ws/install/usb_cam/share/usb_cam/local_setup.dsv
[31.131s] -- Installing: /home/andrewkc/Projects/dl-project/r2_ws/install/usb_cam/share/usb_cam/package.dsv
[31.131s] -- Installing: /home/andrewkc/Projects/dl-project/r2_ws/install/usb_cam/share/ament_index/resource_index/packages/usb_cam
[31.131s] -- Installing: /home/andrewkc/Projects/dl-project/r2_ws/install/usb_cam/share/ament_index/resource_index/rclcpp_components/usb_cam
[31.132s] -- Installing: /home/andrewkc/Projects/dl-project/r2_ws/install/usb_cam/share/usb_cam/cmake/ament_cmake_export_libraries-extras.cmake
[31.132s] -- Installing: /home/andrewkc/Projects/dl-project/r2_ws/install/usb_cam/share/usb_cam/cmake/ament_cmake_export_dependencies-extras.cmake
[31.132s] -- Installing: /home/andrewkc/Projects/dl-project/r2_ws/install/usb_cam/share/usb_cam/cmake/ament_cmake_export_include_directories-extras.cmake
[31.132s] -- Installing: /home/andrewkc/Projects/dl-project/r2_ws/install/usb_cam/share/usb_cam/cmake/usb_camConfig.cmake
[31.132s] -- Installing: /home/andrewkc/Projects/dl-project/r2_ws/install/usb_cam/share/usb_cam/cmake/usb_camConfig-version.cmake
[31.132s] -- Installing: /home/andrewkc/Projects/dl-project/r2_ws/install/usb_cam/share/usb_cam/package.xml
[31.136s] Invoked command in '/home/andrewkc/Projects/dl-project/r2_ws/build/usb_cam' returned '0': CMAKE_PREFIX_PATH=/opt/ros/humble CONDA_PROMPT_MODIFIER=(base) /usr/bin/cmake --install /home/andrewkc/Projects/dl-project/r2_ws/build/usb_cam
