[0.000000] (-) TimerEvent: {}
[0.001227] (my_first_pkg) JobQueued: {'identifier': 'my_first_pkg', 'dependencies': OrderedDict()}
[0.001464] (obstacle_avoidance) JobQueued: {'identifier': 'obstacle_avoidance', 'dependencies': OrderedDict()}
[0.001536] (my_first_pkg) JobStarted: {'identifier': 'my_first_pkg'}
[0.012620] (obstacle_avoidance) JobStarted: {'identifier': 'obstacle_avoidance'}
[0.099556] (-) TimerEvent: {}
[0.200102] (-) TimerEvent: {}
[0.300692] (-) TimerEvent: {}
[0.401214] (-) TimerEvent: {}
[0.501647] (-) TimerEvent: {}
[0.602066] (-) TimerEvent: {}
[0.702472] (-) TimerEvent: {}
[0.802849] (-) TimerEvent: {}
[0.903226] (-) TimerEvent: {}
[1.003659] (-) TimerEvent: {}
[1.104039] (-) TimerEvent: {}
[1.204439] (-) TimerEvent: {}
[1.304824] (-) TimerEvent: {}
[1.396514] (my_first_pkg) Command: {'cmd': ['/usr/bin/python3', '-W', 'ignore:setup.py install is deprecated', '-W', 'ignore:easy_install command is deprecated', 'setup.py', 'develop', '--uninstall', '--editable', '--build-directory', '/home/andrewkc/r2_ws/build/my_first_pkg/build'], 'cwd': '/home/andrewkc/r2_ws/build/my_first_pkg', 'env': {'GJS_DEBUG_TOPICS': 'JS ERROR;JS LOG', 'CONDA_PROMPT_MODIFIER': '(base)', 'USER': 'andrewkc', 'WARP_HONOR_PS1': '0', 'XDG_SESSION_TYPE': 'x11', 'SHLVL': '1', 'LD_LIBRARY_PATH': '/usr/lib/x86_64-linux-gnu/gazebo-11/plugins:/opt/ros/humble/opt/rviz_ogre_vendor/lib:/opt/ros/humble/lib/x86_64-linux-gnu:/opt/ros/humble/lib:/usr/local/cuda/lib64:', 'HOME': '/home/andrewkc', 'OLDPWD': '/home/andrewkc', 'CONDA_SHLVL': '1', 'DESKTOP_SESSION': 'pop', 'TERM_PROGRAM_VERSION': 'v0.2024.11.19.08.02.stable_03', 'GIO_LAUNCHED_DESKTOP_FILE': '/usr/share/applications/dev.warp.Warp.desktop', 'WARP_USE_SSH_WRAPPER': '1', 'GNOME_SHELL_SESSION_MODE': 'pop', 'GTK_MODULES': 'gail:atk-bridge', 'ROS_PYTHON_VERSION': '3', 'MANAGERPID': '3806', 'FNM_ARCH': 'x64', 'DBUS_SESSION_BUS_ADDRESS': 'unix:path=/run/user/1000/bus', 'SYSTEMD_EXEC_PID': '3965', 'COLORTERM': 'truecolor', 'GIO_LAUNCHED_DESKTOP_FILE_PID': '179973', '_CE_M': '', 'CONDA_CHANGEPS1': 'false', 'FNM_LOGLEVEL': 'info', 'FNM_VERSION_FILE_STRATEGY': 'local', 'ROS_DISTRO': 'humble', 'GTK_IM_MODULE': 'ibus', 'LOGNAME': 'andrewkc', 'JOURNAL_STREAM': '9:27803', '_': '/usr/bin/colcon', 'FNM_NODE_DIST_MIRROR': 'https://nodejs.org/dist', 'XDG_SESSION_CLASS': 'user', 'ROS_VERSION': '2', 'SSH_SOCKET_DIR': '~/.ssh', 'TERM': 'xterm-256color', 'USERNAME': 'andrewkc', 'GNOME_DESKTOP_SESSION_ID': 'this-is-deprecated', 'WARP_IS_LOCAL_SHELL_SESSION': '1', '_CE_CONDA': '', 'ROS_LOCALHOST_ONLY': '0', 'WINDOWPATH': '2', 'PATH': '/opt/ros/humble/bin:/home/andrewkc/miniconda3/bin:/home/andrewkc/.console-ninja/.bin:/run/user/1000/fnm_multishells/190272_1733326463428/bin:/home/andrewkc/.local/share/fnm:/home/andrewkc/miniconda3/condabin:/home/andrewkc/miniconda3/bin:/home/andrewkc/.local/bin:/usr/local/cuda/bin:/home/andrewkc/.cargo/bin:/home/andrewkc/.local/bin:/usr/local/sbin:/usr/local/bin:/usr/sbin:/usr/bin:/sbin:/bin:/usr/games:/usr/local/games:/snap/bin:/snap/bin:/usr/local/bin', 'INVOCATION_ID': 'a09862d932f8420699e0cbd51fe7d504', 'SESSION_MANAGER': 'local/pop-os:@/tmp/.ICE-unix/3942,unix/pop-os:/tmp/.ICE-unix/3942', 'XDG_MENU_PREFIX': 'gnome-', 'XDG_RUNTIME_DIR': '/run/user/1000', 'DISPLAY': ':1', 'LANG': 'en_US.UTF-8', 'XDG_CURRENT_DESKTOP': 'pop:GNOME', 'TERM_PROGRAM': 'WarpTerminal', 'XAUTHORITY': '/run/user/1000/gdm/Xauthority', 'XDG_SESSION_DESKTOP': 'pop', 'XMODIFIERS': '@im=ibus', 'FNM_DIR': '/home/andrewkc/.local/share/fnm', 'SSH_AGENT_LAUNCHER': 'gnome-keyring', 'SSH_AUTH_SOCK': '/run/user/1000/keyring/ssh', 'CONDA_PYTHON_EXE': '/home/andrewkc/miniconda3/bin/python', 'FNM_RESOLVE_ENGINES': 'false', 'XML_CATALOG_FILES': 'file:///home/andrewkc/miniconda3/etc/xml/catalog file:///etc/xml/catalog', 'ROS_DOMAIN_ID': '30', 'AMENT_PREFIX_PATH': '/opt/ros/humble', 'SHELL': '/usr/bin/zsh', 'GDMSESSION': 'pop', 'QT_ACCESSIBILITY': '1', 'CONDA_DEFAULT_ENV': 'base', 'GJS_DEBUG_OUTPUT': 'stderr', 'GPG_AGENT_INFO': '/run/user/1000/gnupg/S.gpg-agent:0:1', 'QT_IM_MODULE': 'ibus', 'LC_ALL': 'en_US.UTF-8', 'PWD': '/home/andrewkc/r2_ws/build/my_first_pkg', 'FNM_MULTISHELL_PATH': '/run/user/1000/fnm_multishells/190272_1733326463428', 'TURTLEBOT3_MODEL': 'burger', 'XDG_CONFIG_DIRS': '/etc/xdg/xdg-pop:/etc/xdg', 'XDG_DATA_DIRS': '/usr/share/pop:/usr/share/gnome:/home/andrewkc/.local/share/flatpak/exports/share:/var/lib/flatpak/exports/share:/usr/local/share/:/usr/share/:/var/lib/snapd/desktop', 'CONDA_EXE': '/home/andrewkc/miniconda3/bin/conda', 'PYTHONPATH': '/home/andrewkc/r2_ws/build/my_first_pkg/prefix_override:/usr/lib/python3/dist-packages/colcon_core/task/python/colcon_distutils_commands:/home/andrewkc/r2_ws/install/my_first_pkg/lib/python3.10/site-packages:/opt/ros/humble/lib/python3.10/site-packages:/opt/ros/humble/local/lib/python3.10/dist-packages', 'FNM_COREPACK_ENABLED': 'false', 'CONDA_PREFIX': '/home/andrewkc/miniconda3', 'COLCON': '1'}, 'shell': False}
[1.404924] (-) TimerEvent: {}
[1.410065] (obstacle_avoidance) Command: {'cmd': ['/usr/bin/python3', '-W', 'ignore:setup.py install is deprecated', '-W', 'ignore:easy_install command is deprecated', 'setup.py', 'develop', '--uninstall', '--editable', '--build-directory', '/home/andrewkc/r2_ws/build/obstacle_avoidance/build'], 'cwd': '/home/andrewkc/r2_ws/build/obstacle_avoidance', 'env': {'GJS_DEBUG_TOPICS': 'JS ERROR;JS LOG', 'CONDA_PROMPT_MODIFIER': '(base)', 'USER': 'andrewkc', 'WARP_HONOR_PS1': '0', 'XDG_SESSION_TYPE': 'x11', 'SHLVL': '1', 'LD_LIBRARY_PATH': '/usr/lib/x86_64-linux-gnu/gazebo-11/plugins:/opt/ros/humble/opt/rviz_ogre_vendor/lib:/opt/ros/humble/lib/x86_64-linux-gnu:/opt/ros/humble/lib:/usr/local/cuda/lib64:', 'HOME': '/home/andrewkc', 'OLDPWD': '/home/andrewkc', 'CONDA_SHLVL': '1', 'DESKTOP_SESSION': 'pop', 'TERM_PROGRAM_VERSION': 'v0.2024.11.19.08.02.stable_03', 'GIO_LAUNCHED_DESKTOP_FILE': '/usr/share/applications/dev.warp.Warp.desktop', 'WARP_USE_SSH_WRAPPER': '1', 'GNOME_SHELL_SESSION_MODE': 'pop', 'GTK_MODULES': 'gail:atk-bridge', 'ROS_PYTHON_VERSION': '3', 'MANAGERPID': '3806', 'FNM_ARCH': 'x64', 'DBUS_SESSION_BUS_ADDRESS': 'unix:path=/run/user/1000/bus', 'SYSTEMD_EXEC_PID': '3965', 'COLORTERM': 'truecolor', 'GIO_LAUNCHED_DESKTOP_FILE_PID': '179973', '_CE_M': '', 'CONDA_CHANGEPS1': 'false', 'FNM_LOGLEVEL': 'info', 'FNM_VERSION_FILE_STRATEGY': 'local', 'ROS_DISTRO': 'humble', 'GTK_IM_MODULE': 'ibus', 'LOGNAME': 'andrewkc', 'JOURNAL_STREAM': '9:27803', '_': '/usr/bin/colcon', 'FNM_NODE_DIST_MIRROR': 'https://nodejs.org/dist', 'XDG_SESSION_CLASS': 'user', 'ROS_VERSION': '2', 'SSH_SOCKET_DIR': '~/.ssh', 'TERM': 'xterm-256color', 'USERNAME': 'andrewkc', 'GNOME_DESKTOP_SESSION_ID': 'this-is-deprecated', 'WARP_IS_LOCAL_SHELL_SESSION': '1', '_CE_CONDA': '', 'ROS_LOCALHOST_ONLY': '0', 'WINDOWPATH': '2', 'PATH': '/opt/ros/humble/bin:/home/andrewkc/miniconda3/bin:/home/andrewkc/.console-ninja/.bin:/run/user/1000/fnm_multishells/190272_1733326463428/bin:/home/andrewkc/.local/share/fnm:/home/andrewkc/miniconda3/condabin:/home/andrewkc/miniconda3/bin:/home/andrewkc/.local/bin:/usr/local/cuda/bin:/home/andrewkc/.cargo/bin:/home/andrewkc/.local/bin:/usr/local/sbin:/usr/local/bin:/usr/sbin:/usr/bin:/sbin:/bin:/usr/games:/usr/local/games:/snap/bin:/snap/bin:/usr/local/bin', 'INVOCATION_ID': 'a09862d932f8420699e0cbd51fe7d504', 'SESSION_MANAGER': 'local/pop-os:@/tmp/.ICE-unix/3942,unix/pop-os:/tmp/.ICE-unix/3942', 'XDG_MENU_PREFIX': 'gnome-', 'XDG_RUNTIME_DIR': '/run/user/1000', 'DISPLAY': ':1', 'LANG': 'en_US.UTF-8', 'XDG_CURRENT_DESKTOP': 'pop:GNOME', 'TERM_PROGRAM': 'WarpTerminal', 'XAUTHORITY': '/run/user/1000/gdm/Xauthority', 'XDG_SESSION_DESKTOP': 'pop', 'XMODIFIERS': '@im=ibus', 'FNM_DIR': '/home/andrewkc/.local/share/fnm', 'SSH_AGENT_LAUNCHER': 'gnome-keyring', 'SSH_AUTH_SOCK': '/run/user/1000/keyring/ssh', 'CONDA_PYTHON_EXE': '/home/andrewkc/miniconda3/bin/python', 'FNM_RESOLVE_ENGINES': 'false', 'XML_CATALOG_FILES': 'file:///home/andrewkc/miniconda3/etc/xml/catalog file:///etc/xml/catalog', 'ROS_DOMAIN_ID': '30', 'AMENT_PREFIX_PATH': '/opt/ros/humble', 'SHELL': '/usr/bin/zsh', 'GDMSESSION': 'pop', 'QT_ACCESSIBILITY': '1', 'CONDA_DEFAULT_ENV': 'base', 'GJS_DEBUG_OUTPUT': 'stderr', 'GPG_AGENT_INFO': '/run/user/1000/gnupg/S.gpg-agent:0:1', 'QT_IM_MODULE': 'ibus', 'LC_ALL': 'en_US.UTF-8', 'PWD': '/home/andrewkc/r2_ws/build/obstacle_avoidance', 'FNM_MULTISHELL_PATH': '/run/user/1000/fnm_multishells/190272_1733326463428', 'TURTLEBOT3_MODEL': 'burger', 'XDG_CONFIG_DIRS': '/etc/xdg/xdg-pop:/etc/xdg', 'XDG_DATA_DIRS': '/usr/share/pop:/usr/share/gnome:/home/andrewkc/.local/share/flatpak/exports/share:/var/lib/flatpak/exports/share:/usr/local/share/:/usr/share/:/var/lib/snapd/desktop', 'CONDA_EXE': '/home/andrewkc/miniconda3/bin/conda', 'PYTHONPATH': '/home/andrewkc/r2_ws/build/obstacle_avoidance/prefix_override:/usr/lib/python3/dist-packages/colcon_core/task/python/colcon_distutils_commands:/home/andrewkc/r2_ws/install/obstacle_avoidance/lib/python3.10/site-packages:/opt/ros/humble/lib/python3.10/site-packages:/opt/ros/humble/local/lib/python3.10/dist-packages', 'FNM_COREPACK_ENABLED': 'false', 'CONDA_PREFIX': '/home/andrewkc/miniconda3', 'COLCON': '1'}, 'shell': False}
[1.505085] (-) TimerEvent: {}
[1.605508] (-) TimerEvent: {}
[1.705908] (-) TimerEvent: {}
[1.806510] (-) TimerEvent: {}
[1.829846] (my_first_pkg) StdoutLine: {'line': b'running develop\n'}
[1.848925] (obstacle_avoidance) StdoutLine: {'line': b'running develop\n'}
[1.906832] (-) TimerEvent: {}
[2.007231] (-) TimerEvent: {}
[2.107637] (-) TimerEvent: {}
[2.149301] (my_first_pkg) StdoutLine: {'line': b'Removing /home/andrewkc/r2_ws/install/my_first_pkg/lib/python3.10/site-packages/my-first-pkg.egg-link (link to .)\n'}
[2.175801] (obstacle_avoidance) StdoutLine: {'line': b'Removing /home/andrewkc/r2_ws/install/obstacle_avoidance/lib/python3.10/site-packages/obstacle-avoidance.egg-link (link to .)\n'}
[2.192396] (my_first_pkg) CommandEnded: {'returncode': 0}
[2.194932] (my_first_pkg) Command: {'cmd': ['/usr/bin/python3', '-W', 'ignore:setup.py install is deprecated', '-W', 'ignore:easy_install command is deprecated', 'setup.py', 'egg_info', '--egg-base', '../../build/my_first_pkg', 'build', '--build-base', '/home/andrewkc/r2_ws/build/my_first_pkg/build', 'install', '--record', '/home/andrewkc/r2_ws/build/my_first_pkg/install.log', '--single-version-externally-managed', 'install_data', '--force'], 'cwd': '/home/andrewkc/r2_ws/src/my_first_pkg', 'env': {'GJS_DEBUG_TOPICS': 'JS ERROR;JS LOG', 'CONDA_PROMPT_MODIFIER': '(base)', 'USER': 'andrewkc', 'WARP_HONOR_PS1': '0', 'XDG_SESSION_TYPE': 'x11', 'SHLVL': '1', 'LD_LIBRARY_PATH': '/usr/lib/x86_64-linux-gnu/gazebo-11/plugins:/opt/ros/humble/opt/rviz_ogre_vendor/lib:/opt/ros/humble/lib/x86_64-linux-gnu:/opt/ros/humble/lib:/usr/local/cuda/lib64:', 'HOME': '/home/andrewkc', 'OLDPWD': '/home/andrewkc', 'CONDA_SHLVL': '1', 'DESKTOP_SESSION': 'pop', 'TERM_PROGRAM_VERSION': 'v0.2024.11.19.08.02.stable_03', 'GIO_LAUNCHED_DESKTOP_FILE': '/usr/share/applications/dev.warp.Warp.desktop', 'WARP_USE_SSH_WRAPPER': '1', 'GNOME_SHELL_SESSION_MODE': 'pop', 'GTK_MODULES': 'gail:atk-bridge', 'ROS_PYTHON_VERSION': '3', 'MANAGERPID': '3806', 'FNM_ARCH': 'x64', 'DBUS_SESSION_BUS_ADDRESS': 'unix:path=/run/user/1000/bus', 'SYSTEMD_EXEC_PID': '3965', 'COLORTERM': 'truecolor', 'GIO_LAUNCHED_DESKTOP_FILE_PID': '179973', '_CE_M': '', 'CONDA_CHANGEPS1': 'false', 'FNM_LOGLEVEL': 'info', 'FNM_VERSION_FILE_STRATEGY': 'local', 'ROS_DISTRO': 'humble', 'GTK_IM_MODULE': 'ibus', 'LOGNAME': 'andrewkc', 'JOURNAL_STREAM': '9:27803', '_': '/usr/bin/colcon', 'FNM_NODE_DIST_MIRROR': 'https://nodejs.org/dist', 'XDG_SESSION_CLASS': 'user', 'ROS_VERSION': '2', 'SSH_SOCKET_DIR': '~/.ssh', 'TERM': 'xterm-256color', 'USERNAME': 'andrewkc', 'GNOME_DESKTOP_SESSION_ID': 'this-is-deprecated', 'WARP_IS_LOCAL_SHELL_SESSION': '1', '_CE_CONDA': '', 'ROS_LOCALHOST_ONLY': '0', 'WINDOWPATH': '2', 'PATH': '/opt/ros/humble/bin:/home/andrewkc/miniconda3/bin:/home/andrewkc/.console-ninja/.bin:/run/user/1000/fnm_multishells/190272_1733326463428/bin:/home/andrewkc/.local/share/fnm:/home/andrewkc/miniconda3/condabin:/home/andrewkc/miniconda3/bin:/home/andrewkc/.local/bin:/usr/local/cuda/bin:/home/andrewkc/.cargo/bin:/home/andrewkc/.local/bin:/usr/local/sbin:/usr/local/bin:/usr/sbin:/usr/bin:/sbin:/bin:/usr/games:/usr/local/games:/snap/bin:/snap/bin:/usr/local/bin', 'INVOCATION_ID': 'a09862d932f8420699e0cbd51fe7d504', 'SESSION_MANAGER': 'local/pop-os:@/tmp/.ICE-unix/3942,unix/pop-os:/tmp/.ICE-unix/3942', 'XDG_MENU_PREFIX': 'gnome-', 'XDG_RUNTIME_DIR': '/run/user/1000', 'DISPLAY': ':1', 'LANG': 'en_US.UTF-8', 'XDG_CURRENT_DESKTOP': 'pop:GNOME', 'TERM_PROGRAM': 'WarpTerminal', 'XAUTHORITY': '/run/user/1000/gdm/Xauthority', 'XDG_SESSION_DESKTOP': 'pop', 'XMODIFIERS': '@im=ibus', 'FNM_DIR': '/home/andrewkc/.local/share/fnm', 'SSH_AGENT_LAUNCHER': 'gnome-keyring', 'SSH_AUTH_SOCK': '/run/user/1000/keyring/ssh', 'CONDA_PYTHON_EXE': '/home/andrewkc/miniconda3/bin/python', 'FNM_RESOLVE_ENGINES': 'false', 'XML_CATALOG_FILES': 'file:///home/andrewkc/miniconda3/etc/xml/catalog file:///etc/xml/catalog', 'ROS_DOMAIN_ID': '30', 'AMENT_PREFIX_PATH': '/opt/ros/humble', 'SHELL': '/usr/bin/zsh', 'GDMSESSION': 'pop', 'QT_ACCESSIBILITY': '1', 'CONDA_DEFAULT_ENV': 'base', 'GJS_DEBUG_OUTPUT': 'stderr', 'GPG_AGENT_INFO': '/run/user/1000/gnupg/S.gpg-agent:0:1', 'QT_IM_MODULE': 'ibus', 'LC_ALL': 'en_US.UTF-8', 'PWD': '/home/andrewkc/r2_ws/build/my_first_pkg', 'FNM_MULTISHELL_PATH': '/run/user/1000/fnm_multishells/190272_1733326463428', 'TURTLEBOT3_MODEL': 'burger', 'XDG_CONFIG_DIRS': '/etc/xdg/xdg-pop:/etc/xdg', 'XDG_DATA_DIRS': '/usr/share/pop:/usr/share/gnome:/home/andrewkc/.local/share/flatpak/exports/share:/var/lib/flatpak/exports/share:/usr/local/share/:/usr/share/:/var/lib/snapd/desktop', 'CONDA_EXE': '/home/andrewkc/miniconda3/bin/conda', 'PYTHONPATH': '/home/andrewkc/r2_ws/build/my_first_pkg/prefix_override:/usr/lib/python3/dist-packages/colcon_core/task/python/colcon_distutils_commands:/home/andrewkc/r2_ws/install/my_first_pkg/lib/python3.10/site-packages:/opt/ros/humble/lib/python3.10/site-packages:/opt/ros/humble/local/lib/python3.10/dist-packages', 'FNM_COREPACK_ENABLED': 'false', 'CONDA_PREFIX': '/home/andrewkc/miniconda3', 'COLCON': '1'}, 'shell': False}
[2.207808] (-) TimerEvent: {}
[2.221162] (obstacle_avoidance) CommandEnded: {'returncode': 0}
[2.224269] (obstacle_avoidance) Command: {'cmd': ['/usr/bin/python3', '-W', 'ignore:setup.py install is deprecated', '-W', 'ignore:easy_install command is deprecated', 'setup.py', 'egg_info', '--egg-base', '../../build/obstacle_avoidance', 'build', '--build-base', '/home/andrewkc/r2_ws/build/obstacle_avoidance/build', 'install', '--record', '/home/andrewkc/r2_ws/build/obstacle_avoidance/install.log', '--single-version-externally-managed', 'install_data', '--force'], 'cwd': '/home/andrewkc/r2_ws/src/obstacle_avoidance', 'env': {'GJS_DEBUG_TOPICS': 'JS ERROR;JS LOG', 'CONDA_PROMPT_MODIFIER': '(base)', 'USER': 'andrewkc', 'WARP_HONOR_PS1': '0', 'XDG_SESSION_TYPE': 'x11', 'SHLVL': '1', 'LD_LIBRARY_PATH': '/usr/lib/x86_64-linux-gnu/gazebo-11/plugins:/opt/ros/humble/opt/rviz_ogre_vendor/lib:/opt/ros/humble/lib/x86_64-linux-gnu:/opt/ros/humble/lib:/usr/local/cuda/lib64:', 'HOME': '/home/andrewkc', 'OLDPWD': '/home/andrewkc', 'CONDA_SHLVL': '1', 'DESKTOP_SESSION': 'pop', 'TERM_PROGRAM_VERSION': 'v0.2024.11.19.08.02.stable_03', 'GIO_LAUNCHED_DESKTOP_FILE': '/usr/share/applications/dev.warp.Warp.desktop', 'WARP_USE_SSH_WRAPPER': '1', 'GNOME_SHELL_SESSION_MODE': 'pop', 'GTK_MODULES': 'gail:atk-bridge', 'ROS_PYTHON_VERSION': '3', 'MANAGERPID': '3806', 'FNM_ARCH': 'x64', 'DBUS_SESSION_BUS_ADDRESS': 'unix:path=/run/user/1000/bus', 'SYSTEMD_EXEC_PID': '3965', 'COLORTERM': 'truecolor', 'GIO_LAUNCHED_DESKTOP_FILE_PID': '179973', '_CE_M': '', 'CONDA_CHANGEPS1': 'false', 'FNM_LOGLEVEL': 'info', 'FNM_VERSION_FILE_STRATEGY': 'local', 'ROS_DISTRO': 'humble', 'GTK_IM_MODULE': 'ibus', 'LOGNAME': 'andrewkc', 'JOURNAL_STREAM': '9:27803', '_': '/usr/bin/colcon', 'FNM_NODE_DIST_MIRROR': 'https://nodejs.org/dist', 'XDG_SESSION_CLASS': 'user', 'ROS_VERSION': '2', 'SSH_SOCKET_DIR': '~/.ssh', 'TERM': 'xterm-256color', 'USERNAME': 'andrewkc', 'GNOME_DESKTOP_SESSION_ID': 'this-is-deprecated', 'WARP_IS_LOCAL_SHELL_SESSION': '1', '_CE_CONDA': '', 'ROS_LOCALHOST_ONLY': '0', 'WINDOWPATH': '2', 'PATH': '/opt/ros/humble/bin:/home/andrewkc/miniconda3/bin:/home/andrewkc/.console-ninja/.bin:/run/user/1000/fnm_multishells/190272_1733326463428/bin:/home/andrewkc/.local/share/fnm:/home/andrewkc/miniconda3/condabin:/home/andrewkc/miniconda3/bin:/home/andrewkc/.local/bin:/usr/local/cuda/bin:/home/andrewkc/.cargo/bin:/home/andrewkc/.local/bin:/usr/local/sbin:/usr/local/bin:/usr/sbin:/usr/bin:/sbin:/bin:/usr/games:/usr/local/games:/snap/bin:/snap/bin:/usr/local/bin', 'INVOCATION_ID': 'a09862d932f8420699e0cbd51fe7d504', 'SESSION_MANAGER': 'local/pop-os:@/tmp/.ICE-unix/3942,unix/pop-os:/tmp/.ICE-unix/3942', 'XDG_MENU_PREFIX': 'gnome-', 'XDG_RUNTIME_DIR': '/run/user/1000', 'DISPLAY': ':1', 'LANG': 'en_US.UTF-8', 'XDG_CURRENT_DESKTOP': 'pop:GNOME', 'TERM_PROGRAM': 'WarpTerminal', 'XAUTHORITY': '/run/user/1000/gdm/Xauthority', 'XDG_SESSION_DESKTOP': 'pop', 'XMODIFIERS': '@im=ibus', 'FNM_DIR': '/home/andrewkc/.local/share/fnm', 'SSH_AGENT_LAUNCHER': 'gnome-keyring', 'SSH_AUTH_SOCK': '/run/user/1000/keyring/ssh', 'CONDA_PYTHON_EXE': '/home/andrewkc/miniconda3/bin/python', 'FNM_RESOLVE_ENGINES': 'false', 'XML_CATALOG_FILES': 'file:///home/andrewkc/miniconda3/etc/xml/catalog file:///etc/xml/catalog', 'ROS_DOMAIN_ID': '30', 'AMENT_PREFIX_PATH': '/opt/ros/humble', 'SHELL': '/usr/bin/zsh', 'GDMSESSION': 'pop', 'QT_ACCESSIBILITY': '1', 'CONDA_DEFAULT_ENV': 'base', 'GJS_DEBUG_OUTPUT': 'stderr', 'GPG_AGENT_INFO': '/run/user/1000/gnupg/S.gpg-agent:0:1', 'QT_IM_MODULE': 'ibus', 'LC_ALL': 'en_US.UTF-8', 'PWD': '/home/andrewkc/r2_ws/build/obstacle_avoidance', 'FNM_MULTISHELL_PATH': '/run/user/1000/fnm_multishells/190272_1733326463428', 'TURTLEBOT3_MODEL': 'burger', 'XDG_CONFIG_DIRS': '/etc/xdg/xdg-pop:/etc/xdg', 'XDG_DATA_DIRS': '/usr/share/pop:/usr/share/gnome:/home/andrewkc/.local/share/flatpak/exports/share:/var/lib/flatpak/exports/share:/usr/local/share/:/usr/share/:/var/lib/snapd/desktop', 'CONDA_EXE': '/home/andrewkc/miniconda3/bin/conda', 'PYTHONPATH': '/home/andrewkc/r2_ws/build/obstacle_avoidance/prefix_override:/usr/lib/python3/dist-packages/colcon_core/task/python/colcon_distutils_commands:/home/andrewkc/r2_ws/install/obstacle_avoidance/lib/python3.10/site-packages:/opt/ros/humble/lib/python3.10/site-packages:/opt/ros/humble/local/lib/python3.10/dist-packages', 'FNM_COREPACK_ENABLED': 'false', 'CONDA_PREFIX': '/home/andrewkc/miniconda3', 'COLCON': '1'}, 'shell': False}
[2.307966] (-) TimerEvent: {}
[2.408403] (-) TimerEvent: {}
[2.508828] (-) TimerEvent: {}
[2.545808] (my_first_pkg) StdoutLine: {'line': b'running egg_info\n'}
[2.567699] (my_first_pkg) StdoutLine: {'line': b'writing ../../build/my_first_pkg/my_first_pkg.egg-info/PKG-INFO\n'}
[2.568362] (my_first_pkg) StdoutLine: {'line': b'writing dependency_links to ../../build/my_first_pkg/my_first_pkg.egg-info/dependency_links.txt\n'}
[2.568780] (my_first_pkg) StdoutLine: {'line': b'writing entry points to ../../build/my_first_pkg/my_first_pkg.egg-info/entry_points.txt\n'}
[2.568971] (my_first_pkg) StdoutLine: {'line': b'writing requirements to ../../build/my_first_pkg/my_first_pkg.egg-info/requires.txt\n'}
[2.569216] (my_first_pkg) StdoutLine: {'line': b'writing top-level names to ../../build/my_first_pkg/my_first_pkg.egg-info/top_level.txt\n'}
[2.580968] (obstacle_avoidance) StdoutLine: {'line': b'running egg_info\n'}
[2.605215] (obstacle_avoidance) StdoutLine: {'line': b'writing ../../build/obstacle_avoidance/obstacle_avoidance.egg-info/PKG-INFO\n'}
[2.606169] (obstacle_avoidance) StdoutLine: {'line': b'writing dependency_links to ../../build/obstacle_avoidance/obstacle_avoidance.egg-info/dependency_links.txt\n'}
[2.606404] (obstacle_avoidance) StdoutLine: {'line': b'writing entry points to ../../build/obstacle_avoidance/obstacle_avoidance.egg-info/entry_points.txt\n'}
[2.606670] (obstacle_avoidance) StdoutLine: {'line': b'writing requirements to ../../build/obstacle_avoidance/obstacle_avoidance.egg-info/requires.txt\n'}
[2.606901] (obstacle_avoidance) StdoutLine: {'line': b'writing top-level names to ../../build/obstacle_avoidance/obstacle_avoidance.egg-info/top_level.txt\n'}
[2.608936] (-) TimerEvent: {}
[2.615475] (my_first_pkg) StdoutLine: {'line': b"reading manifest file '../../build/my_first_pkg/my_first_pkg.egg-info/SOURCES.txt'\n"}
[2.617297] (my_first_pkg) StdoutLine: {'line': b"writing manifest file '../../build/my_first_pkg/my_first_pkg.egg-info/SOURCES.txt'\n"}
[2.617751] (my_first_pkg) StdoutLine: {'line': b'running build\n'}
[2.617923] (my_first_pkg) StdoutLine: {'line': b'running build_py\n'}
[2.618076] (my_first_pkg) StdoutLine: {'line': b'copying my_first_pkg/minimal_publisher.py -> /home/andrewkc/r2_ws/build/my_first_pkg/build/lib/my_first_pkg\n'}
[2.618289] (my_first_pkg) StdoutLine: {'line': b'copying my_first_pkg/__init__.py -> /home/andrewkc/r2_ws/build/my_first_pkg/build/lib/my_first_pkg\n'}
[2.618552] (my_first_pkg) StdoutLine: {'line': b'running install\n'}
[2.625247] (my_first_pkg) StdoutLine: {'line': b'running install_lib\n'}
[2.647511] (my_first_pkg) StdoutLine: {'line': b'creating /home/andrewkc/r2_ws/install/my_first_pkg/lib/python3.10/site-packages/my_first_pkg\n'}
[2.647966] (my_first_pkg) StdoutLine: {'line': b'copying /home/andrewkc/r2_ws/build/my_first_pkg/build/lib/my_first_pkg/minimal_publisher.py -> /home/andrewkc/r2_ws/install/my_first_pkg/lib/python3.10/site-packages/my_first_pkg\n'}
[2.648176] (my_first_pkg) StdoutLine: {'line': b'copying /home/andrewkc/r2_ws/build/my_first_pkg/build/lib/my_first_pkg/__init__.py -> /home/andrewkc/r2_ws/install/my_first_pkg/lib/python3.10/site-packages/my_first_pkg\n'}
[2.648501] (my_first_pkg) StdoutLine: {'line': b'byte-compiling /home/andrewkc/r2_ws/install/my_first_pkg/lib/python3.10/site-packages/my_first_pkg/minimal_publisher.py to minimal_publisher.cpython-310.pyc\n'}
[2.649160] (my_first_pkg) StdoutLine: {'line': b'byte-compiling /home/andrewkc/r2_ws/install/my_first_pkg/lib/python3.10/site-packages/my_first_pkg/__init__.py to __init__.cpython-310.pyc\n'}
[2.649585] (my_first_pkg) StdoutLine: {'line': b'running install_data\n'}
[2.649872] (my_first_pkg) StdoutLine: {'line': b'copying resource/my_first_pkg -> /home/andrewkc/r2_ws/install/my_first_pkg/share/ament_index/resource_index/packages\n'}
[2.650150] (my_first_pkg) StdoutLine: {'line': b'copying package.xml -> /home/andrewkc/r2_ws/install/my_first_pkg/share/my_first_pkg\n'}
[2.650300] (my_first_pkg) StdoutLine: {'line': b'running install_egg_info\n'}
[2.657610] (obstacle_avoidance) StdoutLine: {'line': b"reading manifest file '../../build/obstacle_avoidance/obstacle_avoidance.egg-info/SOURCES.txt'\n"}
[2.659429] (obstacle_avoidance) StdoutLine: {'line': b"writing manifest file '../../build/obstacle_avoidance/obstacle_avoidance.egg-info/SOURCES.txt'\n"}
[2.659687] (obstacle_avoidance) StdoutLine: {'line': b'running build\n'}
[2.659830] (obstacle_avoidance) StdoutLine: {'line': b'running build_py\n'}
[2.660070] (obstacle_avoidance) StdoutLine: {'line': b'copying obstacle_avoidance/obstacle_avoidance.py -> /home/andrewkc/r2_ws/build/obstacle_avoidance/build/lib/obstacle_avoidance\n'}
[2.660312] (obstacle_avoidance) StdoutLine: {'line': b'copying obstacle_avoidance/__init__.py -> /home/andrewkc/r2_ws/build/obstacle_avoidance/build/lib/obstacle_avoidance\n'}
[2.660698] (obstacle_avoidance) StdoutLine: {'line': b'running install\n'}
[2.667620] (obstacle_avoidance) StdoutLine: {'line': b'running install_lib\n'}
[2.674087] (my_first_pkg) StdoutLine: {'line': b'Copying ../../build/my_first_pkg/my_first_pkg.egg-info to /home/andrewkc/r2_ws/install/my_first_pkg/lib/python3.10/site-packages/my_first_pkg-0.0.0-py3.10.egg-info\n'}
[2.675381] (my_first_pkg) StdoutLine: {'line': b'running install_scripts\n'}
[2.690885] (obstacle_avoidance) StdoutLine: {'line': b'creating /home/andrewkc/r2_ws/install/obstacle_avoidance/lib/python3.10/site-packages/obstacle_avoidance\n'}
[2.691209] (obstacle_avoidance) StdoutLine: {'line': b'copying /home/andrewkc/r2_ws/build/obstacle_avoidance/build/lib/obstacle_avoidance/obstacle_avoidance.py -> /home/andrewkc/r2_ws/install/obstacle_avoidance/lib/python3.10/site-packages/obstacle_avoidance\n'}
[2.691495] (obstacle_avoidance) StdoutLine: {'line': b'copying /home/andrewkc/r2_ws/build/obstacle_avoidance/build/lib/obstacle_avoidance/__init__.py -> /home/andrewkc/r2_ws/install/obstacle_avoidance/lib/python3.10/site-packages/obstacle_avoidance\n'}
[2.691838] (obstacle_avoidance) StdoutLine: {'line': b'byte-compiling /home/andrewkc/r2_ws/install/obstacle_avoidance/lib/python3.10/site-packages/obstacle_avoidance/obstacle_avoidance.py to obstacle_avoidance.cpython-310.pyc\n'}
[2.692892] (obstacle_avoidance) StdoutLine: {'line': b'byte-compiling /home/andrewkc/r2_ws/install/obstacle_avoidance/lib/python3.10/site-packages/obstacle_avoidance/__init__.py to __init__.cpython-310.pyc\n'}
[2.693223] (obstacle_avoidance) StdoutLine: {'line': b'running install_data\n'}
[2.693485] (obstacle_avoidance) StdoutLine: {'line': b'copying resource/obstacle_avoidance -> /home/andrewkc/r2_ws/install/obstacle_avoidance/share/ament_index/resource_index/packages\n'}
[2.693731] (obstacle_avoidance) StdoutLine: {'line': b'copying package.xml -> /home/andrewkc/r2_ws/install/obstacle_avoidance/share/obstacle_avoidance\n'}
[2.693937] (obstacle_avoidance) StdoutLine: {'line': b'running install_egg_info\n'}
[2.709090] (-) TimerEvent: {}
[2.720271] (obstacle_avoidance) StdoutLine: {'line': b'Copying ../../build/obstacle_avoidance/obstacle_avoidance.egg-info to /home/andrewkc/r2_ws/install/obstacle_avoidance/lib/python3.10/site-packages/obstacle_avoidance-0.0.0-py3.10.egg-info\n'}
[2.721473] (obstacle_avoidance) StdoutLine: {'line': b'running install_scripts\n'}
[2.809248] (-) TimerEvent: {}
[2.862513] (my_first_pkg) StdoutLine: {'line': b'Installing minimal_publisher script to /home/andrewkc/r2_ws/install/my_first_pkg/lib/my_first_pkg\n'}
[2.862995] (my_first_pkg) StdoutLine: {'line': b"writing list of installed files to '/home/andrewkc/r2_ws/build/my_first_pkg/install.log'\n"}
[2.899485] (my_first_pkg) CommandEnded: {'returncode': 0}
[2.909403] (-) TimerEvent: {}
[2.921366] (my_first_pkg) JobEnded: {'identifier': 'my_first_pkg', 'rc': 0}
[2.922689] (obstacle_avoidance) StdoutLine: {'line': b'Installing obstacle_avoidance script to /home/andrewkc/r2_ws/install/obstacle_avoidance/lib/obstacle_avoidance\n'}
[2.923158] (obstacle_avoidance) StdoutLine: {'line': b"writing list of installed files to '/home/andrewkc/r2_ws/build/obstacle_avoidance/install.log'\n"}
[2.962968] (obstacle_avoidance) CommandEnded: {'returncode': 0}
[2.976831] (obstacle_avoidance) JobEnded: {'identifier': 'obstacle_avoidance', 'rc': 0}
[2.978307] (-) EventReactorShutdown: {}
