[1.439s] Invoking command in '/home/andrewkc/r2_ws/src/obstacle_avoidance': CONDA_PROMPT_MODIFIER=(base) PYTHONPATH=/home/andrewkc/r2_ws/build/obstacle_avoidance/prefix_override:/usr/lib/python3/dist-packages/colcon_core/task/python/colcon_distutils_commands:/home/andrewkc/r2_ws/install/obstacle_avoidance/lib/python3.10/site-packages:${PYTHONPATH} /usr/bin/python3 -W ignore:setup.py install is deprecated -W ignore:easy_install command is deprecated setup.py egg_info --egg-base ../../build/obstacle_avoidance build --build-base /home/andrewkc/r2_ws/build/obstacle_avoidance/build install --record /home/andrewkc/r2_ws/build/obstacle_avoidance/install.log --single-version-externally-managed install_data
[1.798s] running egg_info
[1.820s] writing ../../build/obstacle_avoidance/obstacle_avoidance.egg-info/PKG-INFO
[1.821s] writing dependency_links to ../../build/obstacle_avoidance/obstacle_avoidance.egg-info/dependency_links.txt
[1.821s] writing entry points to ../../build/obstacle_avoidance/obstacle_avoidance.egg-info/entry_points.txt
[1.821s] writing requirements to ../../build/obstacle_avoidance/obstacle_avoidance.egg-info/requires.txt
[1.822s] writing top-level names to ../../build/obstacle_avoidance/obstacle_avoidance.egg-info/top_level.txt
[1.874s] reading manifest file '../../build/obstacle_avoidance/obstacle_avoidance.egg-info/SOURCES.txt'
[1.875s] writing manifest file '../../build/obstacle_avoidance/obstacle_avoidance.egg-info/SOURCES.txt'
[1.876s] running build
[1.876s] running build_py
[1.876s] copying obstacle_avoidance/obstacle_avoidance.py -> /home/andrewkc/r2_ws/build/obstacle_avoidance/build/lib/obstacle_avoidance
[1.876s] copying obstacle_avoidance/__init__.py -> /home/andrewkc/r2_ws/build/obstacle_avoidance/build/lib/obstacle_avoidance
[1.877s] running install
[1.884s] running install_lib
[1.909s] copying /home/andrewkc/r2_ws/build/obstacle_avoidance/build/lib/obstacle_avoidance/obstacle_avoidance.py -> /home/andrewkc/r2_ws/install/obstacle_avoidance/lib/python3.10/site-packages/obstacle_avoidance
[1.909s] byte-compiling /home/andrewkc/r2_ws/install/obstacle_avoidance/lib/python3.10/site-packages/obstacle_avoidance/obstacle_avoidance.py to obstacle_avoidance.cpython-310.pyc
[1.910s] running install_data
[1.911s] copying resource/obstacle_avoidance -> /home/andrewkc/r2_ws/install/obstacle_avoidance/share/ament_index/resource_index/packages
[1.911s] copying package.xml -> /home/andrewkc/r2_ws/install/obstacle_avoidance/share/obstacle_avoidance
[1.911s] running install_egg_info
[1.936s] removing '/home/andrewkc/r2_ws/install/obstacle_avoidance/lib/python3.10/site-packages/obstacle_avoidance-0.0.0-py3.10.egg-info' (and everything under it)
[1.936s] Copying ../../build/obstacle_avoidance/obstacle_avoidance.egg-info to /home/andrewkc/r2_ws/install/obstacle_avoidance/lib/python3.10/site-packages/obstacle_avoidance-0.0.0-py3.10.egg-info
[1.937s] running install_scripts
[2.130s] Installing obstacle_avoidance script to /home/andrewkc/r2_ws/install/obstacle_avoidance/lib/obstacle_avoidance
[2.130s] writing list of installed files to '/home/andrewkc/r2_ws/build/obstacle_avoidance/install.log'
[2.168s] Invoked command in '/home/andrewkc/r2_ws/src/obstacle_avoidance' returned '0': CONDA_PROMPT_MODIFIER=(base) PYTHONPATH=/home/andrewkc/r2_ws/build/obstacle_avoidance/prefix_override:/usr/lib/python3/dist-packages/colcon_core/task/python/colcon_distutils_commands:/home/andrewkc/r2_ws/install/obstacle_avoidance/lib/python3.10/site-packages:${PYTHONPATH} /usr/bin/python3 -W ignore:setup.py install is deprecated -W ignore:easy_install command is deprecated setup.py egg_info --egg-base ../../build/obstacle_avoidance build --build-base /home/andrewkc/r2_ws/build/obstacle_avoidance/build install --record /home/andrewkc/r2_ws/build/obstacle_avoidance/install.log --single-version-externally-managed install_data
