[0.000000] (-) TimerEvent: {}
[0.000258] (my_first_pkg) JobQueued: {'identifier': 'my_first_pkg', 'dependencies': OrderedDict()}
[0.000301] (obstacle_avoidance) JobQueued: {'identifier': 'obstacle_avoidance', 'dependencies': OrderedDict()}
[0.000332] (my_first_pkg) JobStarted: {'identifier': 'my_first_pkg'}
[0.010961] (obstacle_avoidance) JobStarted: {'identifier': 'obstacle_avoidance'}
[0.099080] (-) TimerEvent: {}
[0.199437] (-) TimerEvent: {}
[0.299805] (-) TimerEvent: {}
[0.400241] (-) TimerEvent: {}
[0.500685] (-) TimerEvent: {}
[0.601127] (-) TimerEvent: {}
[0.701557] (-) TimerEvent: {}
[0.801943] (-) TimerEvent: {}
[0.902321] (-) TimerEvent: {}
[1.002739] (-) TimerEvent: {}
[1.103136] (-) TimerEvent: {}
[1.203588] (-) TimerEvent: {}
[1.303965] (-) TimerEvent: {}
[1.404384] (-) TimerEvent: {}
[1.439776] (obstacle_avoidance) Command: {'cmd': ['/usr/bin/python3', '-W', 'ignore:setup.py install is deprecated', '-W', 'ignore:easy_install command is deprecated', 'setup.py', 'egg_info', '--egg-base', '../build/obstacle_avoidance', 'build', '--build-base', '/home/andrewkc/r2_ws/src/build/obstacle_avoidance/build', 'install', '--record', '/home/andrewkc/r2_ws/src/build/obstacle_avoidance/install.log', '--single-version-externally-managed', 'install_data'], 'cwd': '/home/andrewkc/r2_ws/src/obstacle_avoidance', 'env': {'GJS_DEBUG_TOPICS': 'JS ERROR;JS LOG', 'CONDA_PROMPT_MODIFIER': '(base)', 'USER': 'andrewkc', 'WARP_HONOR_PS1': '0', 'XDG_SESSION_TYPE': 'x11', 'SHLVL': '1', 'LD_LIBRARY_PATH': '/usr/lib/x86_64-linux-gnu/gazebo-11/plugins:/opt/ros/humble/opt/rviz_ogre_vendor/lib:/opt/ros/humble/lib/x86_64-linux-gnu:/opt/ros/humble/lib:/usr/local/cuda/lib64:', 'HOME': '/home/andrewkc', 'OLDPWD': '/home/andrewkc/r2_ws/src/obstacle_avoidance', 'CONDA_SHLVL': '1', 'DESKTOP_SESSION': 'pop', 'TERM_PROGRAM_VERSION': 'v0.2024.11.19.08.02.stable_03', 'GIO_LAUNCHED_DESKTOP_FILE': '/usr/share/applications/dev.warp.Warp.desktop', 'WARP_USE_SSH_WRAPPER': '1', 'GNOME_SHELL_SESSION_MODE': 'pop', 'GTK_MODULES': 'gail:atk-bridge', 'ROS_PYTHON_VERSION': '3', 'MANAGERPID': '3806', 'FNM_ARCH': 'x64', 'DBUS_SESSION_BUS_ADDRESS': 'unix:path=/run/user/1000/bus', 'SYSTEMD_EXEC_PID': '3965', 'COLORTERM': 'truecolor', 'GIO_LAUNCHED_DESKTOP_FILE_PID': '91168', '_CE_M': '', 'CONDA_CHANGEPS1': 'false', 'FNM_LOGLEVEL': 'info', 'FNM_VERSION_FILE_STRATEGY': 'local', 'ROS_DISTRO': 'humble', 'COLCON_PREFIX_PATH': '/home/andrewkc/r2_ws/install', 'GTK_IM_MODULE': 'ibus', 'LOGNAME': 'andrewkc', 'JOURNAL_STREAM': '9:27803', '_': '/usr/bin/colcon', 'FNM_NODE_DIST_MIRROR': 'https://nodejs.org/dist', 'XDG_SESSION_CLASS': 'user', 'ROS_VERSION': '2', 'SSH_SOCKET_DIR': '~/.ssh', 'TERM': 'xterm-256color', 'USERNAME': 'andrewkc', 'GNOME_DESKTOP_SESSION_ID': 'this-is-deprecated', 'WARP_IS_LOCAL_SHELL_SESSION': '1', '_CE_CONDA': '', 'ROS_LOCALHOST_ONLY': '0', 'WINDOWPATH': '2', 'PATH': '/opt/ros/humble/bin:/home/andrewkc/miniconda3/bin:/home/andrewkc/.console-ninja/.bin:/run/user/1000/fnm_multishells/91676_1733255220754/bin:/home/andrewkc/.local/share/fnm:/home/andrewkc/miniconda3/condabin:/home/andrewkc/miniconda3/bin:/home/andrewkc/.local/bin:/usr/local/cuda/bin:/home/andrewkc/.cargo/bin:/home/andrewkc/.local/bin:/usr/local/sbin:/usr/local/bin:/usr/sbin:/usr/bin:/sbin:/bin:/usr/games:/usr/local/games:/snap/bin:/snap/bin:/usr/local/bin', 'INVOCATION_ID': 'a09862d932f8420699e0cbd51fe7d504', 'SESSION_MANAGER': 'local/pop-os:@/tmp/.ICE-unix/3942,unix/pop-os:/tmp/.ICE-unix/3942', 'XDG_MENU_PREFIX': 'gnome-', 'XDG_RUNTIME_DIR': '/run/user/1000', 'DISPLAY': ':1', 'LANG': 'en_US.UTF-8', 'XDG_CURRENT_DESKTOP': 'pop:GNOME', 'TERM_PROGRAM': 'WarpTerminal', 'XAUTHORITY': '/run/user/1000/gdm/Xauthority', 'XDG_SESSION_DESKTOP': 'pop', 'XMODIFIERS': '@im=ibus', 'FNM_DIR': '/home/andrewkc/.local/share/fnm', 'SSH_AGENT_LAUNCHER': 'gnome-keyring', 'SSH_AUTH_SOCK': '/run/user/1000/keyring/ssh', 'CONDA_PYTHON_EXE': '/home/andrewkc/miniconda3/bin/python', 'FNM_RESOLVE_ENGINES': 'false', 'XML_CATALOG_FILES': 'file:///home/andrewkc/miniconda3/etc/xml/catalog file:///etc/xml/catalog', 'ROS_DOMAIN_ID': '30', 'AMENT_PREFIX_PATH': '/home/andrewkc/r2_ws/install/obstacle_avoidance:/home/andrewkc/r2_ws/install/my_first_pkg:/opt/ros/humble', 'SHELL': '/usr/bin/zsh', 'GDMSESSION': 'pop', 'QT_ACCESSIBILITY': '1', 'CONDA_DEFAULT_ENV': 'base', 'GJS_DEBUG_OUTPUT': 'stderr', 'GPG_AGENT_INFO': '/run/user/1000/gnupg/S.gpg-agent:0:1', 'QT_IM_MODULE': 'ibus', 'LC_ALL': 'en_US.UTF-8', 'PWD': '/home/andrewkc/r2_ws/src/build/obstacle_avoidance', 'FNM_MULTISHELL_PATH': '/run/user/1000/fnm_multishells/91676_1733255220754', 'TURTLEBOT3_MODEL': 'burger', 'XDG_CONFIG_DIRS': '/etc/xdg/xdg-pop:/etc/xdg', 'XDG_DATA_DIRS': '/usr/share/pop:/usr/share/gnome:/home/andrewkc/.local/share/flatpak/exports/share:/var/lib/flatpak/exports/share:/usr/local/share/:/usr/share/:/var/lib/snapd/desktop', 'CONDA_EXE': '/home/andrewkc/miniconda3/bin/conda', 'PYTHONPATH': '/home/andrewkc/r2_ws/src/build/obstacle_avoidance/prefix_override:/usr/lib/python3/dist-packages/colcon_core/task/python/colcon_distutils_commands:/home/andrewkc/r2_ws/src/install/obstacle_avoidance/lib/python3.10/site-packages:/home/andrewkc/r2_ws/install/obstacle_avoidance/lib/python3.10/site-packages:/home/andrewkc/r2_ws/install/my_first_pkg/lib/python3.10/site-packages:/opt/ros/humble/lib/python3.10/site-packages:/opt/ros/humble/local/lib/python3.10/dist-packages', 'FNM_COREPACK_ENABLED': 'false', 'CONDA_PREFIX': '/home/andrewkc/miniconda3', 'COLCON': '1'}, 'shell': False}
[1.472473] (my_first_pkg) Command: {'cmd': ['/usr/bin/python3', '-W', 'ignore:setup.py install is deprecated', '-W', 'ignore:easy_install command is deprecated', 'setup.py', 'egg_info', '--egg-base', '../build/my_first_pkg', 'build', '--build-base', '/home/andrewkc/r2_ws/src/build/my_first_pkg/build', 'install', '--record', '/home/andrewkc/r2_ws/src/build/my_first_pkg/install.log', '--single-version-externally-managed', 'install_data'], 'cwd': '/home/andrewkc/r2_ws/src/my_first_pkg', 'env': {'GJS_DEBUG_TOPICS': 'JS ERROR;JS LOG', 'CONDA_PROMPT_MODIFIER': '(base)', 'USER': 'andrewkc', 'WARP_HONOR_PS1': '0', 'XDG_SESSION_TYPE': 'x11', 'SHLVL': '1', 'LD_LIBRARY_PATH': '/usr/lib/x86_64-linux-gnu/gazebo-11/plugins:/opt/ros/humble/opt/rviz_ogre_vendor/lib:/opt/ros/humble/lib/x86_64-linux-gnu:/opt/ros/humble/lib:/usr/local/cuda/lib64:', 'HOME': '/home/andrewkc', 'OLDPWD': '/home/andrewkc/r2_ws/src/obstacle_avoidance', 'CONDA_SHLVL': '1', 'DESKTOP_SESSION': 'pop', 'TERM_PROGRAM_VERSION': 'v0.2024.11.19.08.02.stable_03', 'GIO_LAUNCHED_DESKTOP_FILE': '/usr/share/applications/dev.warp.Warp.desktop', 'WARP_USE_SSH_WRAPPER': '1', 'GNOME_SHELL_SESSION_MODE': 'pop', 'GTK_MODULES': 'gail:atk-bridge', 'ROS_PYTHON_VERSION': '3', 'MANAGERPID': '3806', 'FNM_ARCH': 'x64', 'DBUS_SESSION_BUS_ADDRESS': 'unix:path=/run/user/1000/bus', 'SYSTEMD_EXEC_PID': '3965', 'COLORTERM': 'truecolor', 'GIO_LAUNCHED_DESKTOP_FILE_PID': '91168', '_CE_M': '', 'CONDA_CHANGEPS1': 'false', 'FNM_LOGLEVEL': 'info', 'FNM_VERSION_FILE_STRATEGY': 'local', 'ROS_DISTRO': 'humble', 'COLCON_PREFIX_PATH': '/home/andrewkc/r2_ws/install', 'GTK_IM_MODULE': 'ibus', 'LOGNAME': 'andrewkc', 'JOURNAL_STREAM': '9:27803', '_': '/usr/bin/colcon', 'FNM_NODE_DIST_MIRROR': 'https://nodejs.org/dist', 'XDG_SESSION_CLASS': 'user', 'ROS_VERSION': '2', 'SSH_SOCKET_DIR': '~/.ssh', 'TERM': 'xterm-256color', 'USERNAME': 'andrewkc', 'GNOME_DESKTOP_SESSION_ID': 'this-is-deprecated', 'WARP_IS_LOCAL_SHELL_SESSION': '1', '_CE_CONDA': '', 'ROS_LOCALHOST_ONLY': '0', 'WINDOWPATH': '2', 'PATH': '/opt/ros/humble/bin:/home/andrewkc/miniconda3/bin:/home/andrewkc/.console-ninja/.bin:/run/user/1000/fnm_multishells/91676_1733255220754/bin:/home/andrewkc/.local/share/fnm:/home/andrewkc/miniconda3/condabin:/home/andrewkc/miniconda3/bin:/home/andrewkc/.local/bin:/usr/local/cuda/bin:/home/andrewkc/.cargo/bin:/home/andrewkc/.local/bin:/usr/local/sbin:/usr/local/bin:/usr/sbin:/usr/bin:/sbin:/bin:/usr/games:/usr/local/games:/snap/bin:/snap/bin:/usr/local/bin', 'INVOCATION_ID': 'a09862d932f8420699e0cbd51fe7d504', 'SESSION_MANAGER': 'local/pop-os:@/tmp/.ICE-unix/3942,unix/pop-os:/tmp/.ICE-unix/3942', 'XDG_MENU_PREFIX': 'gnome-', 'XDG_RUNTIME_DIR': '/run/user/1000', 'DISPLAY': ':1', 'LANG': 'en_US.UTF-8', 'XDG_CURRENT_DESKTOP': 'pop:GNOME', 'TERM_PROGRAM': 'WarpTerminal', 'XAUTHORITY': '/run/user/1000/gdm/Xauthority', 'XDG_SESSION_DESKTOP': 'pop', 'XMODIFIERS': '@im=ibus', 'FNM_DIR': '/home/andrewkc/.local/share/fnm', 'SSH_AGENT_LAUNCHER': 'gnome-keyring', 'SSH_AUTH_SOCK': '/run/user/1000/keyring/ssh', 'CONDA_PYTHON_EXE': '/home/andrewkc/miniconda3/bin/python', 'FNM_RESOLVE_ENGINES': 'false', 'XML_CATALOG_FILES': 'file:///home/andrewkc/miniconda3/etc/xml/catalog file:///etc/xml/catalog', 'ROS_DOMAIN_ID': '30', 'AMENT_PREFIX_PATH': '/home/andrewkc/r2_ws/install/obstacle_avoidance:/home/andrewkc/r2_ws/install/my_first_pkg:/opt/ros/humble', 'SHELL': '/usr/bin/zsh', 'GDMSESSION': 'pop', 'QT_ACCESSIBILITY': '1', 'CONDA_DEFAULT_ENV': 'base', 'GJS_DEBUG_OUTPUT': 'stderr', 'GPG_AGENT_INFO': '/run/user/1000/gnupg/S.gpg-agent:0:1', 'QT_IM_MODULE': 'ibus', 'LC_ALL': 'en_US.UTF-8', 'PWD': '/home/andrewkc/r2_ws/src/build/my_first_pkg', 'FNM_MULTISHELL_PATH': '/run/user/1000/fnm_multishells/91676_1733255220754', 'TURTLEBOT3_MODEL': 'burger', 'XDG_CONFIG_DIRS': '/etc/xdg/xdg-pop:/etc/xdg', 'XDG_DATA_DIRS': '/usr/share/pop:/usr/share/gnome:/home/andrewkc/.local/share/flatpak/exports/share:/var/lib/flatpak/exports/share:/usr/local/share/:/usr/share/:/var/lib/snapd/desktop', 'CONDA_EXE': '/home/andrewkc/miniconda3/bin/conda', 'PYTHONPATH': '/home/andrewkc/r2_ws/src/build/my_first_pkg/prefix_override:/usr/lib/python3/dist-packages/colcon_core/task/python/colcon_distutils_commands:/home/andrewkc/r2_ws/src/install/my_first_pkg/lib/python3.10/site-packages:/home/andrewkc/r2_ws/install/obstacle_avoidance/lib/python3.10/site-packages:/home/andrewkc/r2_ws/install/my_first_pkg/lib/python3.10/site-packages:/opt/ros/humble/lib/python3.10/site-packages:/opt/ros/humble/local/lib/python3.10/dist-packages', 'FNM_COREPACK_ENABLED': 'false', 'CONDA_PREFIX': '/home/andrewkc/miniconda3', 'COLCON': '1'}, 'shell': False}
[1.504514] (-) TimerEvent: {}
[1.604889] (-) TimerEvent: {}
[1.657731] (obstacle_avoidance) StderrLine: {'line': b"/home/andrewkc/.local/lib/python3.10/site-packages/setuptools/_distutils/dist.py:261: UserWarning: Unknown distribution option: 'tests_require'\n"}
[1.658061] (obstacle_avoidance) StderrLine: {'line': b'  warnings.warn(msg)\n'}
[1.689204] (my_first_pkg) StderrLine: {'line': b"/home/andrewkc/.local/lib/python3.10/site-packages/setuptools/_distutils/dist.py:261: UserWarning: Unknown distribution option: 'tests_require'\n"}
[1.689621] (my_first_pkg) StderrLine: {'line': b'  warnings.warn(msg)\n'}
[1.705010] (-) TimerEvent: {}
[1.800827] (obstacle_avoidance) StdoutLine: {'line': b'running egg_info\n'}
[1.801261] (obstacle_avoidance) StdoutLine: {'line': b'creating ../build/obstacle_avoidance/obstacle_avoidance.egg-info\n'}
[1.805122] (-) TimerEvent: {}
[1.823341] (obstacle_avoidance) StdoutLine: {'line': b'writing ../build/obstacle_avoidance/obstacle_avoidance.egg-info/PKG-INFO\n'}
[1.823909] (obstacle_avoidance) StdoutLine: {'line': b'writing dependency_links to ../build/obstacle_avoidance/obstacle_avoidance.egg-info/dependency_links.txt\n'}
[1.824321] (obstacle_avoidance) StdoutLine: {'line': b'writing entry points to ../build/obstacle_avoidance/obstacle_avoidance.egg-info/entry_points.txt\n'}
[1.824675] (obstacle_avoidance) StdoutLine: {'line': b'writing requirements to ../build/obstacle_avoidance/obstacle_avoidance.egg-info/requires.txt\n'}
[1.824903] (obstacle_avoidance) StdoutLine: {'line': b'writing top-level names to ../build/obstacle_avoidance/obstacle_avoidance.egg-info/top_level.txt\n'}
[1.825199] (obstacle_avoidance) StdoutLine: {'line': b"writing manifest file '../build/obstacle_avoidance/obstacle_avoidance.egg-info/SOURCES.txt'\n"}
[1.841096] (my_first_pkg) StdoutLine: {'line': b'running egg_info\n'}
[1.841540] (my_first_pkg) StdoutLine: {'line': b'creating ../build/my_first_pkg/my_first_pkg.egg-info\n'}
[1.865475] (my_first_pkg) StdoutLine: {'line': b'writing ../build/my_first_pkg/my_first_pkg.egg-info/PKG-INFO\n'}
[1.866123] (my_first_pkg) StdoutLine: {'line': b'writing dependency_links to ../build/my_first_pkg/my_first_pkg.egg-info/dependency_links.txt\n'}
[1.866595] (my_first_pkg) StdoutLine: {'line': b'writing entry points to ../build/my_first_pkg/my_first_pkg.egg-info/entry_points.txt\n'}
[1.866848] (my_first_pkg) StdoutLine: {'line': b'writing requirements to ../build/my_first_pkg/my_first_pkg.egg-info/requires.txt\n'}
[1.867088] (my_first_pkg) StdoutLine: {'line': b'writing top-level names to ../build/my_first_pkg/my_first_pkg.egg-info/top_level.txt\n'}
[1.867239] (my_first_pkg) StdoutLine: {'line': b"writing manifest file '../build/my_first_pkg/my_first_pkg.egg-info/SOURCES.txt'\n"}
[1.873571] (obstacle_avoidance) StdoutLine: {'line': b"reading manifest file '../build/obstacle_avoidance/obstacle_avoidance.egg-info/SOURCES.txt'\n"}
[1.874988] (obstacle_avoidance) StdoutLine: {'line': b"writing manifest file '../build/obstacle_avoidance/obstacle_avoidance.egg-info/SOURCES.txt'\n"}
[1.875250] (obstacle_avoidance) StdoutLine: {'line': b'running build\n'}
[1.875419] (obstacle_avoidance) StdoutLine: {'line': b'running build_py\n'}
[1.875653] (obstacle_avoidance) StdoutLine: {'line': b'creating /home/andrewkc/r2_ws/src/build/obstacle_avoidance/build\n'}
[1.875877] (obstacle_avoidance) StdoutLine: {'line': b'creating /home/andrewkc/r2_ws/src/build/obstacle_avoidance/build/lib\n'}
[1.876057] (obstacle_avoidance) StdoutLine: {'line': b'creating /home/andrewkc/r2_ws/src/build/obstacle_avoidance/build/lib/obstacle_avoidance\n'}
[1.876193] (obstacle_avoidance) StdoutLine: {'line': b'copying obstacle_avoidance/obstacle_avoidance.py -> /home/andrewkc/r2_ws/src/build/obstacle_avoidance/build/lib/obstacle_avoidance\n'}
[1.876329] (obstacle_avoidance) StdoutLine: {'line': b'copying obstacle_avoidance/__init__.py -> /home/andrewkc/r2_ws/src/build/obstacle_avoidance/build/lib/obstacle_avoidance\n'}
[1.876600] (obstacle_avoidance) StdoutLine: {'line': b'running install\n'}
[1.883520] (obstacle_avoidance) StdoutLine: {'line': b'running install_lib\n'}
[1.905284] (-) TimerEvent: {}
[1.906388] (obstacle_avoidance) StdoutLine: {'line': b'creating /home/andrewkc/r2_ws/src/install/obstacle_avoidance/lib/python3.10/site-packages/obstacle_avoidance\n'}
[1.906700] (obstacle_avoidance) StdoutLine: {'line': b'copying /home/andrewkc/r2_ws/src/build/obstacle_avoidance/build/lib/obstacle_avoidance/obstacle_avoidance.py -> /home/andrewkc/r2_ws/src/install/obstacle_avoidance/lib/python3.10/site-packages/obstacle_avoidance\n'}
[1.906947] (obstacle_avoidance) StdoutLine: {'line': b'copying /home/andrewkc/r2_ws/src/build/obstacle_avoidance/build/lib/obstacle_avoidance/__init__.py -> /home/andrewkc/r2_ws/src/install/obstacle_avoidance/lib/python3.10/site-packages/obstacle_avoidance\n'}
[1.907479] (obstacle_avoidance) StdoutLine: {'line': b'byte-compiling /home/andrewkc/r2_ws/src/install/obstacle_avoidance/lib/python3.10/site-packages/obstacle_avoidance/obstacle_avoidance.py to obstacle_avoidance.cpython-310.pyc\n'}
[1.908600] (obstacle_avoidance) StdoutLine: {'line': b'byte-compiling /home/andrewkc/r2_ws/src/install/obstacle_avoidance/lib/python3.10/site-packages/obstacle_avoidance/__init__.py to __init__.cpython-310.pyc\n'}
[1.908888] (obstacle_avoidance) StdoutLine: {'line': b'running install_data\n'}
[1.909097] (obstacle_avoidance) StdoutLine: {'line': b'creating /home/andrewkc/r2_ws/src/install/obstacle_avoidance/share/ament_index\n'}
[1.909324] (obstacle_avoidance) StdoutLine: {'line': b'creating /home/andrewkc/r2_ws/src/install/obstacle_avoidance/share/ament_index/resource_index\n'}
[1.909650] (obstacle_avoidance) StdoutLine: {'line': b'creating /home/andrewkc/r2_ws/src/install/obstacle_avoidance/share/ament_index/resource_index/packages\n'}
[1.909824] (obstacle_avoidance) StdoutLine: {'line': b'copying resource/obstacle_avoidance -> /home/andrewkc/r2_ws/src/install/obstacle_avoidance/share/ament_index/resource_index/packages\n'}
[1.909974] (obstacle_avoidance) StdoutLine: {'line': b'copying package.xml -> /home/andrewkc/r2_ws/src/install/obstacle_avoidance/share/obstacle_avoidance\n'}
[1.910149] (obstacle_avoidance) StdoutLine: {'line': b'running install_egg_info\n'}
[1.918252] (my_first_pkg) StdoutLine: {'line': b"reading manifest file '../build/my_first_pkg/my_first_pkg.egg-info/SOURCES.txt'\n"}
[1.919647] (my_first_pkg) StdoutLine: {'line': b"writing manifest file '../build/my_first_pkg/my_first_pkg.egg-info/SOURCES.txt'\n"}
[1.919912] (my_first_pkg) StdoutLine: {'line': b'running build\n'}
[1.920061] (my_first_pkg) StdoutLine: {'line': b'running build_py\n'}
[1.920285] (my_first_pkg) StdoutLine: {'line': b'creating /home/andrewkc/r2_ws/src/build/my_first_pkg/build\n'}
[1.920549] (my_first_pkg) StdoutLine: {'line': b'creating /home/andrewkc/r2_ws/src/build/my_first_pkg/build/lib\n'}
[1.920702] (my_first_pkg) StdoutLine: {'line': b'creating /home/andrewkc/r2_ws/src/build/my_first_pkg/build/lib/my_first_pkg\n'}
[1.920853] (my_first_pkg) StdoutLine: {'line': b'copying my_first_pkg/minimal_publisher.py -> /home/andrewkc/r2_ws/src/build/my_first_pkg/build/lib/my_first_pkg\n'}
[1.921089] (my_first_pkg) StdoutLine: {'line': b'copying my_first_pkg/__init__.py -> /home/andrewkc/r2_ws/src/build/my_first_pkg/build/lib/my_first_pkg\n'}
[1.921236] (my_first_pkg) StdoutLine: {'line': b'running install\n'}
[1.928096] (my_first_pkg) StdoutLine: {'line': b'running install_lib\n'}
[1.934256] (obstacle_avoidance) StdoutLine: {'line': b'Copying ../build/obstacle_avoidance/obstacle_avoidance.egg-info to /home/andrewkc/r2_ws/src/install/obstacle_avoidance/lib/python3.10/site-packages/obstacle_avoidance-0.0.0-py3.10.egg-info\n'}
[1.935546] (obstacle_avoidance) StdoutLine: {'line': b'running install_scripts\n'}
[1.952527] (my_first_pkg) StdoutLine: {'line': b'creating /home/andrewkc/r2_ws/src/install/my_first_pkg/lib/python3.10/site-packages/my_first_pkg\n'}
[1.952965] (my_first_pkg) StdoutLine: {'line': b'copying /home/andrewkc/r2_ws/src/build/my_first_pkg/build/lib/my_first_pkg/minimal_publisher.py -> /home/andrewkc/r2_ws/src/install/my_first_pkg/lib/python3.10/site-packages/my_first_pkg\n'}
[1.953145] (my_first_pkg) StdoutLine: {'line': b'copying /home/andrewkc/r2_ws/src/build/my_first_pkg/build/lib/my_first_pkg/__init__.py -> /home/andrewkc/r2_ws/src/install/my_first_pkg/lib/python3.10/site-packages/my_first_pkg\n'}
[1.953602] (my_first_pkg) StdoutLine: {'line': b'byte-compiling /home/andrewkc/r2_ws/src/install/my_first_pkg/lib/python3.10/site-packages/my_first_pkg/minimal_publisher.py to minimal_publisher.cpython-310.pyc\n'}
[1.954214] (my_first_pkg) StdoutLine: {'line': b'byte-compiling /home/andrewkc/r2_ws/src/install/my_first_pkg/lib/python3.10/site-packages/my_first_pkg/__init__.py to __init__.cpython-310.pyc\n'}
[1.954549] (my_first_pkg) StdoutLine: {'line': b'running install_data\n'}
[1.954807] (my_first_pkg) StdoutLine: {'line': b'creating /home/andrewkc/r2_ws/src/install/my_first_pkg/share/ament_index\n'}
[1.954989] (my_first_pkg) StdoutLine: {'line': b'creating /home/andrewkc/r2_ws/src/install/my_first_pkg/share/ament_index/resource_index\n'}
[1.955277] (my_first_pkg) StdoutLine: {'line': b'creating /home/andrewkc/r2_ws/src/install/my_first_pkg/share/ament_index/resource_index/packages\n'}
[1.955616] (my_first_pkg) StdoutLine: {'line': b'copying resource/my_first_pkg -> /home/andrewkc/r2_ws/src/install/my_first_pkg/share/ament_index/resource_index/packages\n'}
[1.955780] (my_first_pkg) StdoutLine: {'line': b'copying package.xml -> /home/andrewkc/r2_ws/src/install/my_first_pkg/share/my_first_pkg\n'}
[1.955925] (my_first_pkg) StdoutLine: {'line': b'running install_egg_info\n'}
[1.981580] (my_first_pkg) StdoutLine: {'line': b'Copying ../build/my_first_pkg/my_first_pkg.egg-info to /home/andrewkc/r2_ws/src/install/my_first_pkg/lib/python3.10/site-packages/my_first_pkg-0.0.0-py3.10.egg-info\n'}
[1.982868] (my_first_pkg) StdoutLine: {'line': b'running install_scripts\n'}
[2.005429] (-) TimerEvent: {}
[2.105817] (-) TimerEvent: {}
[2.127912] (obstacle_avoidance) StdoutLine: {'line': b'Installing obstacle_avoidance script to /home/andrewkc/r2_ws/src/install/obstacle_avoidance/lib/obstacle_avoidance\n'}
[2.128400] (obstacle_avoidance) StdoutLine: {'line': b"writing list of installed files to '/home/andrewkc/r2_ws/src/build/obstacle_avoidance/install.log'\n"}
[2.165831] (obstacle_avoidance) CommandEnded: {'returncode': 0}
[2.175315] (my_first_pkg) StdoutLine: {'line': b'Installing minimal_publisher script to /home/andrewkc/r2_ws/src/install/my_first_pkg/lib/my_first_pkg\n'}
[2.175615] (my_first_pkg) StdoutLine: {'line': b"writing list of installed files to '/home/andrewkc/r2_ws/src/build/my_first_pkg/install.log'\n"}
[2.188863] (obstacle_avoidance) JobEnded: {'identifier': 'obstacle_avoidance', 'rc': 0}
[2.205957] (-) TimerEvent: {}
[2.215227] (my_first_pkg) CommandEnded: {'returncode': 0}
[2.228177] (my_first_pkg) JobEnded: {'identifier': 'my_first_pkg', 'rc': 0}
[2.229426] (-) EventReactorShutdown: {}
