[12.908s] Invoking command in '/home/andrewkc/Projects/dl-project/r2_ws/src/obstacle_avoidance': CONDA_PROMPT_MODIFIER=(base) PYTHONPATH=/home/andrewkc/Projects/dl-project/r2_ws/build/obstacle_avoidance/prefix_override:/usr/lib/python3/dist-packages/colcon_core/task/python/colcon_distutils_commands:/home/andrewkc/Projects/dl-project/r2_ws/install/obstacle_avoidance/lib/python3.10/site-packages:${PYTHONPATH} /usr/bin/python3 -W ignore:setup.py install is deprecated -W ignore:easy_install command is deprecated setup.py egg_info --egg-base ../../build/obstacle_avoidance build --build-base /home/andrewkc/Projects/dl-project/r2_ws/build/obstacle_avoidance/build install --record /home/andrewkc/Projects/dl-project/r2_ws/build/obstacle_avoidance/install.log --single-version-externally-managed install_data
[13.352s] running egg_info
[13.375s] writing ../../build/obstacle_avoidance/obstacle_avoidance.egg-info/PKG-INFO
[13.376s] writing dependency_links to ../../build/obstacle_avoidance/obstacle_avoidance.egg-info/dependency_links.txt
[13.376s] writing entry points to ../../build/obstacle_avoidance/obstacle_avoidance.egg-info/entry_points.txt
[13.376s] writing requirements to ../../build/obstacle_avoidance/obstacle_avoidance.egg-info/requires.txt
[13.377s] writing top-level names to ../../build/obstacle_avoidance/obstacle_avoidance.egg-info/top_level.txt
[13.424s] reading manifest file '../../build/obstacle_avoidance/obstacle_avoidance.egg-info/SOURCES.txt'
[13.440s] writing manifest file '../../build/obstacle_avoidance/obstacle_avoidance.egg-info/SOURCES.txt'
[13.440s] running build
[13.440s] running build_py
[13.440s] copying obstacle_avoidance/obstacle_avoidance.py -> /home/andrewkc/Projects/dl-project/r2_ws/build/obstacle_avoidance/build/lib/obstacle_avoidance
[13.441s] copying obstacle_avoidance/obstacle_avoidance copy.py -> /home/andrewkc/Projects/dl-project/r2_ws/build/obstacle_avoidance/build/lib/obstacle_avoidance
[13.441s] copying obstacle_avoidance/__init__.py -> /home/andrewkc/Projects/dl-project/r2_ws/build/obstacle_avoidance/build/lib/obstacle_avoidance
[13.441s] running install
[13.448s] running install_lib
[13.471s] copying /home/andrewkc/Projects/dl-project/r2_ws/build/obstacle_avoidance/build/lib/obstacle_avoidance/obstacle_avoidance.py -> /home/andrewkc/Projects/dl-project/r2_ws/install/obstacle_avoidance/lib/python3.10/site-packages/obstacle_avoidance
[13.471s] copying /home/andrewkc/Projects/dl-project/r2_ws/build/obstacle_avoidance/build/lib/obstacle_avoidance/obstacle_avoidance copy.py -> /home/andrewkc/Projects/dl-project/r2_ws/install/obstacle_avoidance/lib/python3.10/site-packages/obstacle_avoidance
[13.472s] byte-compiling /home/andrewkc/Projects/dl-project/r2_ws/install/obstacle_avoidance/lib/python3.10/site-packages/obstacle_avoidance/obstacle_avoidance.py to obstacle_avoidance.cpython-310.pyc
[13.473s] byte-compiling /home/andrewkc/Projects/dl-project/r2_ws/install/obstacle_avoidance/lib/python3.10/site-packages/obstacle_avoidance/obstacle_avoidance copy.py to obstacle_avoidance copy.cpython-310.pyc
[13.474s] running install_data
[13.474s] copying resource/obstacle_avoidance -> /home/andrewkc/Projects/dl-project/r2_ws/install/obstacle_avoidance/share/ament_index/resource_index/packages
[13.475s] copying package.xml -> /home/andrewkc/Projects/dl-project/r2_ws/install/obstacle_avoidance/share/obstacle_avoidance
[13.475s] running install_egg_info
[13.499s] removing '/home/andrewkc/Projects/dl-project/r2_ws/install/obstacle_avoidance/lib/python3.10/site-packages/obstacle_avoidance-0.0.0-py3.10.egg-info' (and everything under it)
[13.500s] Copying ../../build/obstacle_avoidance/obstacle_avoidance.egg-info to /home/andrewkc/Projects/dl-project/r2_ws/install/obstacle_avoidance/lib/python3.10/site-packages/obstacle_avoidance-0.0.0-py3.10.egg-info
[13.501s] running install_scripts
[13.693s] Installing obstacle_avoidance script to /home/andrewkc/Projects/dl-project/r2_ws/install/obstacle_avoidance/lib/obstacle_avoidance
[13.694s] writing list of installed files to '/home/andrewkc/Projects/dl-project/r2_ws/build/obstacle_avoidance/install.log'
[13.733s] Invoked command in '/home/andrewkc/Projects/dl-project/r2_ws/src/obstacle_avoidance' returned '0': CONDA_PROMPT_MODIFIER=(base) PYTHONPATH=/home/andrewkc/Projects/dl-project/r2_ws/build/obstacle_avoidance/prefix_override:/usr/lib/python3/dist-packages/colcon_core/task/python/colcon_distutils_commands:/home/andrewkc/Projects/dl-project/r2_ws/install/obstacle_avoidance/lib/python3.10/site-packages:${PYTHONPATH} /usr/bin/python3 -W ignore:setup.py install is deprecated -W ignore:easy_install command is deprecated setup.py egg_info --egg-base ../../build/obstacle_avoidance build --build-base /home/andrewkc/Projects/dl-project/r2_ws/build/obstacle_avoidance/build install --record /home/andrewkc/Projects/dl-project/r2_ws/build/obstacle_avoidance/install.log --single-version-externally-managed install_data
