[0.525s] DEBUG:colcon:Command line arguments: ['/usr/bin/colcon', 'build']
[0.525s] DEBUG:colcon:Parsed command line arguments: Namespace(log_base=None, log_level=None, verb_name='build', build_base='build', install_base='install', merge_install=False, symlink_install=False, test_result_base=None, continue_on_error=False, executor='parallel', parallel_workers=12, event_handlers=None, ignore_user_meta=False, metas=['./colcon.meta'], base_paths=['.'], packages_ignore=None, packages_ignore_regex=None, paths=None, packages_up_to=None, packages_up_to_regex=None, packages_above=None, packages_above_and_dependencies=None, packages_above_depth=None, packages_select_by_dep=None, packages_skip_by_dep=None, packages_skip_up_to=None, packages_select_build_failed=False, packages_skip_build_finished=False, packages_select_test_failures=False, packages_skip_test_passed=False, packages_select=None, packages_skip=None, packages_select_regex=None, packages_skip_regex=None, packages_start=None, packages_end=None, allow_overriding=[], cmake_args=None, cmake_target=None, cmake_target_skip_unavailable=False, cmake_clean_cache=False, cmake_clean_first=False, cmake_force_configure=False, ament_cmake_args=None, catkin_cmake_args=None, catkin_skip_building_tests=False, mixin_files=None, mixin=None, verb_parser=<colcon_mixin.mixin.mixin_argument.MixinArgumentDecorator object at 0x754857802fe0>, verb_extension=<colcon_core.verb.build.BuildVerb object at 0x7548578025c0>, main=<bound method BuildVerb.main of <colcon_core.verb.build.BuildVerb object at 0x7548578025c0>>, mixin_verb=('build',))
[0.977s] Level 1:colcon.colcon_core.package_discovery:discover_packages(colcon_meta) check parameters
[0.978s] Level 1:colcon.colcon_core.package_discovery:discover_packages(recursive) check parameters
[0.978s] Level 1:colcon.colcon_core.package_discovery:discover_packages(ignore) check parameters
[0.978s] Level 1:colcon.colcon_core.package_discovery:discover_packages(path) check parameters
[0.978s] Level 1:colcon.colcon_core.package_discovery:discover_packages(colcon_meta) discover
[0.978s] Level 1:colcon.colcon_core.package_discovery:discover_packages(recursive) discover
[0.978s] INFO:colcon.colcon_core.package_discovery:Crawling recursively for packages in '/home/andrewkc/Projects/dl-project/DRL_robot_navigation_ros2'
[0.979s] Level 1:colcon.colcon_core.package_identification:_identify(.) by extensions ['ignore', 'ignore_ament_install']
[0.979s] Level 1:colcon.colcon_core.package_identification:_identify(.) by extension 'ignore'
[0.979s] Level 1:colcon.colcon_core.package_identification:_identify(.) by extension 'ignore_ament_install'
[0.979s] Level 1:colcon.colcon_core.package_identification:_identify(.) by extensions ['colcon_pkg']
[0.979s] Level 1:colcon.colcon_core.package_identification:_identify(.) by extension 'colcon_pkg'
[0.979s] Level 1:colcon.colcon_core.package_identification:_identify(.) by extensions ['colcon_meta']
[0.979s] Level 1:colcon.colcon_core.package_identification:_identify(.) by extension 'colcon_meta'
[0.980s] Level 1:colcon.colcon_core.package_identification:_identify(.) by extensions ['ros']
[0.980s] Level 1:colcon.colcon_core.package_identification:_identify(.) by extension 'ros'
[1.114s] Level 1:colcon.colcon_core.package_identification:_identify(.) by extensions ['cmake', 'python']
[1.114s] Level 1:colcon.colcon_core.package_identification:_identify(.) by extension 'cmake'
[1.114s] Level 1:colcon.colcon_core.package_identification:_identify(.) by extension 'python'
[1.114s] Level 1:colcon.colcon_core.package_identification:_identify(.) by extensions ['python_setup_py']
[1.114s] Level 1:colcon.colcon_core.package_identification:_identify(.) by extension 'python_setup_py'
[1.115s] Level 1:colcon.colcon_core.package_identification:_identify(build) by extensions ['ignore', 'ignore_ament_install']
[1.115s] Level 1:colcon.colcon_core.package_identification:_identify(build) by extension 'ignore'
[1.115s] Level 1:colcon.colcon_core.package_identification:_identify(build) ignored
[1.115s] Level 1:colcon.colcon_core.package_identification:_identify(install) by extensions ['ignore', 'ignore_ament_install']
[1.116s] Level 1:colcon.colcon_core.package_identification:_identify(install) by extension 'ignore'
[1.116s] Level 1:colcon.colcon_core.package_identification:_identify(install) ignored
[1.116s] Level 1:colcon.colcon_core.package_identification:_identify(log) by extensions ['ignore', 'ignore_ament_install']
[1.116s] Level 1:colcon.colcon_core.package_identification:_identify(log) by extension 'ignore'
[1.116s] Level 1:colcon.colcon_core.package_identification:_identify(log) ignored
[1.116s] Level 1:colcon.colcon_core.package_identification:_identify(src) by extensions ['ignore', 'ignore_ament_install']
[1.117s] Level 1:colcon.colcon_core.package_identification:_identify(src) by extension 'ignore'
[1.117s] Level 1:colcon.colcon_core.package_identification:_identify(src) by extension 'ignore_ament_install'
[1.117s] Level 1:colcon.colcon_core.package_identification:_identify(src) by extensions ['colcon_pkg']
[1.117s] Level 1:colcon.colcon_core.package_identification:_identify(src) by extension 'colcon_pkg'
[1.117s] Level 1:colcon.colcon_core.package_identification:_identify(src) by extensions ['colcon_meta']
[1.117s] Level 1:colcon.colcon_core.package_identification:_identify(src) by extension 'colcon_meta'
[1.117s] Level 1:colcon.colcon_core.package_identification:_identify(src) by extensions ['ros']
[1.117s] Level 1:colcon.colcon_core.package_identification:_identify(src) by extension 'ros'
[1.117s] Level 1:colcon.colcon_core.package_identification:_identify(src) by extensions ['cmake', 'python']
[1.118s] Level 1:colcon.colcon_core.package_identification:_identify(src) by extension 'cmake'
[1.118s] Level 1:colcon.colcon_core.package_identification:_identify(src) by extension 'python'
[1.118s] Level 1:colcon.colcon_core.package_identification:_identify(src) by extensions ['python_setup_py']
[1.118s] Level 1:colcon.colcon_core.package_identification:_identify(src) by extension 'python_setup_py'
[1.118s] Level 1:colcon.colcon_core.package_identification:_identify(src/td3) by extensions ['ignore', 'ignore_ament_install']
[1.118s] Level 1:colcon.colcon_core.package_identification:_identify(src/td3) by extension 'ignore'
[1.118s] Level 1:colcon.colcon_core.package_identification:_identify(src/td3) by extension 'ignore_ament_install'
[1.119s] Level 1:colcon.colcon_core.package_identification:_identify(src/td3) by extensions ['colcon_pkg']
[1.119s] Level 1:colcon.colcon_core.package_identification:_identify(src/td3) by extension 'colcon_pkg'
[1.119s] Level 1:colcon.colcon_core.package_identification:_identify(src/td3) by extensions ['colcon_meta']
[1.119s] Level 1:colcon.colcon_core.package_identification:_identify(src/td3) by extension 'colcon_meta'
[1.119s] Level 1:colcon.colcon_core.package_identification:_identify(src/td3) by extensions ['ros']
[1.119s] Level 1:colcon.colcon_core.package_identification:_identify(src/td3) by extension 'ros'
[1.126s] DEBUG:colcon.colcon_core.package_identification:Package 'src/td3' with type 'ros.ament_cmake' and name 'td3'
[1.127s] Level 1:colcon.colcon_core.package_identification:_identify(src/velodyne_simulator) by extensions ['ignore', 'ignore_ament_install']
[1.127s] Level 1:colcon.colcon_core.package_identification:_identify(src/velodyne_simulator) by extension 'ignore'
[1.127s] Level 1:colcon.colcon_core.package_identification:_identify(src/velodyne_simulator) by extension 'ignore_ament_install'
[1.127s] Level 1:colcon.colcon_core.package_identification:_identify(src/velodyne_simulator) by extensions ['colcon_pkg']
[1.127s] Level 1:colcon.colcon_core.package_identification:_identify(src/velodyne_simulator) by extension 'colcon_pkg'
[1.128s] Level 1:colcon.colcon_core.package_identification:_identify(src/velodyne_simulator) by extensions ['colcon_meta']
[1.128s] Level 1:colcon.colcon_core.package_identification:_identify(src/velodyne_simulator) by extension 'colcon_meta'
[1.128s] Level 1:colcon.colcon_core.package_identification:_identify(src/velodyne_simulator) by extensions ['ros']
[1.128s] Level 1:colcon.colcon_core.package_identification:_identify(src/velodyne_simulator) by extension 'ros'
[1.128s] Level 1:colcon.colcon_core.package_identification:_identify(src/velodyne_simulator) by extensions ['cmake', 'python']
[1.128s] Level 1:colcon.colcon_core.package_identification:_identify(src/velodyne_simulator) by extension 'cmake'
[1.128s] Level 1:colcon.colcon_core.package_identification:_identify(src/velodyne_simulator) by extension 'python'
[1.128s] Level 1:colcon.colcon_core.package_identification:_identify(src/velodyne_simulator) by extensions ['python_setup_py']
[1.128s] Level 1:colcon.colcon_core.package_identification:_identify(src/velodyne_simulator) by extension 'python_setup_py'
[1.129s] Level 1:colcon.colcon_core.package_identification:_identify(src/velodyne_simulator/img) by extensions ['ignore', 'ignore_ament_install']
[1.129s] Level 1:colcon.colcon_core.package_identification:_identify(src/velodyne_simulator/img) by extension 'ignore'
[1.129s] Level 1:colcon.colcon_core.package_identification:_identify(src/velodyne_simulator/img) by extension 'ignore_ament_install'
[1.129s] Level 1:colcon.colcon_core.package_identification:_identify(src/velodyne_simulator/img) by extensions ['colcon_pkg']
[1.129s] Level 1:colcon.colcon_core.package_identification:_identify(src/velodyne_simulator/img) by extension 'colcon_pkg'
[1.129s] Level 1:colcon.colcon_core.package_identification:_identify(src/velodyne_simulator/img) by extensions ['colcon_meta']
[1.129s] Level 1:colcon.colcon_core.package_identification:_identify(src/velodyne_simulator/img) by extension 'colcon_meta'
[1.129s] Level 1:colcon.colcon_core.package_identification:_identify(src/velodyne_simulator/img) by extensions ['ros']
[1.130s] Level 1:colcon.colcon_core.package_identification:_identify(src/velodyne_simulator/img) by extension 'ros'
[1.130s] Level 1:colcon.colcon_core.package_identification:_identify(src/velodyne_simulator/img) by extensions ['cmake', 'python']
[1.130s] Level 1:colcon.colcon_core.package_identification:_identify(src/velodyne_simulator/img) by extension 'cmake'
[1.130s] Level 1:colcon.colcon_core.package_identification:_identify(src/velodyne_simulator/img) by extension 'python'
[1.130s] Level 1:colcon.colcon_core.package_identification:_identify(src/velodyne_simulator/img) by extensions ['python_setup_py']
[1.130s] Level 1:colcon.colcon_core.package_identification:_identify(src/velodyne_simulator/img) by extension 'python_setup_py'
[1.131s] Level 1:colcon.colcon_core.package_identification:_identify(src/velodyne_simulator/velodyne_description) by extensions ['ignore', 'ignore_ament_install']
[1.131s] Level 1:colcon.colcon_core.package_identification:_identify(src/velodyne_simulator/velodyne_description) by extension 'ignore'
[1.131s] Level 1:colcon.colcon_core.package_identification:_identify(src/velodyne_simulator/velodyne_description) by extension 'ignore_ament_install'
[1.132s] Level 1:colcon.colcon_core.package_identification:_identify(src/velodyne_simulator/velodyne_description) by extensions ['colcon_pkg']
[1.132s] Level 1:colcon.colcon_core.package_identification:_identify(src/velodyne_simulator/velodyne_description) by extension 'colcon_pkg'
[1.132s] Level 1:colcon.colcon_core.package_identification:_identify(src/velodyne_simulator/velodyne_description) by extensions ['colcon_meta']
[1.132s] Level 1:colcon.colcon_core.package_identification:_identify(src/velodyne_simulator/velodyne_description) by extension 'colcon_meta'
[1.132s] Level 1:colcon.colcon_core.package_identification:_identify(src/velodyne_simulator/velodyne_description) by extensions ['ros']
[1.132s] Level 1:colcon.colcon_core.package_identification:_identify(src/velodyne_simulator/velodyne_description) by extension 'ros'
[1.133s] DEBUG:colcon.colcon_core.package_identification:Package 'src/velodyne_simulator/velodyne_description' with type 'ros.ament_cmake' and name 'velodyne_description'
[1.134s] Level 1:colcon.colcon_core.package_identification:_identify(src/velodyne_simulator/velodyne_gazebo_plugins) by extensions ['ignore', 'ignore_ament_install']
[1.134s] Level 1:colcon.colcon_core.package_identification:_identify(src/velodyne_simulator/velodyne_gazebo_plugins) by extension 'ignore'
[1.134s] Level 1:colcon.colcon_core.package_identification:_identify(src/velodyne_simulator/velodyne_gazebo_plugins) by extension 'ignore_ament_install'
[1.134s] Level 1:colcon.colcon_core.package_identification:_identify(src/velodyne_simulator/velodyne_gazebo_plugins) by extensions ['colcon_pkg']
[1.134s] Level 1:colcon.colcon_core.package_identification:_identify(src/velodyne_simulator/velodyne_gazebo_plugins) by extension 'colcon_pkg'
[1.134s] Level 1:colcon.colcon_core.package_identification:_identify(src/velodyne_simulator/velodyne_gazebo_plugins) by extensions ['colcon_meta']
[1.134s] Level 1:colcon.colcon_core.package_identification:_identify(src/velodyne_simulator/velodyne_gazebo_plugins) by extension 'colcon_meta'
[1.134s] Level 1:colcon.colcon_core.package_identification:_identify(src/velodyne_simulator/velodyne_gazebo_plugins) by extensions ['ros']
[1.134s] Level 1:colcon.colcon_core.package_identification:_identify(src/velodyne_simulator/velodyne_gazebo_plugins) by extension 'ros'
[1.135s] DEBUG:colcon.colcon_core.package_identification:Package 'src/velodyne_simulator/velodyne_gazebo_plugins' with type 'ros.ament_cmake' and name 'velodyne_gazebo_plugins'
[1.136s] Level 1:colcon.colcon_core.package_identification:_identify(src/velodyne_simulator/velodyne_simulator) by extensions ['ignore', 'ignore_ament_install']
[1.136s] Level 1:colcon.colcon_core.package_identification:_identify(src/velodyne_simulator/velodyne_simulator) by extension 'ignore'
[1.136s] Level 1:colcon.colcon_core.package_identification:_identify(src/velodyne_simulator/velodyne_simulator) by extension 'ignore_ament_install'
[1.136s] Level 1:colcon.colcon_core.package_identification:_identify(src/velodyne_simulator/velodyne_simulator) by extensions ['colcon_pkg']
[1.136s] Level 1:colcon.colcon_core.package_identification:_identify(src/velodyne_simulator/velodyne_simulator) by extension 'colcon_pkg'
[1.136s] Level 1:colcon.colcon_core.package_identification:_identify(src/velodyne_simulator/velodyne_simulator) by extensions ['colcon_meta']
[1.136s] Level 1:colcon.colcon_core.package_identification:_identify(src/velodyne_simulator/velodyne_simulator) by extension 'colcon_meta'
[1.136s] Level 1:colcon.colcon_core.package_identification:_identify(src/velodyne_simulator/velodyne_simulator) by extensions ['ros']
[1.136s] Level 1:colcon.colcon_core.package_identification:_identify(src/velodyne_simulator/velodyne_simulator) by extension 'ros'
[1.137s] DEBUG:colcon.colcon_core.package_identification:Package 'src/velodyne_simulator/velodyne_simulator' with type 'ros.ament_cmake' and name 'velodyne_simulator'
[1.137s] Level 1:colcon.colcon_core.package_discovery:discover_packages(recursive) using defaults
[1.137s] Level 1:colcon.colcon_core.package_discovery:discover_packages(ignore) discover
[1.137s] Level 1:colcon.colcon_core.package_discovery:discover_packages(ignore) using defaults
[1.137s] Level 1:colcon.colcon_core.package_discovery:discover_packages(path) discover
[1.137s] Level 1:colcon.colcon_core.package_discovery:discover_packages(path) using defaults
[1.266s] Level 1:colcon.colcon_core.package_discovery:discover_packages(prefix_path) check parameters
[1.266s] Level 1:colcon.colcon_core.package_discovery:discover_packages(prefix_path) discover
[1.273s] DEBUG:colcon.colcon_installed_package_information.package_discovery:Found 400 installed packages in /opt/ros/humble
[1.276s] Level 1:colcon.colcon_core.package_discovery:discover_packages(prefix_path) using defaults
[1.346s] Level 5:colcon.colcon_core.verb:set package 'td3' build argument 'cmake_args' from command line to 'None'
[1.346s] Level 5:colcon.colcon_core.verb:set package 'td3' build argument 'cmake_target' from command line to 'None'
[1.346s] Level 5:colcon.colcon_core.verb:set package 'td3' build argument 'cmake_target_skip_unavailable' from command line to 'False'
[1.347s] Level 5:colcon.colcon_core.verb:set package 'td3' build argument 'cmake_clean_cache' from command line to 'False'
[1.347s] Level 5:colcon.colcon_core.verb:set package 'td3' build argument 'cmake_clean_first' from command line to 'False'
[1.347s] Level 5:colcon.colcon_core.verb:set package 'td3' build argument 'cmake_force_configure' from command line to 'False'
[1.347s] Level 5:colcon.colcon_core.verb:set package 'td3' build argument 'ament_cmake_args' from command line to 'None'
[1.347s] Level 5:colcon.colcon_core.verb:set package 'td3' build argument 'catkin_cmake_args' from command line to 'None'
[1.347s] Level 5:colcon.colcon_core.verb:set package 'td3' build argument 'catkin_skip_building_tests' from command line to 'False'
[1.347s] DEBUG:colcon.colcon_core.verb:Building package 'td3' with the following arguments: {'ament_cmake_args': None, 'build_base': '/home/andrewkc/Projects/dl-project/DRL_robot_navigation_ros2/build/td3', 'catkin_cmake_args': None, 'catkin_skip_building_tests': False, 'cmake_args': None, 'cmake_clean_cache': False, 'cmake_clean_first': False, 'cmake_force_configure': False, 'cmake_target': None, 'cmake_target_skip_unavailable': False, 'install_base': '/home/andrewkc/Projects/dl-project/DRL_robot_navigation_ros2/install/td3', 'merge_install': False, 'path': '/home/andrewkc/Projects/dl-project/DRL_robot_navigation_ros2/src/td3', 'symlink_install': False, 'test_result_base': None}
[1.347s] Level 5:colcon.colcon_core.verb:set package 'velodyne_description' build argument 'cmake_args' from command line to 'None'
[1.347s] Level 5:colcon.colcon_core.verb:set package 'velodyne_description' build argument 'cmake_target' from command line to 'None'
[1.347s] Level 5:colcon.colcon_core.verb:set package 'velodyne_description' build argument 'cmake_target_skip_unavailable' from command line to 'False'
[1.347s] Level 5:colcon.colcon_core.verb:set package 'velodyne_description' build argument 'cmake_clean_cache' from command line to 'False'
[1.347s] Level 5:colcon.colcon_core.verb:set package 'velodyne_description' build argument 'cmake_clean_first' from command line to 'False'
[1.347s] Level 5:colcon.colcon_core.verb:set package 'velodyne_description' build argument 'cmake_force_configure' from command line to 'False'
[1.347s] Level 5:colcon.colcon_core.verb:set package 'velodyne_description' build argument 'ament_cmake_args' from command line to 'None'
[1.347s] Level 5:colcon.colcon_core.verb:set package 'velodyne_description' build argument 'catkin_cmake_args' from command line to 'None'
[1.347s] Level 5:colcon.colcon_core.verb:set package 'velodyne_description' build argument 'catkin_skip_building_tests' from command line to 'False'
[1.348s] DEBUG:colcon.colcon_core.verb:Building package 'velodyne_description' with the following arguments: {'ament_cmake_args': None, 'build_base': '/home/andrewkc/Projects/dl-project/DRL_robot_navigation_ros2/build/velodyne_description', 'catkin_cmake_args': None, 'catkin_skip_building_tests': False, 'cmake_args': None, 'cmake_clean_cache': False, 'cmake_clean_first': False, 'cmake_force_configure': False, 'cmake_target': None, 'cmake_target_skip_unavailable': False, 'install_base': '/home/andrewkc/Projects/dl-project/DRL_robot_navigation_ros2/install/velodyne_description', 'merge_install': False, 'path': '/home/andrewkc/Projects/dl-project/DRL_robot_navigation_ros2/src/velodyne_simulator/velodyne_description', 'symlink_install': False, 'test_result_base': None}
[1.348s] Level 5:colcon.colcon_core.verb:set package 'velodyne_gazebo_plugins' build argument 'cmake_args' from command line to 'None'
[1.348s] Level 5:colcon.colcon_core.verb:set package 'velodyne_gazebo_plugins' build argument 'cmake_target' from command line to 'None'
[1.348s] Level 5:colcon.colcon_core.verb:set package 'velodyne_gazebo_plugins' build argument 'cmake_target_skip_unavailable' from command line to 'False'
[1.348s] Level 5:colcon.colcon_core.verb:set package 'velodyne_gazebo_plugins' build argument 'cmake_clean_cache' from command line to 'False'
[1.348s] Level 5:colcon.colcon_core.verb:set package 'velodyne_gazebo_plugins' build argument 'cmake_clean_first' from command line to 'False'
[1.348s] Level 5:colcon.colcon_core.verb:set package 'velodyne_gazebo_plugins' build argument 'cmake_force_configure' from command line to 'False'
[1.348s] Level 5:colcon.colcon_core.verb:set package 'velodyne_gazebo_plugins' build argument 'ament_cmake_args' from command line to 'None'
[1.348s] Level 5:colcon.colcon_core.verb:set package 'velodyne_gazebo_plugins' build argument 'catkin_cmake_args' from command line to 'None'
[1.348s] Level 5:colcon.colcon_core.verb:set package 'velodyne_gazebo_plugins' build argument 'catkin_skip_building_tests' from command line to 'False'
[1.348s] DEBUG:colcon.colcon_core.verb:Building package 'velodyne_gazebo_plugins' with the following arguments: {'ament_cmake_args': None, 'build_base': '/home/andrewkc/Projects/dl-project/DRL_robot_navigation_ros2/build/velodyne_gazebo_plugins', 'catkin_cmake_args': None, 'catkin_skip_building_tests': False, 'cmake_args': None, 'cmake_clean_cache': False, 'cmake_clean_first': False, 'cmake_force_configure': False, 'cmake_target': None, 'cmake_target_skip_unavailable': False, 'install_base': '/home/andrewkc/Projects/dl-project/DRL_robot_navigation_ros2/install/velodyne_gazebo_plugins', 'merge_install': False, 'path': '/home/andrewkc/Projects/dl-project/DRL_robot_navigation_ros2/src/velodyne_simulator/velodyne_gazebo_plugins', 'symlink_install': False, 'test_result_base': None}
[1.349s] Level 5:colcon.colcon_core.verb:set package 'velodyne_simulator' build argument 'cmake_args' from command line to 'None'
[1.349s] Level 5:colcon.colcon_core.verb:set package 'velodyne_simulator' build argument 'cmake_target' from command line to 'None'
[1.349s] Level 5:colcon.colcon_core.verb:set package 'velodyne_simulator' build argument 'cmake_target_skip_unavailable' from command line to 'False'
[1.349s] Level 5:colcon.colcon_core.verb:set package 'velodyne_simulator' build argument 'cmake_clean_cache' from command line to 'False'
[1.349s] Level 5:colcon.colcon_core.verb:set package 'velodyne_simulator' build argument 'cmake_clean_first' from command line to 'False'
[1.349s] Level 5:colcon.colcon_core.verb:set package 'velodyne_simulator' build argument 'cmake_force_configure' from command line to 'False'
[1.349s] Level 5:colcon.colcon_core.verb:set package 'velodyne_simulator' build argument 'ament_cmake_args' from command line to 'None'
[1.349s] Level 5:colcon.colcon_core.verb:set package 'velodyne_simulator' build argument 'catkin_cmake_args' from command line to 'None'
[1.349s] Level 5:colcon.colcon_core.verb:set package 'velodyne_simulator' build argument 'catkin_skip_building_tests' from command line to 'False'
[1.349s] DEBUG:colcon.colcon_core.verb:Building package 'velodyne_simulator' with the following arguments: {'ament_cmake_args': None, 'build_base': '/home/andrewkc/Projects/dl-project/DRL_robot_navigation_ros2/build/velodyne_simulator', 'catkin_cmake_args': None, 'catkin_skip_building_tests': False, 'cmake_args': None, 'cmake_clean_cache': False, 'cmake_clean_first': False, 'cmake_force_configure': False, 'cmake_target': None, 'cmake_target_skip_unavailable': False, 'install_base': '/home/andrewkc/Projects/dl-project/DRL_robot_navigation_ros2/install/velodyne_simulator', 'merge_install': False, 'path': '/home/andrewkc/Projects/dl-project/DRL_robot_navigation_ros2/src/velodyne_simulator/velodyne_simulator', 'symlink_install': False, 'test_result_base': None}
[1.349s] INFO:colcon.colcon_core.executor:Executing jobs using 'parallel' executor
[1.351s] DEBUG:colcon.colcon_parallel_executor.executor.parallel:run_until_complete
[1.351s] INFO:colcon.colcon_ros.task.ament_cmake.build:Building ROS package in '/home/andrewkc/Projects/dl-project/DRL_robot_navigation_ros2/src/velodyne_simulator/velodyne_description' with build type 'ament_cmake'
[1.352s] INFO:colcon.colcon_cmake.task.cmake.build:Building CMake package in '/home/andrewkc/Projects/dl-project/DRL_robot_navigation_ros2/src/velodyne_simulator/velodyne_description'
[1.355s] INFO:colcon.colcon_core.plugin_system:Skipping extension 'colcon_core.shell.bat': Not used on non-Windows systems
[1.356s] INFO:colcon.colcon_core.shell:Skip shell extension 'powershell' for command environment: Not usable outside of PowerShell
[1.356s] DEBUG:colcon.colcon_core.shell:Skip shell extension 'dsv' for command environment
[1.362s] INFO:colcon.colcon_ros.task.ament_cmake.build:Building ROS package in '/home/andrewkc/Projects/dl-project/DRL_robot_navigation_ros2/src/velodyne_simulator/velodyne_gazebo_plugins' with build type 'ament_cmake'
[1.362s] INFO:colcon.colcon_cmake.task.cmake.build:Building CMake package in '/home/andrewkc/Projects/dl-project/DRL_robot_navigation_ros2/src/velodyne_simulator/velodyne_gazebo_plugins'
[1.362s] INFO:colcon.colcon_core.shell:Skip shell extension 'powershell' for command environment: Not usable outside of PowerShell
[1.362s] DEBUG:colcon.colcon_core.shell:Skip shell extension 'dsv' for command environment
[1.369s] INFO:colcon.colcon_ros.task.ament_cmake.build:Building ROS package in '/home/andrewkc/Projects/dl-project/DRL_robot_navigation_ros2/src/td3' with build type 'ament_cmake'
[1.369s] INFO:colcon.colcon_cmake.task.cmake.build:Building CMake package in '/home/andrewkc/Projects/dl-project/DRL_robot_navigation_ros2/src/td3'
[1.369s] INFO:colcon.colcon_core.shell:Skip shell extension 'powershell' for command environment: Not usable outside of PowerShell
[1.369s] DEBUG:colcon.colcon_core.shell:Skip shell extension 'dsv' for command environment
[1.387s] DEBUG:colcon.colcon_core.event_handler.log_command:Invoking command in '/home/andrewkc/Projects/dl-project/DRL_robot_navigation_ros2/build/velodyne_description': CMAKE_PREFIX_PATH=/opt/ros/humble CONDA_PROMPT_MODIFIER=(base) /usr/bin/cmake /home/andrewkc/Projects/dl-project/DRL_robot_navigation_ros2/src/velodyne_simulator/velodyne_description -DCMAKE_INSTALL_PREFIX=/home/andrewkc/Projects/dl-project/DRL_robot_navigation_ros2/install/velodyne_description
[1.395s] DEBUG:colcon.colcon_core.event_handler.log_command:Invoking command in '/home/andrewkc/Projects/dl-project/DRL_robot_navigation_ros2/build/velodyne_gazebo_plugins': CMAKE_PREFIX_PATH=/opt/ros/humble CONDA_PROMPT_MODIFIER=(base) /usr/bin/cmake /home/andrewkc/Projects/dl-project/DRL_robot_navigation_ros2/src/velodyne_simulator/velodyne_gazebo_plugins -DCMAKE_INSTALL_PREFIX=/home/andrewkc/Projects/dl-project/DRL_robot_navigation_ros2/install/velodyne_gazebo_plugins
[1.399s] DEBUG:colcon.colcon_core.event_handler.log_command:Invoking command in '/home/andrewkc/Projects/dl-project/DRL_robot_navigation_ros2/build/td3': CMAKE_PREFIX_PATH=/opt/ros/humble CONDA_PROMPT_MODIFIER=(base) /usr/bin/cmake /home/andrewkc/Projects/dl-project/DRL_robot_navigation_ros2/src/td3 -DCMAKE_INSTALL_PREFIX=/home/andrewkc/Projects/dl-project/DRL_robot_navigation_ros2/install/td3
[8.010s] DEBUG:colcon.colcon_core.event_handler.log_command:Invoked command in '/home/andrewkc/Projects/dl-project/DRL_robot_navigation_ros2/build/td3' returned '0': CMAKE_PREFIX_PATH=/opt/ros/humble CONDA_PROMPT_MODIFIER=(base) /usr/bin/cmake /home/andrewkc/Projects/dl-project/DRL_robot_navigation_ros2/src/td3 -DCMAKE_INSTALL_PREFIX=/home/andrewkc/Projects/dl-project/DRL_robot_navigation_ros2/install/td3
[8.013s] DEBUG:colcon.colcon_core.event_handler.log_command:Invoking command in '/home/andrewkc/Projects/dl-project/DRL_robot_navigation_ros2/build/td3': CMAKE_PREFIX_PATH=/opt/ros/humble CONDA_PROMPT_MODIFIER=(base) /usr/bin/cmake --build /home/andrewkc/Projects/dl-project/DRL_robot_navigation_ros2/build/td3 -- -j12 -l12
[8.081s] DEBUG:colcon.colcon_core.event_handler.log_command:Invoked command in '/home/andrewkc/Projects/dl-project/DRL_robot_navigation_ros2/build/td3' returned '0': CMAKE_PREFIX_PATH=/opt/ros/humble CONDA_PROMPT_MODIFIER=(base) /usr/bin/cmake --build /home/andrewkc/Projects/dl-project/DRL_robot_navigation_ros2/build/td3 -- -j12 -l12
[8.104s] DEBUG:colcon.colcon_core.event_handler.log_command:Invoking command in '/home/andrewkc/Projects/dl-project/DRL_robot_navigation_ros2/build/td3': CMAKE_PREFIX_PATH=/opt/ros/humble CONDA_PROMPT_MODIFIER=(base) /usr/bin/cmake --install /home/andrewkc/Projects/dl-project/DRL_robot_navigation_ros2/build/td3
[8.356s] Level 1:colcon.colcon_core.environment:create_environment_scripts_only(td3)
[8.357s] DEBUG:colcon.colcon_core.event_handler.log_command:Invoked command in '/home/andrewkc/Projects/dl-project/DRL_robot_navigation_ros2/build/td3' returned '0': CMAKE_PREFIX_PATH=/opt/ros/humble CONDA_PROMPT_MODIFIER=(base) /usr/bin/cmake --install /home/andrewkc/Projects/dl-project/DRL_robot_navigation_ros2/build/td3
[8.475s] Level 1:colcon.colcon_core.environment:checking '/home/andrewkc/Projects/dl-project/DRL_robot_navigation_ros2/install/td3' for CMake module files
[8.476s] Level 1:colcon.colcon_core.environment:checking '/home/andrewkc/Projects/dl-project/DRL_robot_navigation_ros2/install/td3' for CMake config files
[8.479s] Level 1:colcon.colcon_core.shell:create_environment_hook('td3', 'cmake_prefix_path')
[8.480s] INFO:colcon.colcon_core.shell:Creating environment hook '/home/andrewkc/Projects/dl-project/DRL_robot_navigation_ros2/install/td3/share/td3/hook/cmake_prefix_path.ps1'
[8.481s] INFO:colcon.colcon_core.shell:Creating environment descriptor '/home/andrewkc/Projects/dl-project/DRL_robot_navigation_ros2/install/td3/share/td3/hook/cmake_prefix_path.dsv'
[8.483s] INFO:colcon.colcon_core.shell:Creating environment hook '/home/andrewkc/Projects/dl-project/DRL_robot_navigation_ros2/install/td3/share/td3/hook/cmake_prefix_path.sh'
[8.484s] Level 1:colcon.colcon_core.environment:checking '/home/andrewkc/Projects/dl-project/DRL_robot_navigation_ros2/install/td3/lib'
[8.485s] Level 1:colcon.colcon_core.environment:checking '/home/andrewkc/Projects/dl-project/DRL_robot_navigation_ros2/install/td3/bin'
[8.485s] Level 1:colcon.colcon_core.environment:checking '/home/andrewkc/Projects/dl-project/DRL_robot_navigation_ros2/install/td3/lib/pkgconfig/td3.pc'
[8.485s] Level 1:colcon.colcon_core.environment:checking '/home/andrewkc/Projects/dl-project/DRL_robot_navigation_ros2/install/td3/lib/python3.10/site-packages'
[8.486s] Level 1:colcon.colcon_core.environment:checking '/home/andrewkc/Projects/dl-project/DRL_robot_navigation_ros2/install/td3/bin'
[8.487s] INFO:colcon.colcon_core.shell:Creating package script '/home/andrewkc/Projects/dl-project/DRL_robot_navigation_ros2/install/td3/share/td3/package.ps1'
[8.489s] INFO:colcon.colcon_core.shell:Creating package descriptor '/home/andrewkc/Projects/dl-project/DRL_robot_navigation_ros2/install/td3/share/td3/package.dsv'
[8.500s] INFO:colcon.colcon_core.shell:Creating package script '/home/andrewkc/Projects/dl-project/DRL_robot_navigation_ros2/install/td3/share/td3/package.sh'
[8.502s] INFO:colcon.colcon_core.shell:Creating package script '/home/andrewkc/Projects/dl-project/DRL_robot_navigation_ros2/install/td3/share/td3/package.bash'
[8.521s] INFO:colcon.colcon_core.shell:Creating package script '/home/andrewkc/Projects/dl-project/DRL_robot_navigation_ros2/install/td3/share/td3/package.zsh'
[8.543s] Level 1:colcon.colcon_core.environment:create_file_with_runtime_dependencies(/home/andrewkc/Projects/dl-project/DRL_robot_navigation_ros2/install/td3/share/colcon-core/packages/td3)
[8.543s] Level 1:colcon.colcon_core.environment:create_environment_scripts_only(td3)
[8.544s] Level 1:colcon.colcon_core.environment:checking '/home/andrewkc/Projects/dl-project/DRL_robot_navigation_ros2/install/td3' for CMake module files
[8.544s] Level 1:colcon.colcon_core.environment:checking '/home/andrewkc/Projects/dl-project/DRL_robot_navigation_ros2/install/td3' for CMake config files
[8.546s] Level 1:colcon.colcon_core.shell:create_environment_hook('td3', 'cmake_prefix_path')
[8.546s] INFO:colcon.colcon_core.shell:Creating environment hook '/home/andrewkc/Projects/dl-project/DRL_robot_navigation_ros2/install/td3/share/td3/hook/cmake_prefix_path.ps1'
[8.547s] INFO:colcon.colcon_core.shell:Creating environment descriptor '/home/andrewkc/Projects/dl-project/DRL_robot_navigation_ros2/install/td3/share/td3/hook/cmake_prefix_path.dsv'
[8.548s] INFO:colcon.colcon_core.shell:Creating environment hook '/home/andrewkc/Projects/dl-project/DRL_robot_navigation_ros2/install/td3/share/td3/hook/cmake_prefix_path.sh'
[8.548s] Level 1:colcon.colcon_core.environment:checking '/home/andrewkc/Projects/dl-project/DRL_robot_navigation_ros2/install/td3/lib'
[8.548s] Level 1:colcon.colcon_core.environment:checking '/home/andrewkc/Projects/dl-project/DRL_robot_navigation_ros2/install/td3/bin'
[8.548s] Level 1:colcon.colcon_core.environment:checking '/home/andrewkc/Projects/dl-project/DRL_robot_navigation_ros2/install/td3/lib/pkgconfig/td3.pc'
[8.549s] Level 1:colcon.colcon_core.environment:checking '/home/andrewkc/Projects/dl-project/DRL_robot_navigation_ros2/install/td3/lib/python3.10/site-packages'
[8.549s] Level 1:colcon.colcon_core.environment:checking '/home/andrewkc/Projects/dl-project/DRL_robot_navigation_ros2/install/td3/bin'
[8.549s] INFO:colcon.colcon_core.shell:Creating package script '/home/andrewkc/Projects/dl-project/DRL_robot_navigation_ros2/install/td3/share/td3/package.ps1'
[8.550s] INFO:colcon.colcon_core.shell:Creating package descriptor '/home/andrewkc/Projects/dl-project/DRL_robot_navigation_ros2/install/td3/share/td3/package.dsv'
[8.551s] INFO:colcon.colcon_core.shell:Creating package script '/home/andrewkc/Projects/dl-project/DRL_robot_navigation_ros2/install/td3/share/td3/package.sh'
[8.551s] INFO:colcon.colcon_core.shell:Creating package script '/home/andrewkc/Projects/dl-project/DRL_robot_navigation_ros2/install/td3/share/td3/package.bash'
[8.552s] INFO:colcon.colcon_core.shell:Creating package script '/home/andrewkc/Projects/dl-project/DRL_robot_navigation_ros2/install/td3/share/td3/package.zsh'
[8.552s] Level 1:colcon.colcon_core.environment:create_file_with_runtime_dependencies(/home/andrewkc/Projects/dl-project/DRL_robot_navigation_ros2/install/td3/share/colcon-core/packages/td3)
[12.557s] DEBUG:colcon.colcon_core.event_handler.log_command:Invoked command in '/home/andrewkc/Projects/dl-project/DRL_robot_navigation_ros2/build/velodyne_description' returned '0': CMAKE_PREFIX_PATH=/opt/ros/humble CONDA_PROMPT_MODIFIER=(base) /usr/bin/cmake /home/andrewkc/Projects/dl-project/DRL_robot_navigation_ros2/src/velodyne_simulator/velodyne_description -DCMAKE_INSTALL_PREFIX=/home/andrewkc/Projects/dl-project/DRL_robot_navigation_ros2/install/velodyne_description
[12.562s] DEBUG:colcon.colcon_core.event_handler.log_command:Invoking command in '/home/andrewkc/Projects/dl-project/DRL_robot_navigation_ros2/build/velodyne_description': CMAKE_PREFIX_PATH=/opt/ros/humble CONDA_PROMPT_MODIFIER=(base) /usr/bin/cmake --build /home/andrewkc/Projects/dl-project/DRL_robot_navigation_ros2/build/velodyne_description -- -j12 -l12
[12.646s] DEBUG:colcon.colcon_core.event_handler.log_command:Invoked command in '/home/andrewkc/Projects/dl-project/DRL_robot_navigation_ros2/build/velodyne_description' returned '0': CMAKE_PREFIX_PATH=/opt/ros/humble CONDA_PROMPT_MODIFIER=(base) /usr/bin/cmake --build /home/andrewkc/Projects/dl-project/DRL_robot_navigation_ros2/build/velodyne_description -- -j12 -l12
[12.650s] DEBUG:colcon.colcon_core.event_handler.log_command:Invoking command in '/home/andrewkc/Projects/dl-project/DRL_robot_navigation_ros2/build/velodyne_description': CMAKE_PREFIX_PATH=/opt/ros/humble CONDA_PROMPT_MODIFIER=(base) /usr/bin/cmake --install /home/andrewkc/Projects/dl-project/DRL_robot_navigation_ros2/build/velodyne_description
[13.070s] Level 1:colcon.colcon_core.environment:create_environment_scripts_only(velodyne_description)
[13.071s] Level 1:colcon.colcon_core.environment:checking '/home/andrewkc/Projects/dl-project/DRL_robot_navigation_ros2/install/velodyne_description' for CMake module files
[13.072s] DEBUG:colcon.colcon_core.event_handler.log_command:Invoked command in '/home/andrewkc/Projects/dl-project/DRL_robot_navigation_ros2/build/velodyne_description' returned '0': CMAKE_PREFIX_PATH=/opt/ros/humble CONDA_PROMPT_MODIFIER=(base) /usr/bin/cmake --install /home/andrewkc/Projects/dl-project/DRL_robot_navigation_ros2/build/velodyne_description
[13.073s] Level 1:colcon.colcon_core.environment:checking '/home/andrewkc/Projects/dl-project/DRL_robot_navigation_ros2/install/velodyne_description' for CMake config files
[13.075s] Level 1:colcon.colcon_core.shell:create_environment_hook('velodyne_description', 'cmake_prefix_path')
[13.075s] INFO:colcon.colcon_core.shell:Creating environment hook '/home/andrewkc/Projects/dl-project/DRL_robot_navigation_ros2/install/velodyne_description/share/velodyne_description/hook/cmake_prefix_path.ps1'
[13.076s] INFO:colcon.colcon_core.shell:Creating environment descriptor '/home/andrewkc/Projects/dl-project/DRL_robot_navigation_ros2/install/velodyne_description/share/velodyne_description/hook/cmake_prefix_path.dsv'
[13.077s] INFO:colcon.colcon_core.shell:Creating environment hook '/home/andrewkc/Projects/dl-project/DRL_robot_navigation_ros2/install/velodyne_description/share/velodyne_description/hook/cmake_prefix_path.sh'
[13.078s] Level 1:colcon.colcon_core.environment:checking '/home/andrewkc/Projects/dl-project/DRL_robot_navigation_ros2/install/velodyne_description/bin'
[13.078s] Level 1:colcon.colcon_core.environment:checking '/home/andrewkc/Projects/dl-project/DRL_robot_navigation_ros2/install/velodyne_description/lib/pkgconfig/velodyne_description.pc'
[13.079s] Level 1:colcon.colcon_core.environment:checking '/home/andrewkc/Projects/dl-project/DRL_robot_navigation_ros2/install/velodyne_description/lib/python3.10/site-packages'
[13.079s] Level 1:colcon.colcon_core.environment:checking '/home/andrewkc/Projects/dl-project/DRL_robot_navigation_ros2/install/velodyne_description/bin'
[13.080s] INFO:colcon.colcon_core.shell:Creating package script '/home/andrewkc/Projects/dl-project/DRL_robot_navigation_ros2/install/velodyne_description/share/velodyne_description/package.ps1'
[13.081s] INFO:colcon.colcon_core.shell:Creating package descriptor '/home/andrewkc/Projects/dl-project/DRL_robot_navigation_ros2/install/velodyne_description/share/velodyne_description/package.dsv'
[13.174s] INFO:colcon.colcon_core.shell:Creating package script '/home/andrewkc/Projects/dl-project/DRL_robot_navigation_ros2/install/velodyne_description/share/velodyne_description/package.sh'
[13.176s] INFO:colcon.colcon_core.shell:Creating package script '/home/andrewkc/Projects/dl-project/DRL_robot_navigation_ros2/install/velodyne_description/share/velodyne_description/package.bash'
[13.176s] INFO:colcon.colcon_core.shell:Creating package script '/home/andrewkc/Projects/dl-project/DRL_robot_navigation_ros2/install/velodyne_description/share/velodyne_description/package.zsh'
[13.177s] Level 1:colcon.colcon_core.environment:create_file_with_runtime_dependencies(/home/andrewkc/Projects/dl-project/DRL_robot_navigation_ros2/install/velodyne_description/share/colcon-core/packages/velodyne_description)
[13.178s] Level 1:colcon.colcon_core.environment:create_environment_scripts_only(velodyne_description)
[13.179s] Level 1:colcon.colcon_core.environment:checking '/home/andrewkc/Projects/dl-project/DRL_robot_navigation_ros2/install/velodyne_description' for CMake module files
[13.180s] Level 1:colcon.colcon_core.environment:checking '/home/andrewkc/Projects/dl-project/DRL_robot_navigation_ros2/install/velodyne_description' for CMake config files
[13.182s] Level 1:colcon.colcon_core.shell:create_environment_hook('velodyne_description', 'cmake_prefix_path')
[13.182s] INFO:colcon.colcon_core.shell:Creating environment hook '/home/andrewkc/Projects/dl-project/DRL_robot_navigation_ros2/install/velodyne_description/share/velodyne_description/hook/cmake_prefix_path.ps1'
[13.183s] INFO:colcon.colcon_core.shell:Creating environment descriptor '/home/andrewkc/Projects/dl-project/DRL_robot_navigation_ros2/install/velodyne_description/share/velodyne_description/hook/cmake_prefix_path.dsv'
[13.184s] INFO:colcon.colcon_core.shell:Creating environment hook '/home/andrewkc/Projects/dl-project/DRL_robot_navigation_ros2/install/velodyne_description/share/velodyne_description/hook/cmake_prefix_path.sh'
[13.185s] Level 1:colcon.colcon_core.environment:checking '/home/andrewkc/Projects/dl-project/DRL_robot_navigation_ros2/install/velodyne_description/bin'
[13.185s] Level 1:colcon.colcon_core.environment:checking '/home/andrewkc/Projects/dl-project/DRL_robot_navigation_ros2/install/velodyne_description/lib/pkgconfig/velodyne_description.pc'
[13.186s] Level 1:colcon.colcon_core.environment:checking '/home/andrewkc/Projects/dl-project/DRL_robot_navigation_ros2/install/velodyne_description/lib/python3.10/site-packages'
[13.186s] Level 1:colcon.colcon_core.environment:checking '/home/andrewkc/Projects/dl-project/DRL_robot_navigation_ros2/install/velodyne_description/bin'
[13.187s] INFO:colcon.colcon_core.shell:Creating package script '/home/andrewkc/Projects/dl-project/DRL_robot_navigation_ros2/install/velodyne_description/share/velodyne_description/package.ps1'
[13.188s] INFO:colcon.colcon_core.shell:Creating package descriptor '/home/andrewkc/Projects/dl-project/DRL_robot_navigation_ros2/install/velodyne_description/share/velodyne_description/package.dsv'
[13.189s] INFO:colcon.colcon_core.shell:Creating package script '/home/andrewkc/Projects/dl-project/DRL_robot_navigation_ros2/install/velodyne_description/share/velodyne_description/package.sh'
[13.190s] INFO:colcon.colcon_core.shell:Creating package script '/home/andrewkc/Projects/dl-project/DRL_robot_navigation_ros2/install/velodyne_description/share/velodyne_description/package.bash'
[13.190s] INFO:colcon.colcon_core.shell:Creating package script '/home/andrewkc/Projects/dl-project/DRL_robot_navigation_ros2/install/velodyne_description/share/velodyne_description/package.zsh'
[13.191s] Level 1:colcon.colcon_core.environment:create_file_with_runtime_dependencies(/home/andrewkc/Projects/dl-project/DRL_robot_navigation_ros2/install/velodyne_description/share/colcon-core/packages/velodyne_description)
[19.406s] DEBUG:colcon.colcon_core.event_handler.log_command:Invoked command in '/home/andrewkc/Projects/dl-project/DRL_robot_navigation_ros2/build/velodyne_gazebo_plugins' returned '0': CMAKE_PREFIX_PATH=/opt/ros/humble CONDA_PROMPT_MODIFIER=(base) /usr/bin/cmake /home/andrewkc/Projects/dl-project/DRL_robot_navigation_ros2/src/velodyne_simulator/velodyne_gazebo_plugins -DCMAKE_INSTALL_PREFIX=/home/andrewkc/Projects/dl-project/DRL_robot_navigation_ros2/install/velodyne_gazebo_plugins
[19.410s] DEBUG:colcon.colcon_core.event_handler.log_command:Invoking command in '/home/andrewkc/Projects/dl-project/DRL_robot_navigation_ros2/build/velodyne_gazebo_plugins': CMAKE_PREFIX_PATH=/opt/ros/humble CONDA_PROMPT_MODIFIER=(base) /usr/bin/cmake --build /home/andrewkc/Projects/dl-project/DRL_robot_navigation_ros2/build/velodyne_gazebo_plugins -- -j12 -l12
[53.567s] DEBUG:colcon.colcon_core.event_handler.log_command:Invoked command in '/home/andrewkc/Projects/dl-project/DRL_robot_navigation_ros2/build/velodyne_gazebo_plugins' returned '0': CMAKE_PREFIX_PATH=/opt/ros/humble CONDA_PROMPT_MODIFIER=(base) /usr/bin/cmake --build /home/andrewkc/Projects/dl-project/DRL_robot_navigation_ros2/build/velodyne_gazebo_plugins -- -j12 -l12
[53.570s] DEBUG:colcon.colcon_core.event_handler.log_command:Invoking command in '/home/andrewkc/Projects/dl-project/DRL_robot_navigation_ros2/build/velodyne_gazebo_plugins': CMAKE_PREFIX_PATH=/opt/ros/humble CONDA_PROMPT_MODIFIER=(base) /usr/bin/cmake --install /home/andrewkc/Projects/dl-project/DRL_robot_navigation_ros2/build/velodyne_gazebo_plugins
[53.680s] Level 1:colcon.colcon_core.environment:create_environment_scripts_only(velodyne_gazebo_plugins)
[53.681s] Level 1:colcon.colcon_core.environment:checking '/home/andrewkc/Projects/dl-project/DRL_robot_navigation_ros2/install/velodyne_gazebo_plugins' for CMake module files
[53.682s] DEBUG:colcon.colcon_core.event_handler.log_command:Invoked command in '/home/andrewkc/Projects/dl-project/DRL_robot_navigation_ros2/build/velodyne_gazebo_plugins' returned '0': CMAKE_PREFIX_PATH=/opt/ros/humble CONDA_PROMPT_MODIFIER=(base) /usr/bin/cmake --install /home/andrewkc/Projects/dl-project/DRL_robot_navigation_ros2/build/velodyne_gazebo_plugins
[53.683s] Level 1:colcon.colcon_core.environment:checking '/home/andrewkc/Projects/dl-project/DRL_robot_navigation_ros2/install/velodyne_gazebo_plugins' for CMake config files
[53.683s] Level 1:colcon.colcon_core.shell:create_environment_hook('velodyne_gazebo_plugins', 'cmake_prefix_path')
[53.684s] INFO:colcon.colcon_core.shell:Creating environment hook '/home/andrewkc/Projects/dl-project/DRL_robot_navigation_ros2/install/velodyne_gazebo_plugins/share/velodyne_gazebo_plugins/hook/cmake_prefix_path.ps1'
[53.685s] INFO:colcon.colcon_core.shell:Creating environment descriptor '/home/andrewkc/Projects/dl-project/DRL_robot_navigation_ros2/install/velodyne_gazebo_plugins/share/velodyne_gazebo_plugins/hook/cmake_prefix_path.dsv'
[53.685s] INFO:colcon.colcon_core.shell:Creating environment hook '/home/andrewkc/Projects/dl-project/DRL_robot_navigation_ros2/install/velodyne_gazebo_plugins/share/velodyne_gazebo_plugins/hook/cmake_prefix_path.sh'
[53.686s] Level 1:colcon.colcon_core.environment:checking '/home/andrewkc/Projects/dl-project/DRL_robot_navigation_ros2/install/velodyne_gazebo_plugins/lib'
[53.687s] Level 1:colcon.colcon_core.shell:create_environment_hook('velodyne_gazebo_plugins', 'ld_library_path_lib')
[53.687s] INFO:colcon.colcon_core.shell:Creating environment hook '/home/andrewkc/Projects/dl-project/DRL_robot_navigation_ros2/install/velodyne_gazebo_plugins/share/velodyne_gazebo_plugins/hook/ld_library_path_lib.ps1'
[53.688s] INFO:colcon.colcon_core.shell:Creating environment descriptor '/home/andrewkc/Projects/dl-project/DRL_robot_navigation_ros2/install/velodyne_gazebo_plugins/share/velodyne_gazebo_plugins/hook/ld_library_path_lib.dsv'
[53.689s] INFO:colcon.colcon_core.shell:Creating environment hook '/home/andrewkc/Projects/dl-project/DRL_robot_navigation_ros2/install/velodyne_gazebo_plugins/share/velodyne_gazebo_plugins/hook/ld_library_path_lib.sh'
[53.690s] Level 1:colcon.colcon_core.environment:checking '/home/andrewkc/Projects/dl-project/DRL_robot_navigation_ros2/install/velodyne_gazebo_plugins/bin'
[53.690s] Level 1:colcon.colcon_core.environment:checking '/home/andrewkc/Projects/dl-project/DRL_robot_navigation_ros2/install/velodyne_gazebo_plugins/lib/pkgconfig/velodyne_gazebo_plugins.pc'
[53.690s] Level 1:colcon.colcon_core.environment:checking '/home/andrewkc/Projects/dl-project/DRL_robot_navigation_ros2/install/velodyne_gazebo_plugins/lib/python3.10/site-packages'
[53.691s] Level 1:colcon.colcon_core.environment:checking '/home/andrewkc/Projects/dl-project/DRL_robot_navigation_ros2/install/velodyne_gazebo_plugins/bin'
[53.692s] INFO:colcon.colcon_core.shell:Creating package script '/home/andrewkc/Projects/dl-project/DRL_robot_navigation_ros2/install/velodyne_gazebo_plugins/share/velodyne_gazebo_plugins/package.ps1'
[53.693s] INFO:colcon.colcon_core.shell:Creating package descriptor '/home/andrewkc/Projects/dl-project/DRL_robot_navigation_ros2/install/velodyne_gazebo_plugins/share/velodyne_gazebo_plugins/package.dsv'
[53.694s] INFO:colcon.colcon_core.shell:Creating package script '/home/andrewkc/Projects/dl-project/DRL_robot_navigation_ros2/install/velodyne_gazebo_plugins/share/velodyne_gazebo_plugins/package.sh'
[53.694s] INFO:colcon.colcon_core.shell:Creating package script '/home/andrewkc/Projects/dl-project/DRL_robot_navigation_ros2/install/velodyne_gazebo_plugins/share/velodyne_gazebo_plugins/package.bash'
[53.695s] INFO:colcon.colcon_core.shell:Creating package script '/home/andrewkc/Projects/dl-project/DRL_robot_navigation_ros2/install/velodyne_gazebo_plugins/share/velodyne_gazebo_plugins/package.zsh'
[53.696s] Level 1:colcon.colcon_core.environment:create_file_with_runtime_dependencies(/home/andrewkc/Projects/dl-project/DRL_robot_navigation_ros2/install/velodyne_gazebo_plugins/share/colcon-core/packages/velodyne_gazebo_plugins)
[53.697s] Level 1:colcon.colcon_core.environment:create_environment_scripts_only(velodyne_gazebo_plugins)
[53.697s] Level 1:colcon.colcon_core.environment:checking '/home/andrewkc/Projects/dl-project/DRL_robot_navigation_ros2/install/velodyne_gazebo_plugins' for CMake module files
[53.698s] Level 1:colcon.colcon_core.environment:checking '/home/andrewkc/Projects/dl-project/DRL_robot_navigation_ros2/install/velodyne_gazebo_plugins' for CMake config files
[53.699s] Level 1:colcon.colcon_core.shell:create_environment_hook('velodyne_gazebo_plugins', 'cmake_prefix_path')
[53.700s] INFO:colcon.colcon_core.shell:Creating environment hook '/home/andrewkc/Projects/dl-project/DRL_robot_navigation_ros2/install/velodyne_gazebo_plugins/share/velodyne_gazebo_plugins/hook/cmake_prefix_path.ps1'
[53.701s] INFO:colcon.colcon_core.shell:Creating environment descriptor '/home/andrewkc/Projects/dl-project/DRL_robot_navigation_ros2/install/velodyne_gazebo_plugins/share/velodyne_gazebo_plugins/hook/cmake_prefix_path.dsv'
[53.701s] INFO:colcon.colcon_core.shell:Creating environment hook '/home/andrewkc/Projects/dl-project/DRL_robot_navigation_ros2/install/velodyne_gazebo_plugins/share/velodyne_gazebo_plugins/hook/cmake_prefix_path.sh'
[53.703s] Level 1:colcon.colcon_core.environment:checking '/home/andrewkc/Projects/dl-project/DRL_robot_navigation_ros2/install/velodyne_gazebo_plugins/lib'
[53.703s] Level 1:colcon.colcon_core.shell:create_environment_hook('velodyne_gazebo_plugins', 'ld_library_path_lib')
[53.703s] INFO:colcon.colcon_core.shell:Creating environment hook '/home/andrewkc/Projects/dl-project/DRL_robot_navigation_ros2/install/velodyne_gazebo_plugins/share/velodyne_gazebo_plugins/hook/ld_library_path_lib.ps1'
[53.704s] INFO:colcon.colcon_core.shell:Creating environment descriptor '/home/andrewkc/Projects/dl-project/DRL_robot_navigation_ros2/install/velodyne_gazebo_plugins/share/velodyne_gazebo_plugins/hook/ld_library_path_lib.dsv'
[53.705s] INFO:colcon.colcon_core.shell:Creating environment hook '/home/andrewkc/Projects/dl-project/DRL_robot_navigation_ros2/install/velodyne_gazebo_plugins/share/velodyne_gazebo_plugins/hook/ld_library_path_lib.sh'
[53.706s] Level 1:colcon.colcon_core.environment:checking '/home/andrewkc/Projects/dl-project/DRL_robot_navigation_ros2/install/velodyne_gazebo_plugins/bin'
[53.706s] Level 1:colcon.colcon_core.environment:checking '/home/andrewkc/Projects/dl-project/DRL_robot_navigation_ros2/install/velodyne_gazebo_plugins/lib/pkgconfig/velodyne_gazebo_plugins.pc'
[53.706s] Level 1:colcon.colcon_core.environment:checking '/home/andrewkc/Projects/dl-project/DRL_robot_navigation_ros2/install/velodyne_gazebo_plugins/lib/python3.10/site-packages'
[53.707s] Level 1:colcon.colcon_core.environment:checking '/home/andrewkc/Projects/dl-project/DRL_robot_navigation_ros2/install/velodyne_gazebo_plugins/bin'
[53.707s] INFO:colcon.colcon_core.shell:Creating package script '/home/andrewkc/Projects/dl-project/DRL_robot_navigation_ros2/install/velodyne_gazebo_plugins/share/velodyne_gazebo_plugins/package.ps1'
[53.709s] INFO:colcon.colcon_core.shell:Creating package descriptor '/home/andrewkc/Projects/dl-project/DRL_robot_navigation_ros2/install/velodyne_gazebo_plugins/share/velodyne_gazebo_plugins/package.dsv'
[53.710s] INFO:colcon.colcon_core.shell:Creating package script '/home/andrewkc/Projects/dl-project/DRL_robot_navigation_ros2/install/velodyne_gazebo_plugins/share/velodyne_gazebo_plugins/package.sh'
[53.711s] INFO:colcon.colcon_core.shell:Creating package script '/home/andrewkc/Projects/dl-project/DRL_robot_navigation_ros2/install/velodyne_gazebo_plugins/share/velodyne_gazebo_plugins/package.bash'
[53.713s] INFO:colcon.colcon_core.shell:Creating package script '/home/andrewkc/Projects/dl-project/DRL_robot_navigation_ros2/install/velodyne_gazebo_plugins/share/velodyne_gazebo_plugins/package.zsh'
[53.714s] Level 1:colcon.colcon_core.environment:create_file_with_runtime_dependencies(/home/andrewkc/Projects/dl-project/DRL_robot_navigation_ros2/install/velodyne_gazebo_plugins/share/colcon-core/packages/velodyne_gazebo_plugins)
[53.715s] INFO:colcon.colcon_ros.task.ament_cmake.build:Building ROS package in '/home/andrewkc/Projects/dl-project/DRL_robot_navigation_ros2/src/velodyne_simulator/velodyne_simulator' with build type 'ament_cmake'
[53.715s] INFO:colcon.colcon_cmake.task.cmake.build:Building CMake package in '/home/andrewkc/Projects/dl-project/DRL_robot_navigation_ros2/src/velodyne_simulator/velodyne_simulator'
[53.716s] INFO:colcon.colcon_core.shell:Skip shell extension 'powershell' for command environment: Not usable outside of PowerShell
[53.716s] DEBUG:colcon.colcon_core.shell:Skip shell extension 'dsv' for command environment
[53.741s] DEBUG:colcon.colcon_core.event_handler.log_command:Invoking command in '/home/andrewkc/Projects/dl-project/DRL_robot_navigation_ros2/build/velodyne_simulator': AMENT_PREFIX_PATH=/home/andrewkc/Projects/dl-project/DRL_robot_navigation_ros2/install/velodyne_gazebo_plugins:/home/andrewkc/Projects/dl-project/DRL_robot_navigation_ros2/install/velodyne_description:${AMENT_PREFIX_PATH} CMAKE_PREFIX_PATH=/home/andrewkc/Projects/dl-project/DRL_robot_navigation_ros2/install/velodyne_gazebo_plugins:/home/andrewkc/Projects/dl-project/DRL_robot_navigation_ros2/install/velodyne_description:/opt/ros/humble CONDA_PROMPT_MODIFIER=(base) LD_LIBRARY_PATH=/home/andrewkc/Projects/dl-project/DRL_robot_navigation_ros2/install/velodyne_gazebo_plugins/lib:/usr/lib/x86_64-linux-gnu/gazebo-11/plugins:/opt/ros/humble/opt/rviz_ogre_vendor/lib:/opt/ros/humble/lib/x86_64-linux-gnu:/opt/ros/humble/lib:/usr/local/cuda/lib64 /usr/bin/cmake /home/andrewkc/Projects/dl-project/DRL_robot_navigation_ros2/src/velodyne_simulator/velodyne_simulator -DCMAKE_INSTALL_PREFIX=/home/andrewkc/Projects/dl-project/DRL_robot_navigation_ros2/install/velodyne_simulator
[56.644s] DEBUG:colcon.colcon_core.event_handler.log_command:Invoked command in '/home/andrewkc/Projects/dl-project/DRL_robot_navigation_ros2/build/velodyne_simulator' returned '0': AMENT_PREFIX_PATH=/home/andrewkc/Projects/dl-project/DRL_robot_navigation_ros2/install/velodyne_gazebo_plugins:/home/andrewkc/Projects/dl-project/DRL_robot_navigation_ros2/install/velodyne_description:${AMENT_PREFIX_PATH} CMAKE_PREFIX_PATH=/home/andrewkc/Projects/dl-project/DRL_robot_navigation_ros2/install/velodyne_gazebo_plugins:/home/andrewkc/Projects/dl-project/DRL_robot_navigation_ros2/install/velodyne_description:/opt/ros/humble CONDA_PROMPT_MODIFIER=(base) LD_LIBRARY_PATH=/home/andrewkc/Projects/dl-project/DRL_robot_navigation_ros2/install/velodyne_gazebo_plugins/lib:/usr/lib/x86_64-linux-gnu/gazebo-11/plugins:/opt/ros/humble/opt/rviz_ogre_vendor/lib:/opt/ros/humble/lib/x86_64-linux-gnu:/opt/ros/humble/lib:/usr/local/cuda/lib64 /usr/bin/cmake /home/andrewkc/Projects/dl-project/DRL_robot_navigation_ros2/src/velodyne_simulator/velodyne_simulator -DCMAKE_INSTALL_PREFIX=/home/andrewkc/Projects/dl-project/DRL_robot_navigation_ros2/install/velodyne_simulator
[56.648s] DEBUG:colcon.colcon_core.event_handler.log_command:Invoking command in '/home/andrewkc/Projects/dl-project/DRL_robot_navigation_ros2/build/velodyne_simulator': AMENT_PREFIX_PATH=/home/andrewkc/Projects/dl-project/DRL_robot_navigation_ros2/install/velodyne_gazebo_plugins:/home/andrewkc/Projects/dl-project/DRL_robot_navigation_ros2/install/velodyne_description:${AMENT_PREFIX_PATH} CMAKE_PREFIX_PATH=/home/andrewkc/Projects/dl-project/DRL_robot_navigation_ros2/install/velodyne_gazebo_plugins:/home/andrewkc/Projects/dl-project/DRL_robot_navigation_ros2/install/velodyne_description:/opt/ros/humble CONDA_PROMPT_MODIFIER=(base) LD_LIBRARY_PATH=/home/andrewkc/Projects/dl-project/DRL_robot_navigation_ros2/install/velodyne_gazebo_plugins/lib:/usr/lib/x86_64-linux-gnu/gazebo-11/plugins:/opt/ros/humble/opt/rviz_ogre_vendor/lib:/opt/ros/humble/lib/x86_64-linux-gnu:/opt/ros/humble/lib:/usr/local/cuda/lib64 /usr/bin/cmake --build /home/andrewkc/Projects/dl-project/DRL_robot_navigation_ros2/build/velodyne_simulator -- -j12 -l12
[56.732s] DEBUG:colcon.colcon_core.event_handler.log_command:Invoked command in '/home/andrewkc/Projects/dl-project/DRL_robot_navigation_ros2/build/velodyne_simulator' returned '0': AMENT_PREFIX_PATH=/home/andrewkc/Projects/dl-project/DRL_robot_navigation_ros2/install/velodyne_gazebo_plugins:/home/andrewkc/Projects/dl-project/DRL_robot_navigation_ros2/install/velodyne_description:${AMENT_PREFIX_PATH} CMAKE_PREFIX_PATH=/home/andrewkc/Projects/dl-project/DRL_robot_navigation_ros2/install/velodyne_gazebo_plugins:/home/andrewkc/Projects/dl-project/DRL_robot_navigation_ros2/install/velodyne_description:/opt/ros/humble CONDA_PROMPT_MODIFIER=(base) LD_LIBRARY_PATH=/home/andrewkc/Projects/dl-project/DRL_robot_navigation_ros2/install/velodyne_gazebo_plugins/lib:/usr/lib/x86_64-linux-gnu/gazebo-11/plugins:/opt/ros/humble/opt/rviz_ogre_vendor/lib:/opt/ros/humble/lib/x86_64-linux-gnu:/opt/ros/humble/lib:/usr/local/cuda/lib64 /usr/bin/cmake --build /home/andrewkc/Projects/dl-project/DRL_robot_navigation_ros2/build/velodyne_simulator -- -j12 -l12
[56.734s] DEBUG:colcon.colcon_core.event_handler.log_command:Invoking command in '/home/andrewkc/Projects/dl-project/DRL_robot_navigation_ros2/build/velodyne_simulator': AMENT_PREFIX_PATH=/home/andrewkc/Projects/dl-project/DRL_robot_navigation_ros2/install/velodyne_gazebo_plugins:/home/andrewkc/Projects/dl-project/DRL_robot_navigation_ros2/install/velodyne_description:${AMENT_PREFIX_PATH} CMAKE_PREFIX_PATH=/home/andrewkc/Projects/dl-project/DRL_robot_navigation_ros2/install/velodyne_gazebo_plugins:/home/andrewkc/Projects/dl-project/DRL_robot_navigation_ros2/install/velodyne_description:/opt/ros/humble CONDA_PROMPT_MODIFIER=(base) LD_LIBRARY_PATH=/home/andrewkc/Projects/dl-project/DRL_robot_navigation_ros2/install/velodyne_gazebo_plugins/lib:/usr/lib/x86_64-linux-gnu/gazebo-11/plugins:/opt/ros/humble/opt/rviz_ogre_vendor/lib:/opt/ros/humble/lib/x86_64-linux-gnu:/opt/ros/humble/lib:/usr/local/cuda/lib64 /usr/bin/cmake --install /home/andrewkc/Projects/dl-project/DRL_robot_navigation_ros2/build/velodyne_simulator
[56.755s] Level 1:colcon.colcon_core.environment:create_environment_scripts_only(velodyne_simulator)
[56.755s] DEBUG:colcon.colcon_core.event_handler.log_command:Invoked command in '/home/andrewkc/Projects/dl-project/DRL_robot_navigation_ros2/build/velodyne_simulator' returned '0': AMENT_PREFIX_PATH=/home/andrewkc/Projects/dl-project/DRL_robot_navigation_ros2/install/velodyne_gazebo_plugins:/home/andrewkc/Projects/dl-project/DRL_robot_navigation_ros2/install/velodyne_description:${AMENT_PREFIX_PATH} CMAKE_PREFIX_PATH=/home/andrewkc/Projects/dl-project/DRL_robot_navigation_ros2/install/velodyne_gazebo_plugins:/home/andrewkc/Projects/dl-project/DRL_robot_navigation_ros2/install/velodyne_description:/opt/ros/humble CONDA_PROMPT_MODIFIER=(base) LD_LIBRARY_PATH=/home/andrewkc/Projects/dl-project/DRL_robot_navigation_ros2/install/velodyne_gazebo_plugins/lib:/usr/lib/x86_64-linux-gnu/gazebo-11/plugins:/opt/ros/humble/opt/rviz_ogre_vendor/lib:/opt/ros/humble/lib/x86_64-linux-gnu:/opt/ros/humble/lib:/usr/local/cuda/lib64 /usr/bin/cmake --install /home/andrewkc/Projects/dl-project/DRL_robot_navigation_ros2/build/velodyne_simulator
[56.756s] Level 1:colcon.colcon_core.environment:checking '/home/andrewkc/Projects/dl-project/DRL_robot_navigation_ros2/install/velodyne_simulator' for CMake module files
[56.757s] Level 1:colcon.colcon_core.environment:checking '/home/andrewkc/Projects/dl-project/DRL_robot_navigation_ros2/install/velodyne_simulator' for CMake config files
[56.758s] Level 1:colcon.colcon_core.shell:create_environment_hook('velodyne_simulator', 'cmake_prefix_path')
[56.758s] INFO:colcon.colcon_core.shell:Creating environment hook '/home/andrewkc/Projects/dl-project/DRL_robot_navigation_ros2/install/velodyne_simulator/share/velodyne_simulator/hook/cmake_prefix_path.ps1'
[56.759s] INFO:colcon.colcon_core.shell:Creating environment descriptor '/home/andrewkc/Projects/dl-project/DRL_robot_navigation_ros2/install/velodyne_simulator/share/velodyne_simulator/hook/cmake_prefix_path.dsv'
[56.760s] INFO:colcon.colcon_core.shell:Creating environment hook '/home/andrewkc/Projects/dl-project/DRL_robot_navigation_ros2/install/velodyne_simulator/share/velodyne_simulator/hook/cmake_prefix_path.sh'
[56.761s] Level 1:colcon.colcon_core.environment:checking '/home/andrewkc/Projects/dl-project/DRL_robot_navigation_ros2/install/velodyne_simulator/bin'
[56.761s] Level 1:colcon.colcon_core.environment:checking '/home/andrewkc/Projects/dl-project/DRL_robot_navigation_ros2/install/velodyne_simulator/lib/pkgconfig/velodyne_simulator.pc'
[56.762s] Level 1:colcon.colcon_core.environment:checking '/home/andrewkc/Projects/dl-project/DRL_robot_navigation_ros2/install/velodyne_simulator/lib/python3.10/site-packages'
[56.762s] Level 1:colcon.colcon_core.environment:checking '/home/andrewkc/Projects/dl-project/DRL_robot_navigation_ros2/install/velodyne_simulator/bin'
[56.763s] INFO:colcon.colcon_core.shell:Creating package script '/home/andrewkc/Projects/dl-project/DRL_robot_navigation_ros2/install/velodyne_simulator/share/velodyne_simulator/package.ps1'
[56.764s] INFO:colcon.colcon_core.shell:Creating package descriptor '/home/andrewkc/Projects/dl-project/DRL_robot_navigation_ros2/install/velodyne_simulator/share/velodyne_simulator/package.dsv'
[56.765s] INFO:colcon.colcon_core.shell:Creating package script '/home/andrewkc/Projects/dl-project/DRL_robot_navigation_ros2/install/velodyne_simulator/share/velodyne_simulator/package.sh'
[56.766s] INFO:colcon.colcon_core.shell:Creating package script '/home/andrewkc/Projects/dl-project/DRL_robot_navigation_ros2/install/velodyne_simulator/share/velodyne_simulator/package.bash'
[56.767s] INFO:colcon.colcon_core.shell:Creating package script '/home/andrewkc/Projects/dl-project/DRL_robot_navigation_ros2/install/velodyne_simulator/share/velodyne_simulator/package.zsh'
[56.768s] Level 1:colcon.colcon_core.environment:create_file_with_runtime_dependencies(/home/andrewkc/Projects/dl-project/DRL_robot_navigation_ros2/install/velodyne_simulator/share/colcon-core/packages/velodyne_simulator)
[56.769s] Level 1:colcon.colcon_core.environment:create_environment_scripts_only(velodyne_simulator)
[56.770s] Level 1:colcon.colcon_core.environment:checking '/home/andrewkc/Projects/dl-project/DRL_robot_navigation_ros2/install/velodyne_simulator' for CMake module files
[56.771s] Level 1:colcon.colcon_core.environment:checking '/home/andrewkc/Projects/dl-project/DRL_robot_navigation_ros2/install/velodyne_simulator' for CMake config files
[56.771s] Level 1:colcon.colcon_core.shell:create_environment_hook('velodyne_simulator', 'cmake_prefix_path')
[56.772s] INFO:colcon.colcon_core.shell:Creating environment hook '/home/andrewkc/Projects/dl-project/DRL_robot_navigation_ros2/install/velodyne_simulator/share/velodyne_simulator/hook/cmake_prefix_path.ps1'
[56.773s] INFO:colcon.colcon_core.shell:Creating environment descriptor '/home/andrewkc/Projects/dl-project/DRL_robot_navigation_ros2/install/velodyne_simulator/share/velodyne_simulator/hook/cmake_prefix_path.dsv'
[56.774s] INFO:colcon.colcon_core.shell:Creating environment hook '/home/andrewkc/Projects/dl-project/DRL_robot_navigation_ros2/install/velodyne_simulator/share/velodyne_simulator/hook/cmake_prefix_path.sh'
[56.775s] Level 1:colcon.colcon_core.environment:checking '/home/andrewkc/Projects/dl-project/DRL_robot_navigation_ros2/install/velodyne_simulator/bin'
[56.775s] Level 1:colcon.colcon_core.environment:checking '/home/andrewkc/Projects/dl-project/DRL_robot_navigation_ros2/install/velodyne_simulator/lib/pkgconfig/velodyne_simulator.pc'
[56.776s] Level 1:colcon.colcon_core.environment:checking '/home/andrewkc/Projects/dl-project/DRL_robot_navigation_ros2/install/velodyne_simulator/lib/python3.10/site-packages'
[56.776s] Level 1:colcon.colcon_core.environment:checking '/home/andrewkc/Projects/dl-project/DRL_robot_navigation_ros2/install/velodyne_simulator/bin'
[56.777s] INFO:colcon.colcon_core.shell:Creating package script '/home/andrewkc/Projects/dl-project/DRL_robot_navigation_ros2/install/velodyne_simulator/share/velodyne_simulator/package.ps1'
[56.778s] INFO:colcon.colcon_core.shell:Creating package descriptor '/home/andrewkc/Projects/dl-project/DRL_robot_navigation_ros2/install/velodyne_simulator/share/velodyne_simulator/package.dsv'
[56.779s] INFO:colcon.colcon_core.shell:Creating package script '/home/andrewkc/Projects/dl-project/DRL_robot_navigation_ros2/install/velodyne_simulator/share/velodyne_simulator/package.sh'
[56.780s] INFO:colcon.colcon_core.shell:Creating package script '/home/andrewkc/Projects/dl-project/DRL_robot_navigation_ros2/install/velodyne_simulator/share/velodyne_simulator/package.bash'
[56.780s] INFO:colcon.colcon_core.shell:Creating package script '/home/andrewkc/Projects/dl-project/DRL_robot_navigation_ros2/install/velodyne_simulator/share/velodyne_simulator/package.zsh'
[56.781s] Level 1:colcon.colcon_core.environment:create_file_with_runtime_dependencies(/home/andrewkc/Projects/dl-project/DRL_robot_navigation_ros2/install/velodyne_simulator/share/colcon-core/packages/velodyne_simulator)
[56.782s] DEBUG:colcon.colcon_parallel_executor.executor.parallel:closing loop
[56.782s] DEBUG:colcon.colcon_parallel_executor.executor.parallel:loop closed
[56.782s] DEBUG:colcon.colcon_parallel_executor.executor.parallel:run_until_complete finished with '0'
[56.783s] DEBUG:colcon.colcon_core.event_reactor:joining thread
[57.000s] INFO:colcon.colcon_core.plugin_system:Skipping extension 'colcon_notification.desktop_notification.notify_send': Could not find 'notify-send'
[57.000s] INFO:colcon.colcon_core.plugin_system:Skipping extension 'colcon_notification.desktop_notification.terminal_notifier': Not used on non-Darwin systems
[57.000s] INFO:colcon.colcon_core.plugin_system:Skipping extension 'colcon_notification.desktop_notification.win32': Not used on non-Windows systems
[57.000s] INFO:colcon.colcon_notification.desktop_notification:Sending desktop notification using 'notify2'
[57.017s] DEBUG:colcon.colcon_core.event_reactor:joined thread
[57.018s] INFO:colcon.colcon_core.shell:Creating prefix script '/home/andrewkc/Projects/dl-project/DRL_robot_navigation_ros2/install/local_setup.ps1'
[57.020s] INFO:colcon.colcon_core.shell:Creating prefix util module '/home/andrewkc/Projects/dl-project/DRL_robot_navigation_ros2/install/_local_setup_util_ps1.py'
[57.023s] INFO:colcon.colcon_core.shell:Creating prefix chain script '/home/andrewkc/Projects/dl-project/DRL_robot_navigation_ros2/install/setup.ps1'
[57.047s] INFO:colcon.colcon_core.shell:Creating prefix script '/home/andrewkc/Projects/dl-project/DRL_robot_navigation_ros2/install/local_setup.sh'
[57.068s] INFO:colcon.colcon_core.shell:Creating prefix util module '/home/andrewkc/Projects/dl-project/DRL_robot_navigation_ros2/install/_local_setup_util_sh.py'
[57.069s] INFO:colcon.colcon_core.shell:Creating prefix chain script '/home/andrewkc/Projects/dl-project/DRL_robot_navigation_ros2/install/setup.sh'
[57.093s] INFO:colcon.colcon_core.shell:Creating prefix script '/home/andrewkc/Projects/dl-project/DRL_robot_navigation_ros2/install/local_setup.bash'
[57.121s] INFO:colcon.colcon_core.shell:Creating prefix chain script '/home/andrewkc/Projects/dl-project/DRL_robot_navigation_ros2/install/setup.bash'
[57.141s] INFO:colcon.colcon_core.shell:Creating prefix script '/home/andrewkc/Projects/dl-project/DRL_robot_navigation_ros2/install/local_setup.zsh'
[57.166s] INFO:colcon.colcon_core.shell:Creating prefix chain script '/home/andrewkc/Projects/dl-project/DRL_robot_navigation_ros2/install/setup.zsh'
