[0.000000] (-) TimerEvent: {}
[0.000342] (my_first_pkg) JobQueued: {'identifier': 'my_first_pkg', 'dependencies': OrderedDict()}
[0.000394] (obstacle_avoidance) JobQueued: {'identifier': 'obstacle_avoidance', 'dependencies': OrderedDict()}
[0.000430] (my_first_pkg) JobStarted: {'identifier': 'my_first_pkg'}
[0.007636] (obstacle_avoidance) JobStarted: {'identifier': 'obstacle_avoidance'}
[0.099298] (-) TimerEvent: {}
[0.199614] (-) TimerEvent: {}
[0.299980] (-) TimerEvent: {}
[0.400319] (-) TimerEvent: {}
[0.500712] (-) TimerEvent: {}
[0.601081] (-) TimerEvent: {}
[0.701435] (-) TimerEvent: {}
[0.802079] (-) TimerEvent: {}
[0.902437] (-) TimerEvent: {}
[0.907941] (obstacle_avoidance) Command: {'cmd': ['/usr/bin/python3', '-W', 'ignore:setup.py install is deprecated', '-W', 'ignore:easy_install command is deprecated', 'setup.py', 'develop', '--editable', '--build-directory', '/home/andrewkc/r2_ws/build/obstacle_avoidance/build', '--no-deps', 'symlink_data', '--force'], 'cwd': '/home/andrewkc/r2_ws/build/obstacle_avoidance', 'env': {'GJS_DEBUG_TOPICS': 'JS ERROR;JS LOG', 'CONDA_PROMPT_MODIFIER': '(base)', 'USER': 'andrewkc', 'WARP_HONOR_PS1': '0', 'XDG_SESSION_TYPE': 'x11', 'SHLVL': '1', 'LD_LIBRARY_PATH': '/usr/lib/x86_64-linux-gnu/gazebo-11/plugins:/opt/ros/humble/opt/rviz_ogre_vendor/lib:/opt/ros/humble/lib/x86_64-linux-gnu:/opt/ros/humble/lib:/usr/local/cuda/lib64:', 'HOME': '/home/andrewkc', 'OLDPWD': '/home/andrewkc/r2_ws/install', 'CONDA_SHLVL': '1', 'DESKTOP_SESSION': 'pop', 'TERM_PROGRAM_VERSION': 'v0.2024.11.19.08.02.stable_03', 'GIO_LAUNCHED_DESKTOP_FILE': '/usr/share/applications/dev.warp.Warp.desktop', 'WARP_USE_SSH_WRAPPER': '1', 'GNOME_SHELL_SESSION_MODE': 'pop', 'GTK_MODULES': 'gail:atk-bridge', 'ROS_PYTHON_VERSION': '3', 'MANAGERPID': '3806', 'FNM_ARCH': 'x64', 'DBUS_SESSION_BUS_ADDRESS': 'unix:path=/run/user/1000/bus', 'SYSTEMD_EXEC_PID': '3965', 'COLORTERM': 'truecolor', 'GIO_LAUNCHED_DESKTOP_FILE_PID': '91168', '_CE_M': '', 'CONDA_CHANGEPS1': 'false', 'FNM_LOGLEVEL': 'info', 'FNM_VERSION_FILE_STRATEGY': 'local', 'ROS_DISTRO': 'humble', 'COLCON_PREFIX_PATH': '/home/andrewkc/r2_ws/install', 'GTK_IM_MODULE': 'ibus', 'LOGNAME': 'andrewkc', 'JOURNAL_STREAM': '9:27803', '_': '/usr/bin/colcon', 'FNM_NODE_DIST_MIRROR': 'https://nodejs.org/dist', 'XDG_SESSION_CLASS': 'user', 'ROS_VERSION': '2', 'SSH_SOCKET_DIR': '~/.ssh', 'TERM': 'xterm-256color', 'USERNAME': 'andrewkc', 'GNOME_DESKTOP_SESSION_ID': 'this-is-deprecated', 'WARP_IS_LOCAL_SHELL_SESSION': '1', '_CE_CONDA': '', 'ROS_LOCALHOST_ONLY': '0', 'WINDOWPATH': '2', 'PATH': '/opt/ros/humble/bin:/home/andrewkc/miniconda3/bin:/home/andrewkc/.console-ninja/.bin:/run/user/1000/fnm_multishells/91676_1733255220754/bin:/home/andrewkc/.local/share/fnm:/home/andrewkc/miniconda3/condabin:/home/andrewkc/miniconda3/bin:/home/andrewkc/.local/bin:/usr/local/cuda/bin:/home/andrewkc/.cargo/bin:/home/andrewkc/.local/bin:/usr/local/sbin:/usr/local/bin:/usr/sbin:/usr/bin:/sbin:/bin:/usr/games:/usr/local/games:/snap/bin:/snap/bin:/usr/local/bin', 'INVOCATION_ID': 'a09862d932f8420699e0cbd51fe7d504', 'SESSION_MANAGER': 'local/pop-os:@/tmp/.ICE-unix/3942,unix/pop-os:/tmp/.ICE-unix/3942', 'XDG_MENU_PREFIX': 'gnome-', 'XDG_RUNTIME_DIR': '/run/user/1000', 'DISPLAY': ':1', 'LANG': 'en_US.UTF-8', 'XDG_CURRENT_DESKTOP': 'pop:GNOME', 'TERM_PROGRAM': 'WarpTerminal', 'XAUTHORITY': '/run/user/1000/gdm/Xauthority', 'XDG_SESSION_DESKTOP': 'pop', 'XMODIFIERS': '@im=ibus', 'FNM_DIR': '/home/andrewkc/.local/share/fnm', 'SSH_AGENT_LAUNCHER': 'gnome-keyring', 'SSH_AUTH_SOCK': '/run/user/1000/keyring/ssh', 'CONDA_PYTHON_EXE': '/home/andrewkc/miniconda3/bin/python', 'FNM_RESOLVE_ENGINES': 'false', 'XML_CATALOG_FILES': 'file:///home/andrewkc/miniconda3/etc/xml/catalog file:///etc/xml/catalog', 'ROS_DOMAIN_ID': '30', 'AMENT_PREFIX_PATH': '/home/andrewkc/r2_ws/install/obstacle_avoidance:/home/andrewkc/r2_ws/install/my_first_pkg:/opt/ros/humble', 'SHELL': '/usr/bin/zsh', 'GDMSESSION': 'pop', 'QT_ACCESSIBILITY': '1', 'CONDA_DEFAULT_ENV': 'base', 'GJS_DEBUG_OUTPUT': 'stderr', 'GPG_AGENT_INFO': '/run/user/1000/gnupg/S.gpg-agent:0:1', 'QT_IM_MODULE': 'ibus', 'LC_ALL': 'en_US.UTF-8', 'PWD': '/home/andrewkc/r2_ws/build/obstacle_avoidance', 'FNM_MULTISHELL_PATH': '/run/user/1000/fnm_multishells/91676_1733255220754', 'TURTLEBOT3_MODEL': 'burger', 'XDG_CONFIG_DIRS': '/etc/xdg/xdg-pop:/etc/xdg', 'XDG_DATA_DIRS': '/usr/share/pop:/usr/share/gnome:/home/andrewkc/.local/share/flatpak/exports/share:/var/lib/flatpak/exports/share:/usr/local/share/:/usr/share/:/var/lib/snapd/desktop', 'CONDA_EXE': '/home/andrewkc/miniconda3/bin/conda', 'PYTHONPATH': '/home/andrewkc/r2_ws/build/obstacle_avoidance/prefix_override:/usr/lib/python3/dist-packages/colcon_core/task/python/colcon_distutils_commands:/home/andrewkc/r2_ws/install/obstacle_avoidance/lib/python3.10/site-packages:/home/andrewkc/r2_ws/install/obstacle_avoidance/lib/python3.10/site-packages:/home/andrewkc/r2_ws/install/my_first_pkg/lib/python3.10/site-packages:/opt/ros/humble/lib/python3.10/site-packages:/opt/ros/humble/local/lib/python3.10/dist-packages', 'FNM_COREPACK_ENABLED': 'false', 'CONDA_PREFIX': '/home/andrewkc/miniconda3', 'COLCON': '1'}, 'shell': False}
[0.941854] (my_first_pkg) Command: {'cmd': ['/usr/bin/python3', '-W', 'ignore:setup.py install is deprecated', '-W', 'ignore:easy_install command is deprecated', 'setup.py', 'develop', '--editable', '--build-directory', '/home/andrewkc/r2_ws/build/my_first_pkg/build', '--no-deps', 'symlink_data', '--force'], 'cwd': '/home/andrewkc/r2_ws/build/my_first_pkg', 'env': {'GJS_DEBUG_TOPICS': 'JS ERROR;JS LOG', 'CONDA_PROMPT_MODIFIER': '(base)', 'USER': 'andrewkc', 'WARP_HONOR_PS1': '0', 'XDG_SESSION_TYPE': 'x11', 'SHLVL': '1', 'LD_LIBRARY_PATH': '/usr/lib/x86_64-linux-gnu/gazebo-11/plugins:/opt/ros/humble/opt/rviz_ogre_vendor/lib:/opt/ros/humble/lib/x86_64-linux-gnu:/opt/ros/humble/lib:/usr/local/cuda/lib64:', 'HOME': '/home/andrewkc', 'OLDPWD': '/home/andrewkc/r2_ws/install', 'CONDA_SHLVL': '1', 'DESKTOP_SESSION': 'pop', 'TERM_PROGRAM_VERSION': 'v0.2024.11.19.08.02.stable_03', 'GIO_LAUNCHED_DESKTOP_FILE': '/usr/share/applications/dev.warp.Warp.desktop', 'WARP_USE_SSH_WRAPPER': '1', 'GNOME_SHELL_SESSION_MODE': 'pop', 'GTK_MODULES': 'gail:atk-bridge', 'ROS_PYTHON_VERSION': '3', 'MANAGERPID': '3806', 'FNM_ARCH': 'x64', 'DBUS_SESSION_BUS_ADDRESS': 'unix:path=/run/user/1000/bus', 'SYSTEMD_EXEC_PID': '3965', 'COLORTERM': 'truecolor', 'GIO_LAUNCHED_DESKTOP_FILE_PID': '91168', '_CE_M': '', 'CONDA_CHANGEPS1': 'false', 'FNM_LOGLEVEL': 'info', 'FNM_VERSION_FILE_STRATEGY': 'local', 'ROS_DISTRO': 'humble', 'COLCON_PREFIX_PATH': '/home/andrewkc/r2_ws/install', 'GTK_IM_MODULE': 'ibus', 'LOGNAME': 'andrewkc', 'JOURNAL_STREAM': '9:27803', '_': '/usr/bin/colcon', 'FNM_NODE_DIST_MIRROR': 'https://nodejs.org/dist', 'XDG_SESSION_CLASS': 'user', 'ROS_VERSION': '2', 'SSH_SOCKET_DIR': '~/.ssh', 'TERM': 'xterm-256color', 'USERNAME': 'andrewkc', 'GNOME_DESKTOP_SESSION_ID': 'this-is-deprecated', 'WARP_IS_LOCAL_SHELL_SESSION': '1', '_CE_CONDA': '', 'ROS_LOCALHOST_ONLY': '0', 'WINDOWPATH': '2', 'PATH': '/opt/ros/humble/bin:/home/andrewkc/miniconda3/bin:/home/andrewkc/.console-ninja/.bin:/run/user/1000/fnm_multishells/91676_1733255220754/bin:/home/andrewkc/.local/share/fnm:/home/andrewkc/miniconda3/condabin:/home/andrewkc/miniconda3/bin:/home/andrewkc/.local/bin:/usr/local/cuda/bin:/home/andrewkc/.cargo/bin:/home/andrewkc/.local/bin:/usr/local/sbin:/usr/local/bin:/usr/sbin:/usr/bin:/sbin:/bin:/usr/games:/usr/local/games:/snap/bin:/snap/bin:/usr/local/bin', 'INVOCATION_ID': 'a09862d932f8420699e0cbd51fe7d504', 'SESSION_MANAGER': 'local/pop-os:@/tmp/.ICE-unix/3942,unix/pop-os:/tmp/.ICE-unix/3942', 'XDG_MENU_PREFIX': 'gnome-', 'XDG_RUNTIME_DIR': '/run/user/1000', 'DISPLAY': ':1', 'LANG': 'en_US.UTF-8', 'XDG_CURRENT_DESKTOP': 'pop:GNOME', 'TERM_PROGRAM': 'WarpTerminal', 'XAUTHORITY': '/run/user/1000/gdm/Xauthority', 'XDG_SESSION_DESKTOP': 'pop', 'XMODIFIERS': '@im=ibus', 'FNM_DIR': '/home/andrewkc/.local/share/fnm', 'SSH_AGENT_LAUNCHER': 'gnome-keyring', 'SSH_AUTH_SOCK': '/run/user/1000/keyring/ssh', 'CONDA_PYTHON_EXE': '/home/andrewkc/miniconda3/bin/python', 'FNM_RESOLVE_ENGINES': 'false', 'XML_CATALOG_FILES': 'file:///home/andrewkc/miniconda3/etc/xml/catalog file:///etc/xml/catalog', 'ROS_DOMAIN_ID': '30', 'AMENT_PREFIX_PATH': '/home/andrewkc/r2_ws/install/obstacle_avoidance:/home/andrewkc/r2_ws/install/my_first_pkg:/opt/ros/humble', 'SHELL': '/usr/bin/zsh', 'GDMSESSION': 'pop', 'QT_ACCESSIBILITY': '1', 'CONDA_DEFAULT_ENV': 'base', 'GJS_DEBUG_OUTPUT': 'stderr', 'GPG_AGENT_INFO': '/run/user/1000/gnupg/S.gpg-agent:0:1', 'QT_IM_MODULE': 'ibus', 'LC_ALL': 'en_US.UTF-8', 'PWD': '/home/andrewkc/r2_ws/build/my_first_pkg', 'FNM_MULTISHELL_PATH': '/run/user/1000/fnm_multishells/91676_1733255220754', 'TURTLEBOT3_MODEL': 'burger', 'XDG_CONFIG_DIRS': '/etc/xdg/xdg-pop:/etc/xdg', 'XDG_DATA_DIRS': '/usr/share/pop:/usr/share/gnome:/home/andrewkc/.local/share/flatpak/exports/share:/var/lib/flatpak/exports/share:/usr/local/share/:/usr/share/:/var/lib/snapd/desktop', 'CONDA_EXE': '/home/andrewkc/miniconda3/bin/conda', 'PYTHONPATH': '/home/andrewkc/r2_ws/build/my_first_pkg/prefix_override:/usr/lib/python3/dist-packages/colcon_core/task/python/colcon_distutils_commands:/home/andrewkc/r2_ws/install/my_first_pkg/lib/python3.10/site-packages:/home/andrewkc/r2_ws/install/obstacle_avoidance/lib/python3.10/site-packages:/home/andrewkc/r2_ws/install/my_first_pkg/lib/python3.10/site-packages:/opt/ros/humble/lib/python3.10/site-packages:/opt/ros/humble/local/lib/python3.10/dist-packages', 'FNM_COREPACK_ENABLED': 'false', 'CONDA_PREFIX': '/home/andrewkc/miniconda3', 'COLCON': '1'}, 'shell': False}
[1.002580] (-) TimerEvent: {}
[1.103087] (-) TimerEvent: {}
[1.195409] (obstacle_avoidance) StdoutLine: {'line': b'running develop\n'}
[1.203219] (-) TimerEvent: {}
[1.246989] (my_first_pkg) StdoutLine: {'line': b'running develop\n'}
[1.303543] (-) TimerEvent: {}
[1.383682] (obstacle_avoidance) StdoutLine: {'line': b'running egg_info\n'}
[1.396996] (obstacle_avoidance) StdoutLine: {'line': b'writing obstacle_avoidance.egg-info/PKG-INFO\n'}
[1.397473] (obstacle_avoidance) StdoutLine: {'line': b'writing dependency_links to obstacle_avoidance.egg-info/dependency_links.txt\n'}
[1.397726] (obstacle_avoidance) StdoutLine: {'line': b'writing entry points to obstacle_avoidance.egg-info/entry_points.txt\n'}
[1.397963] (obstacle_avoidance) StdoutLine: {'line': b'writing requirements to obstacle_avoidance.egg-info/requires.txt\n'}
[1.398128] (obstacle_avoidance) StdoutLine: {'line': b'writing top-level names to obstacle_avoidance.egg-info/top_level.txt\n'}
[1.403653] (-) TimerEvent: {}
[1.426274] (obstacle_avoidance) StdoutLine: {'line': b"reading manifest file 'obstacle_avoidance.egg-info/SOURCES.txt'\n"}
[1.427316] (obstacle_avoidance) StdoutLine: {'line': b"writing manifest file 'obstacle_avoidance.egg-info/SOURCES.txt'\n"}
[1.442077] (obstacle_avoidance) StdoutLine: {'line': b'running build_ext\n'}
[1.442292] (obstacle_avoidance) StdoutLine: {'line': b'Creating /home/andrewkc/r2_ws/install/obstacle_avoidance/lib/python3.10/site-packages/obstacle-avoidance.egg-link (link to .)\n'}
[1.442791] (obstacle_avoidance) StdoutLine: {'line': b'Installing obstacle_avoidance script to /home/andrewkc/r2_ws/install/obstacle_avoidance/lib/obstacle_avoidance\n'}
[1.443042] (obstacle_avoidance) StdoutLine: {'line': b'\n'}
[1.443169] (obstacle_avoidance) StdoutLine: {'line': b'Installed /home/andrewkc/r2_ws/build/obstacle_avoidance\n'}
[1.443283] (obstacle_avoidance) StdoutLine: {'line': b'running symlink_data\n'}
[1.443448] (obstacle_avoidance) StdoutLine: {'line': b'symbolically linking /home/andrewkc/r2_ws/build/obstacle_avoidance/resource/obstacle_avoidance -> /home/andrewkc/r2_ws/install/obstacle_avoidance/share/ament_index/resource_index/packages\n'}
[1.443594] (obstacle_avoidance) StdoutLine: {'line': b'symbolically linking /home/andrewkc/r2_ws/build/obstacle_avoidance/package.xml -> /home/andrewkc/r2_ws/install/obstacle_avoidance/share/obstacle_avoidance\n'}
[1.446933] (my_first_pkg) StdoutLine: {'line': b'running egg_info\n'}
[1.461051] (my_first_pkg) StdoutLine: {'line': b'writing my_first_pkg.egg-info/PKG-INFO\n'}
[1.461553] (my_first_pkg) StdoutLine: {'line': b'writing dependency_links to my_first_pkg.egg-info/dependency_links.txt\n'}
[1.461790] (my_first_pkg) StdoutLine: {'line': b'writing entry points to my_first_pkg.egg-info/entry_points.txt\n'}
[1.462029] (my_first_pkg) StdoutLine: {'line': b'writing requirements to my_first_pkg.egg-info/requires.txt\n'}
[1.462193] (my_first_pkg) StdoutLine: {'line': b'writing top-level names to my_first_pkg.egg-info/top_level.txt\n'}
[1.479252] (obstacle_avoidance) CommandEnded: {'returncode': 0}
[1.492402] (my_first_pkg) StdoutLine: {'line': b"reading manifest file 'my_first_pkg.egg-info/SOURCES.txt'\n"}
[1.493617] (my_first_pkg) StdoutLine: {'line': b"writing manifest file 'my_first_pkg.egg-info/SOURCES.txt'\n"}
[1.503746] (obstacle_avoidance) JobEnded: {'identifier': 'obstacle_avoidance', 'rc': 0}
[1.504305] (-) TimerEvent: {}
[1.509449] (my_first_pkg) StdoutLine: {'line': b'running build_ext\n'}
[1.509657] (my_first_pkg) StdoutLine: {'line': b'Creating /home/andrewkc/r2_ws/install/my_first_pkg/lib/python3.10/site-packages/my-first-pkg.egg-link (link to .)\n'}
[1.510204] (my_first_pkg) StdoutLine: {'line': b'Installing minimal_publisher script to /home/andrewkc/r2_ws/install/my_first_pkg/lib/my_first_pkg\n'}
[1.510551] (my_first_pkg) StdoutLine: {'line': b'\n'}
[1.510716] (my_first_pkg) StdoutLine: {'line': b'Installed /home/andrewkc/r2_ws/build/my_first_pkg\n'}
[1.510847] (my_first_pkg) StdoutLine: {'line': b'running symlink_data\n'}
[1.511126] (my_first_pkg) StdoutLine: {'line': b'symbolically linking /home/andrewkc/r2_ws/build/my_first_pkg/resource/my_first_pkg -> /home/andrewkc/r2_ws/install/my_first_pkg/share/ament_index/resource_index/packages\n'}
[1.511286] (my_first_pkg) StdoutLine: {'line': b'symbolically linking /home/andrewkc/r2_ws/build/my_first_pkg/package.xml -> /home/andrewkc/r2_ws/install/my_first_pkg/share/my_first_pkg\n'}
[1.550341] (my_first_pkg) CommandEnded: {'returncode': 0}
[1.565450] (my_first_pkg) JobEnded: {'identifier': 'my_first_pkg', 'rc': 0}
[1.566641] (-) EventReactorShutdown: {}
