[0.918s] Invoking command in '/home/andrewkc/r2_ws/src/obstacle_avoidance': CONDA_PROMPT_MODIFIER=(base) PYTHONPATH=/home/andrewkc/r2_ws/build/obstacle_avoidance/prefix_override:/usr/lib/python3/dist-packages/colcon_core/task/python/colcon_distutils_commands:/home/andrewkc/r2_ws/install/obstacle_avoidance/lib/python3.10/site-packages:${PYTHONPATH} /usr/bin/python3 -W ignore:setup.py install is deprecated -W ignore:easy_install command is deprecated setup.py egg_info --egg-base ../../build/obstacle_avoidance build --build-base /home/andrewkc/r2_ws/build/obstacle_avoidance/build install --record /home/andrewkc/r2_ws/build/obstacle_avoidance/install.log --single-version-externally-managed install_data
[1.053s] /home/andrewkc/.local/lib/python3.10/site-packages/setuptools/_distutils/dist.py:261: UserWarning: Unknown distribution option: 'tests_require'
[1.053s]   warnings.warn(msg)
[1.167s] running egg_info
[1.182s] writing ../../build/obstacle_avoidance/obstacle_avoidance.egg-info/PKG-INFO
[1.182s] writing dependency_links to ../../build/obstacle_avoidance/obstacle_avoidance.egg-info/dependency_links.txt
[1.186s] writing entry points to ../../build/obstacle_avoidance/obstacle_avoidance.egg-info/entry_points.txt
[1.187s] writing requirements to ../../build/obstacle_avoidance/obstacle_avoidance.egg-info/requires.txt
[1.187s] writing top-level names to ../../build/obstacle_avoidance/obstacle_avoidance.egg-info/top_level.txt
[1.218s] reading manifest file '../../build/obstacle_avoidance/obstacle_avoidance.egg-info/SOURCES.txt'
[1.219s] writing manifest file '../../build/obstacle_avoidance/obstacle_avoidance.egg-info/SOURCES.txt'
[1.219s] running build
[1.219s] running build_py
[1.219s] copying obstacle_avoidance/obstacle_avoidance.py -> /home/andrewkc/r2_ws/build/obstacle_avoidance/build/lib/obstacle_avoidance
[1.220s] copying obstacle_avoidance/__init__.py -> /home/andrewkc/r2_ws/build/obstacle_avoidance/build/lib/obstacle_avoidance
[1.221s] running install
[1.224s] running install_lib
[1.239s] running install_data
[1.239s] copying resource/obstacle_avoidance -> /home/andrewkc/r2_ws/install/obstacle_avoidance/share/ament_index/resource_index/packages
[1.239s] copying package.xml -> /home/andrewkc/r2_ws/install/obstacle_avoidance/share/obstacle_avoidance
[1.239s] running install_egg_info
[1.255s] removing '/home/andrewkc/r2_ws/install/obstacle_avoidance/lib/python3.10/site-packages/obstacle_avoidance-0.0.0-py3.10.egg-info' (and everything under it)
[1.255s] Copying ../../build/obstacle_avoidance/obstacle_avoidance.egg-info to /home/andrewkc/r2_ws/install/obstacle_avoidance/lib/python3.10/site-packages/obstacle_avoidance-0.0.0-py3.10.egg-info
[1.256s] running install_scripts
[1.378s] Installing obstacle_avoidance script to /home/andrewkc/r2_ws/install/obstacle_avoidance/lib/obstacle_avoidance
[1.378s] writing list of installed files to '/home/andrewkc/r2_ws/build/obstacle_avoidance/install.log'
[1.411s] Invoked command in '/home/andrewkc/r2_ws/src/obstacle_avoidance' returned '0': CONDA_PROMPT_MODIFIER=(base) PYTHONPATH=/home/andrewkc/r2_ws/build/obstacle_avoidance/prefix_override:/usr/lib/python3/dist-packages/colcon_core/task/python/colcon_distutils_commands:/home/andrewkc/r2_ws/install/obstacle_avoidance/lib/python3.10/site-packages:${PYTHONPATH} /usr/bin/python3 -W ignore:setup.py install is deprecated -W ignore:easy_install command is deprecated setup.py egg_info --egg-base ../../build/obstacle_avoidance build --build-base /home/andrewkc/r2_ws/build/obstacle_avoidance/build install --record /home/andrewkc/r2_ws/build/obstacle_avoidance/install.log --single-version-externally-managed install_data
