[1.475s] Invoking command in '/home/andrewkc/r2_ws/src/my_first_pkg': CONDA_PROMPT_MODIFIER=(base) PYTHONPATH=/home/andrewkc/r2_ws/src/build/my_first_pkg/prefix_override:/usr/lib/python3/dist-packages/colcon_core/task/python/colcon_distutils_commands:/home/andrewkc/r2_ws/src/install/my_first_pkg/lib/python3.10/site-packages:${PYTHONPATH} /usr/bin/python3 -W ignore:setup.py install is deprecated -W ignore:easy_install command is deprecated setup.py egg_info --egg-base ../build/my_first_pkg build --build-base /home/andrewkc/r2_ws/src/build/my_first_pkg/build install --record /home/andrewkc/r2_ws/src/build/my_first_pkg/install.log --single-version-externally-managed install_data
[1.689s] /home/andrewkc/.local/lib/python3.10/site-packages/setuptools/_distutils/dist.py:261: UserWarning: Unknown distribution option: 'tests_require'
[1.689s]   warnings.warn(msg)
[1.841s] running egg_info
[1.841s] creating ../build/my_first_pkg/my_first_pkg.egg-info
[1.865s] writing ../build/my_first_pkg/my_first_pkg.egg-info/PKG-INFO
[1.866s] writing dependency_links to ../build/my_first_pkg/my_first_pkg.egg-info/dependency_links.txt
[1.866s] writing entry points to ../build/my_first_pkg/my_first_pkg.egg-info/entry_points.txt
[1.867s] writing requirements to ../build/my_first_pkg/my_first_pkg.egg-info/requires.txt
[1.867s] writing top-level names to ../build/my_first_pkg/my_first_pkg.egg-info/top_level.txt
[1.867s] writing manifest file '../build/my_first_pkg/my_first_pkg.egg-info/SOURCES.txt'
[1.918s] reading manifest file '../build/my_first_pkg/my_first_pkg.egg-info/SOURCES.txt'
[1.920s] writing manifest file '../build/my_first_pkg/my_first_pkg.egg-info/SOURCES.txt'
[1.920s] running build
[1.920s] running build_py
[1.920s] creating /home/andrewkc/r2_ws/src/build/my_first_pkg/build
[1.920s] creating /home/andrewkc/r2_ws/src/build/my_first_pkg/build/lib
[1.920s] creating /home/andrewkc/r2_ws/src/build/my_first_pkg/build/lib/my_first_pkg
[1.921s] copying my_first_pkg/minimal_publisher.py -> /home/andrewkc/r2_ws/src/build/my_first_pkg/build/lib/my_first_pkg
[1.921s] copying my_first_pkg/__init__.py -> /home/andrewkc/r2_ws/src/build/my_first_pkg/build/lib/my_first_pkg
[1.921s] running install
[1.928s] running install_lib
[1.952s] creating /home/andrewkc/r2_ws/src/install/my_first_pkg/lib/python3.10/site-packages/my_first_pkg
[1.953s] copying /home/andrewkc/r2_ws/src/build/my_first_pkg/build/lib/my_first_pkg/minimal_publisher.py -> /home/andrewkc/r2_ws/src/install/my_first_pkg/lib/python3.10/site-packages/my_first_pkg
[1.953s] copying /home/andrewkc/r2_ws/src/build/my_first_pkg/build/lib/my_first_pkg/__init__.py -> /home/andrewkc/r2_ws/src/install/my_first_pkg/lib/python3.10/site-packages/my_first_pkg
[1.953s] byte-compiling /home/andrewkc/r2_ws/src/install/my_first_pkg/lib/python3.10/site-packages/my_first_pkg/minimal_publisher.py to minimal_publisher.cpython-310.pyc
[1.954s] byte-compiling /home/andrewkc/r2_ws/src/install/my_first_pkg/lib/python3.10/site-packages/my_first_pkg/__init__.py to __init__.cpython-310.pyc
[1.954s] running install_data
[1.955s] creating /home/andrewkc/r2_ws/src/install/my_first_pkg/share/ament_index
[1.955s] creating /home/andrewkc/r2_ws/src/install/my_first_pkg/share/ament_index/resource_index
[1.955s] creating /home/andrewkc/r2_ws/src/install/my_first_pkg/share/ament_index/resource_index/packages
[1.955s] copying resource/my_first_pkg -> /home/andrewkc/r2_ws/src/install/my_first_pkg/share/ament_index/resource_index/packages
[1.956s] copying package.xml -> /home/andrewkc/r2_ws/src/install/my_first_pkg/share/my_first_pkg
[1.956s] running install_egg_info
[1.981s] Copying ../build/my_first_pkg/my_first_pkg.egg-info to /home/andrewkc/r2_ws/src/install/my_first_pkg/lib/python3.10/site-packages/my_first_pkg-0.0.0-py3.10.egg-info
[1.983s] running install_scripts
[2.175s] Installing minimal_publisher script to /home/andrewkc/r2_ws/src/install/my_first_pkg/lib/my_first_pkg
[2.175s] writing list of installed files to '/home/andrewkc/r2_ws/src/build/my_first_pkg/install.log'
[2.215s] Invoked command in '/home/andrewkc/r2_ws/src/my_first_pkg' returned '0': CONDA_PROMPT_MODIFIER=(base) PYTHONPATH=/home/andrewkc/r2_ws/src/build/my_first_pkg/prefix_override:/usr/lib/python3/dist-packages/colcon_core/task/python/colcon_distutils_commands:/home/andrewkc/r2_ws/src/install/my_first_pkg/lib/python3.10/site-packages:${PYTHONPATH} /usr/bin/python3 -W ignore:setup.py install is deprecated -W ignore:easy_install command is deprecated setup.py egg_info --egg-base ../build/my_first_pkg build --build-base /home/andrewkc/r2_ws/src/build/my_first_pkg/build install --record /home/andrewkc/r2_ws/src/build/my_first_pkg/install.log --single-version-externally-managed install_data
